Warning[205] C:\USERS\BFTC\DESKTOP\TRABALHOLISTAN3\REACTDATA.INC 73 : Found directive in column 1. (CBLOCK)
Warning[205] C:\USERS\BFTC\DESKTOP\TRABALHOLISTAN3\REACTDATA.INC 93 : Found directive in column 1. (ENDC)
Warning[205] C:\USERS\BFTC\DESKTOP\TRABALHOLISTAN3\REACTMACR.INC 58 : Found directive in column 1. (ENDM)
Warning[205] C:\USERS\BFTC\DESKTOP\TRABALHOLISTAN3\REACTMACR.INC 71 : Found directive in column 1. (ENDM)
Warning[205] C:\USERS\BFTC\DESKTOP\TRABALHOLISTAN3\REACTMACR.INC 84 : Found directive in column 1. (ENDM)
Warning[205] C:\USERS\BFTC\DESKTOP\TRABALHOLISTAN3\REACTMACR.INC 94 : Found directive in column 1. (ENDM)
Warning[205] C:\USERS\BFTC\DESKTOP\TRABALHOLISTAN3\REACTMACR.INC 104 : Found directive in column 1. (ENDM)
Warning[205] C:\USERS\BFTC\DESKTOP\TRABALHOLISTAN3\REACTMACR.INC 115 : Found directive in column 1. (ENDM)
Warning[205] C:\USERS\BFTC\DESKTOP\TRABALHOLISTAN3\REACTMACR.INC 126 : Found directive in column 1. (ENDM)
Warning[205] C:\USERS\BFTC\DESKTOP\TRABALHOLISTAN3\REACTMACR.INC 137 : Found directive in column 1. (ENDM)
Warning[205] C:\USERS\BFTC\DESKTOP\TRABALHOLISTAN3\REACTMACR.INC 148 : Found directive in column 1. (ENDM)
Warning[205] C:\USERS\BFTC\DESKTOP\TRABALHOLISTAN3\REACTMACR.INC 159 : Found directive in column 1. (ENDM)
Warning[205] C:\USERS\BFTC\DESKTOP\TRABALHOLISTAN3\REACTMACR.INC 170 : Found directive in column 1. (ENDM)
Warning[205] C:\USERS\BFTC\DESKTOP\TRABALHOLISTAN3\REACTMACR.INC 184 : Found directive in column 1. (ENDM)
Warning[205] C:\USERS\BFTC\DESKTOP\TRABALHOLISTAN3\REACTMACR.INC 487 : Found directive in column 1. (ENDM)
Warning[205] C:\USERS\BFTC\DESKTOP\TRABALHOLISTAN3\REACTCONF.INC 33 : Found directive in column 1. (LIST)
Warning[205] C:\USERS\BFTC\DESKTOP\TRABALHOLISTAN3\REACTCONF.INC 37 : Found directive in column 1. (__config)
Warning[205] C:\USERS\BFTC\DESKTOP\TRABALHOLISTAN3\REACTCONF.INC 43 : Found directive in column 1. (ORG)
Warning[205] C:\USERS\BFTC\DESKTOP\TRABALHOLISTAN3\REACTCONF.INC 46 : Found directive in column 1. (ORG)
Warning[203] C:\USERS\BFTC\DESKTOP\TRABALHOLISTAN3\REACTCONF.INC 48 : Found opcode in column 1. (retfie)
Message[302] C:\USERS\BFTC\DESKTOP\TRABALHOLISTAN3\REACTCONF.INC 57 : Register in operand not in bank 0.  Ensure that bank bits are correct.
Message[302] C:\USERS\BFTC\DESKTOP\TRABALHOLISTAN3\REACTCONF.INC 58 : Register in operand not in bank 0.  Ensure that bank bits are correct.
Message[302] C:\USERS\BFTC\DESKTOP\TRABALHOLISTAN3\REACTCONF.INC 59 : Register in operand not in bank 0.  Ensure that bank bits are correct.
Message[302] C:\USERS\BFTC\DESKTOP\TRABALHOLISTAN3\REACTCONF.INC 61 : Register in operand not in bank 0.  Ensure that bank bits are correct.
Warning[203] C:\USERS\BFTC\DESKTOP\TRABALHOLISTAN3\REACTINTR.INC 169 : Found opcode in column 1. (return)
Message[305] C:\USERS\BFTC\DESKTOP\TRABALHOLISTAN3\REACTINTR.INC 192 : Using default destination of 1 (file).
Message[305] C:\USERS\BFTC\DESKTOP\TRABALHOLISTAN3\REACTINTR.INC 196 : Using default destination of 1 (file).
Warning[203] C:\USERS\BFTC\DESKTOP\TRABALHOLISTAN3\REACTINTR.INC 200 : Found opcode in column 1. (return)
Warning[205] C:\USERS\BFTC\DESKTOP\TRABALHOLISTAN3\REACTBOOLS.INC 44 : Found directive in column 1. (ENDM)
Warning[205] C:\USERS\BFTC\DESKTOP\TRABALHOLISTAN3\REACTBOOLS.INC 49 : Found directive in column 1. (ENDM)
Warning[205] C:\USERS\BFTC\DESKTOP\TRABALHOLISTAN3\REACTBOOLS.INC 57 : Found directive in column 1. (ENDM)
Warning[205] C:\USERS\BFTC\DESKTOP\TRABALHOLISTAN3\REACTBOOLS.INC 67 : Found directive in column 1. (ENDM)
Warning[205] C:\USERS\BFTC\DESKTOP\TRABALHOLISTAN3\REACTBOOLS.INC 83 : Found directive in column 1. (ENDM)
Warning[205] C:\USERS\BFTC\DESKTOP\TRABALHOLISTAN3\REACTBOOLS.INC 95 : Found directive in column 1. (ENDM)
Warning[205] C:\USERS\BFTC\DESKTOP\TRABALHOLISTAN3\REACTBOOLS.INC 108 : Found directive in column 1. (ENDM)
Warning[205] C:\USERS\BFTC\DESKTOP\TRABALHOLISTAN3\REACTBOOLS.INC 121 : Found directive in column 1. (ENDM)
Warning[205] C:\USERS\BFTC\DESKTOP\TRABALHOLISTAN3\REACTBOOLS.INC 139 : Found directive in column 1. (ENDM)
Warning[205] C:\USERS\BFTC\DESKTOP\TRABALHOLISTAN3\REACTBOOLS.INC 154 : Found directive in column 1. (ENDM)
Warning[205] C:\USERS\BFTC\DESKTOP\TRABALHOLISTAN3\REACTBOOLS.INC 167 : Found directive in column 1. (ENDM)
Warning[205] C:\USERS\BFTC\DESKTOP\TRABALHOLISTAN3\REACTBOOLS.INC 179 : Found directive in column 1. (ENDM)
Warning[205] C:\USERS\BFTC\DESKTOP\TRABALHOLISTAN3\REACTBOOLS.INC 197 : Found directive in column 1. (ENDM)
Warning[205] C:\USERS\BFTC\DESKTOP\TRABALHOLISTAN3\REACTBOOLS.INC 210 : Found directive in column 1. (ENDM)
Warning[208] C:\USERS\BFTC\DESKTOP\TRABALHOLISTAN3\REACTBOOLS.INC 216 : Label truncated at 32 characters. (__ACTIVATE_TP_WHEN_DETECTS_120PSI)
Warning[205] C:\USERS\BFTC\DESKTOP\TRABALHOLISTAN3\REACTBOOLS.INC 224 : Found directive in column 1. (ENDM)
Warning[205] C:\USERS\BFTC\DESKTOP\TRABALHOLISTAN3\REACTBOOLS.INC 238 : Found directive in column 1. (ENDM)
Warning[205] C:\USERS\BFTC\DESKTOP\TRABALHOLISTAN3\REACTBOOLS.INC 252 : Found directive in column 1. (ENDM)
Warning[205] C:\USERS\BFTC\DESKTOP\TRABALHOLISTAN3\REACTBOOLS.INC 268 : Found directive in column 1. (ENDM)
Warning[205] C:\USERS\BFTC\DESKTOP\TRABALHOLISTAN3\REACTBOOLS.INC 279 : Found directive in column 1. (ENDM)
Warning[205] C:\USERS\BFTC\DESKTOP\TRABALHOLISTAN3\REACTBOOLS.INC 289 : Found directive in column 1. (ENDM)
Warning[206] C:\USERS\BFTC\DESKTOP\TRABALHOLISTAN3\REACTMAIN.ASM 52 : Found call to macro in column 1. (__INI_REACTOR__)
Warning[207] C:\USERS\BFTC\DESKTOP\TRABALHOLISTAN3\REACTBOOLS.INC 43 : Found label after column 1. (R_MAIN)
Warning[207] C:\USERS\BFTC\DESKTOP\TRABALHOLISTAN3\REACTMACR.INC 241 : Found label after column 1. (ENDLL0)
Warning[207] C:\USERS\BFTC\DESKTOP\TRABALHOLISTAN3\REACTMACR.INC 250 : Found label after column 1. (ENDLL)
Warning[207] C:\USERS\BFTC\DESKTOP\TRABALHOLISTAN3\REACTMACR.INC 267 : Found label after column 1. (ENDLM0)
Warning[207] C:\USERS\BFTC\DESKTOP\TRABALHOLISTAN3\REACTMACR.INC 276 : Found label after column 1. (ENDLM)
Warning[207] C:\USERS\BFTC\DESKTOP\TRABALHOLISTAN3\REACTMACR.INC 217 : Found label after column 1. (ENDV10)
Warning[207] C:\USERS\BFTC\DESKTOP\TRABALHOLISTAN3\REACTMACR.INC 226 : Found label after column 1. (ENDV1)
Warning[207] C:\USERS\BFTC\DESKTOP\TRABALHOLISTAN3\REACTMACR.INC 293 : Found label after column 1. (ENDLH0)
Warning[207] C:\USERS\BFTC\DESKTOP\TRABALHOLISTAN3\REACTMACR.INC 302 : Found label after column 1. (ENDLH)
Warning[207] C:\USERS\BFTC\DESKTOP\TRABALHOLISTAN3\REACTMACR.INC 319 : Found label after column 1. (COUNTER)
Warning[207] C:\USERS\BFTC\DESKTOP\TRABALHOLISTAN3\REACTMACR.INC 327 : Found label after column 1. (MOT1OFF)
Warning[207] C:\USERS\BFTC\DESKTOP\TRABALHOLISTAN3\REACTMACR.INC 346 : Found label after column 1. (ENDTT0)
Warning[207] C:\USERS\BFTC\DESKTOP\TRABALHOLISTAN3\REACTMACR.INC 353 : Found label after column 1. (ENDTT)
Warning[207] C:\USERS\BFTC\DESKTOP\TRABALHOLISTAN3\REACTMACR.INC 368 : Found label after column 1. (ENDR0)
Warning[207] C:\USERS\BFTC\DESKTOP\TRABALHOLISTAN3\REACTMACR.INC 376 : Found label after column 1. (ENDR)
Warning[207] C:\USERS\BFTC\DESKTOP\TRABALHOLISTAN3\REACTMACR.INC 384 : Found label after column 1. (STARTV5)
Warning[207] C:\USERS\BFTC\DESKTOP\TRABALHOLISTAN3\REACTMACR.INC 392 : Found label after column 1. (LHSTART)
Warning[207] C:\USERS\BFTC\DESKTOP\TRABALHOLISTAN3\REACTMACR.INC 406 : Found label after column 1. (LMSTART)
Warning[207] C:\USERS\BFTC\DESKTOP\TRABALHOLISTAN3\REACTMACR.INC 420 : Found label after column 1. (LLSTART)
Warning[207] C:\USERS\BFTC\DESKTOP\TRABALHOLISTAN3\REACTMACR.INC 435 : Found label after column 1. (STARTTIMER)
Warning[207] C:\USERS\BFTC\DESKTOP\TRABALHOLISTAN3\REACTMACR.INC 442 : Found label after column 1. (ENDV5)
Warning[207] C:\USERS\BFTC\DESKTOP\TRABALHOLISTAN3\REACTMACR.INC 455 : Found label after column 1. (ENDRES)
Warning[207] C:\USERS\BFTC\DESKTOP\TRABALHOLISTAN3\REACTMACR.INC 463 : Found label after column 1. (ENDV4)
Warning[207] C:\USERS\BFTC\DESKTOP\TRABALHOLISTAN3\REACTMACR.INC 476 : Found label after column 1. (COUNTP3)
Warning[207] C:\USERS\BFTC\DESKTOP\TRABALHOLISTAN3\REACTMACR.INC 485 : Found label after column 1. (BOMBOFF)
Warning[206] C:\USERS\BFTC\DESKTOP\TRABALHOLISTAN3\REACTMAIN.ASM 71 : Found call to macro in column 1. (__END_REACTOR__)
Warning[205] C:\USERS\BFTC\DESKTOP\TRABALHOLISTAN3\REACTMAIN.ASM 75 : Found directive in column 1. (END)
