;  LST file generated by mikroListExporter - v.2.0 
; Date/Time: 28/11/2021 22:25:11
;----------------------------------------------

;Address Opcode 	ASM
0x0000	0x2825      	GOTO       37
_____DoICP:
0x0003	0x1283      	BCF        STATUS, 5
0x0004	0x0811      	MOVF       ___DoICPAddr+1, 0
0x0005	0x008A      	MOVWF      PCLATH
0x0006	0x0810      	MOVF       ___DoICPAddr, 0
0x0007	0x0082      	MOVWF      PCL
L_end_____DoICP:
0x0008	0x0008      	RETURN
; end of _____DoICP
___CC2DW:
_CC2D_Loop1:
0x0009	0x2003      	CALL       _____DoICP
0x000A	0x118A      	BCF        PCLATH, 3
0x000B	0x120A      	BCF        PCLATH, 4
0x000C	0x0080      	MOVWF      INDF
0x000D	0x0A84      	INCF       FSR, 1
0x000E	0x0A90      	INCF       ___DoICPAddr, 1
0x000F	0x1903      	BTFSC      STATUS, 2
0x0010	0x0A91      	INCF       ___DoICPAddr+1, 1
0x0011	0x03C0      	DECF       R0, 1
0x0012	0x1D03      	BTFSS      STATUS, 2
0x0013	0x2809      	GOTO       _CC2D_Loop1
L_end___CC2DW:
0x0014	0x0008      	RETURN
; end of ___CC2DW
_mydelay:
0x0015	0x30C8      	MOVLW      200
0x0016	0x008C      	MOVWF      _time1
Aux1:
0x0017	0x30FA      	MOVLW      250
0x0018	0x008E      	MOVWF      _time2
Aux2:
0x0019	0x0000      	NOP
0x001A	0x0000      	NOP
0x001B	0x0000      	NOP
0x001C	0x0000      	NOP
0x001D	0x0000      	NOP
0x001E	0x0000      	NOP
0x001F	0x0000      	NOP
0x0020	0x0B8E      	DECFSZ     _time2, 1
0x0021	0x2819      	GOTO       Aux2
0x0022	0x0B8C      	DECFSZ     _time1, 1
0x0023	0x2817      	GOTO       Aux1
L_end_mydelay:
0x0024	0x0008      	RETURN
; end of _mydelay
_main:
0x0025	0x1283      	BCF        STATUS, 5
0x0026	0x018C      	CLRF       _time1
0x0027	0x018D      	CLRF       13
0x0028	0x018E      	CLRF       _time2
0x0029	0x018F      	CLRF       15
0x002A	0x1683      	BSF        STATUS, 5
0x002B	0x0185      	CLRF       TRISA
0x002C	0x1283      	BCF        STATUS, 5
0x002D	0x0185      	CLRF       PORTA
L_main0:
0x002E	0x300D      	MOVLW      13
0x002F	0x0205      	SUBWF      PORTA, 0
0x0030	0x1803      	BTFSC      STATUS, 0
0x0031	0x2838      	GOTO       L_main1
0x0032	0x0A05      	INCF       PORTA, 0
0x0033	0x00C0      	MOVWF      R0
0x0034	0x0840      	MOVF       R0, 0
0x0035	0x0085      	MOVWF      PORTA
0x0036	0x2015      	CALL       _mydelay
0x0037	0x282E      	GOTO       L_main0
L_main1:
0x0038	0x2015      	CALL       _mydelay
0x0039	0x0185      	CLRF       PORTA
0x003A	0x1605      	BSF        RA4_bit, BitPos(RA4_bit+0)
L_end_main:
0x003B	0x283B      	GOTO       $+0
; end of _main
Symbol List:
//** Routines locations **
//ADDRESS    SIZE    PROCEDURE
//----------------------------------------------
0x0003       [6]    _____DoICP
0x0009      [12]    ___CC2DW
0x0015      [16]    _mydelay
0x0025      [23]    _main
//** Variables locations ** 
//ADDRESS    SIZE    VARIABLE
//----------------------------------------------
0x0000       [1]    INDF
0x0002       [1]    PCL
0x0003       [1]    STATUS
0x0004       [1]    FSR
0x0005       [1]    PORTA
0x0005       [0]    RA4_bit
0x000A       [1]    PCLATH
0x000C       [2]    _time1
0x000E       [2]    _time2
0x0010       [2]    ___DoICPAddr
0x0040       [1]    R0
0x0041       [1]    R1
0x0042       [1]    R2
0x0043       [1]    R3
0x0044       [1]    R4
0x0045       [1]    R5
0x0046       [1]    R6
0x0047       [1]    R7
0x0048       [1]    R8
0x0049       [1]    R9
0x004A       [1]    R10
0x004B       [1]    R11
0x004C       [1]    R12
0x004D       [1]    R13
0x004E       [1]    R14
0x004F       [1]    R15
0x0085       [1]    TRISA
