;  LST file generated by mikroListExporter - v.2.0 
; Date/Time: 10/12/2021 20:54:33
;----------------------------------------------

;Address Opcode 	ASM
0x0000	0x2889      	GOTO       137
_interrupt:
0x0004	0x00FF      	MOVWF      R15
0x0005	0x0E03      	SWAPF      STATUS, 0
0x0006	0x0183      	CLRF       STATUS
0x0007	0x00AF      	MOVWF      ___saveSTATUS
0x0008	0x080A      	MOVF       PCLATH, 0
0x0009	0x00B0      	MOVWF      ___savePCLATH
0x000A	0x018A      	CLRF       PCLATH
0x000B	0x1E8C      	BTFSS      RCIF_bit, BitPos(RCIF_bit+0)
0x000C	0x2822      	GOTO       L_interrupt0
0x000D	0x1918      	BTFSC      FERR_bit, BitPos(FERR_bit+0)
0x000E	0x2812      	GOTO       L__interrupt14
0x000F	0x1898      	BTFSC      OERR_bit, BitPos(OERR_bit+0)
0x0010	0x2812      	GOTO       L__interrupt14
0x0011	0x2815      	GOTO       L_interrupt3
L__interrupt14:
0x0012	0x1218      	BCF        CREN_bit, BitPos(CREN_bit+0)
0x0013	0x1618      	BSF        CREN_bit, BitPos(CREN_bit+0)
0x0014	0x2822      	GOTO       L_interrupt4
L_interrupt3:
0x0015	0x1005      	BCF        RA0_bit, BitPos(RA0_bit+0)
0x0016	0x300D      	MOVLW      13
0x0017	0x00FC      	MOVWF      R12
0x0018	0x30FB      	MOVLW      251
0x0019	0x00FD      	MOVWF      R13
L_interrupt5:
0x001A	0x0BFD      	DECFSZ     R13, 1
0x001B	0x281A      	GOTO       L_interrupt5
0x001C	0x0BFC      	DECFSZ     R12, 1
0x001D	0x281A      	GOTO       L_interrupt5
0x001E	0x0000      	NOP
0x001F	0x0000      	NOP
0x0020	0x1485      	BSF        RA1_bit, BitPos(RA1_bit+0)
0x0021	0x2077      	CALL       _print
L_interrupt4:
L_interrupt0:
L_end_interrupt:
L__interrupt16:
0x0022	0x0830      	MOVF       ___savePCLATH, 0
0x0023	0x008A      	MOVWF      PCLATH
0x0024	0x0E2F      	SWAPF      ___saveSTATUS, 0
0x0025	0x0083      	MOVWF      STATUS
0x0026	0x0EFF      	SWAPF      R15, 1
0x0027	0x0E7F      	SWAPF      R15, 0
0x0028	0x0009      	RETFIE
; end of _interrupt
_Wait_Trans:
L_Wait_Trans12:
0x0029	0x1683      	BSF        STATUS, 5
0x002A	0x1303      	BCF        STATUS, 6
0x002B	0x1898      	BTFSC      TRMT_bit, BitPos(TRMT_bit+0)
0x002C	0x282E      	GOTO       L_Wait_Trans13
0x002D	0x2829      	GOTO       L_Wait_Trans12
L_Wait_Trans13:
L_end_Wait_Trans:
0x002E	0x0008      	RETURN
; end of _Wait_Trans
_strlen:
0x002F	0x1283      	BCF        STATUS, 5
0x0030	0x1303      	BCF        STATUS, 6
0x0031	0x0834      	MOVF       FARG_strlen_s, 0
0x0032	0x00F2      	MOVWF      R2
L_strlen36:
0x0033	0x0872      	MOVF       R2, 0
0x0034	0x00F0      	MOVWF      R0
0x0035	0x0AF2      	INCF       R2, 1
0x0036	0x0870      	MOVF       R0, 0
0x0037	0x0084      	MOVWF      FSR
0x0038	0x0800      	MOVF       INDF, 0
0x0039	0x1903      	BTFSC      STATUS, 2
0x003A	0x283C      	GOTO       L_strlen37
0x003B	0x2833      	GOTO       L_strlen36
L_strlen37:
0x003C	0x0834      	MOVF       FARG_strlen_s, 0
0x003D	0x0272      	SUBWF      R2, 0
0x003E	0x00F0      	MOVWF      R0
0x003F	0x3001      	MOVLW      1
0x0040	0x02F0      	SUBWF      R0, 1
0x0041	0x01F1      	CLRF       R0+1
0x0042	0x1C03      	BTFSS      STATUS, 0
0x0043	0x03F1      	DECF       R0+1, 1
L_end_strlen:
0x0044	0x0008      	RETURN
; end of _strlen
_____DoICP:
0x0045	0x1283      	BCF        STATUS, 5
0x0046	0x1303      	BCF        STATUS, 6
0x0047	0x082E      	MOVF       ___DoICPAddr+1, 0
0x0048	0x008A      	MOVWF      PCLATH
0x0049	0x082D      	MOVF       ___DoICPAddr, 0
0x004A	0x0082      	MOVWF      PCL
L_end_____DoICP:
0x004B	0x0008      	RETURN
; end of _____DoICP
_write:
0x004C	0x1283      	BCF        STATUS, 5
0x004D	0x1303      	BCF        STATUS, 6
0x004E	0x01B2      	CLRF       write_i_L0
0x004F	0x01B3      	CLRF       write_i_L0+1
L_write9:
0x0050	0x0831      	MOVF       FARG_write_string, 0
0x0051	0x00B4      	MOVWF      FARG_strlen_s
0x0052	0x202F      	CALL       _strlen
0x0053	0x3080      	MOVLW      128
0x0054	0x0633      	XORWF      write_i_L0+1, 0
0x0055	0x00F2      	MOVWF      R2
0x0056	0x3080      	MOVLW      128
0x0057	0x0671      	XORWF      R0+1, 0
0x0058	0x0272      	SUBWF      R2, 0
0x0059	0x1D03      	BTFSS      STATUS, 2
0x005A	0x285D      	GOTO       L__write20
0x005B	0x0870      	MOVF       R0, 0
0x005C	0x0232      	SUBWF      write_i_L0, 0
L__write20:
0x005D	0x1803      	BTFSC      STATUS, 0
0x005E	0x286A      	GOTO       L_write10
0x005F	0x0832      	MOVF       write_i_L0, 0
0x0060	0x0731      	ADDWF      FARG_write_string, 0
0x0061	0x0084      	MOVWF      FSR
0x0062	0x0800      	MOVF       INDF, 0
0x0063	0x0099      	MOVWF      TXREG
0x0064	0x2029      	CALL       _Wait_Trans
0x0065	0x1283      	BCF        STATUS, 5
0x0066	0x0AB2      	INCF       write_i_L0, 1
0x0067	0x1903      	BTFSC      STATUS, 2
0x0068	0x0AB3      	INCF       write_i_L0+1, 1
0x0069	0x2850      	GOTO       L_write9
L_write10:
L_end_write:
0x006A	0x0008      	RETURN
; end of _write
___CC2DW:
_CC2D_Loop1:
0x006B	0x2045      	CALL       _____DoICP
0x006C	0x118A      	BCF        PCLATH, 3
0x006D	0x120A      	BCF        PCLATH, 4
0x006E	0x0080      	MOVWF      INDF
0x006F	0x0A84      	INCF       FSR, 1
0x0070	0x0AAD      	INCF       ___DoICPAddr, 1
0x0071	0x1903      	BTFSC      STATUS, 2
0x0072	0x0AAE      	INCF       ___DoICPAddr+1, 1
0x0073	0x03F0      	DECF       R0, 1
0x0074	0x1D03      	BTFSS      STATUS, 2
0x0075	0x286B      	GOTO       _CC2D_Loop1
L_end___CC2DW:
0x0076	0x0008      	RETURN
; end of ___CC2DW
_print:
0x0077	0x1283      	BCF        STATUS, 5
0x0078	0x1303      	BCF        STATUS, 6
0x0079	0x081A      	MOVF       RCREG, 0
0x007A	0x0099      	MOVWF      TXREG
0x007B	0x2029      	CALL       _Wait_Trans
0x007C	0x1283      	BCF        STATUS, 5
0x007D	0x1405      	BSF        RA0_bit, BitPos(RA0_bit+0)
0x007E	0x3041      	MOVLW      65
0x007F	0x00FC      	MOVWF      R12
0x0080	0x30EE      	MOVLW      238
0x0081	0x00FD      	MOVWF      R13
L_print8:
0x0082	0x0BFD      	DECFSZ     R13, 1
0x0083	0x2882      	GOTO       L_print8
0x0084	0x0BFC      	DECFSZ     R12, 1
0x0085	0x2882      	GOTO       L_print8
0x0086	0x0000      	NOP
0x0087	0x1085      	BCF        RA1_bit, BitPos(RA1_bit+0)
L_end_print:
0x0088	0x0008      	RETURN
; end of _print
_main:
0x0089	0x3043      	MOVLW      67
0x008A	0x1283      	BCF        STATUS, 5
0x008B	0x1303      	BCF        STATUS, 6
0x008C	0x00A0      	MOVWF      ?lstr1_USART_Code
0x008D	0x306F      	MOVLW      111
0x008E	0x00A1      	MOVWF      33
0x008F	0x306D      	MOVLW      109
0x0090	0x00A2      	MOVWF      34
0x0091	0x306D      	MOVLW      109
0x0092	0x00A3      	MOVWF      35
0x0093	0x3061      	MOVLW      97
0x0094	0x00A4      	MOVWF      36
0x0095	0x306E      	MOVLW      110
0x0096	0x00A5      	MOVWF      37
0x0097	0x3064      	MOVLW      100
0x0098	0x00A6      	MOVWF      38
0x0099	0x3020      	MOVLW      32
0x009A	0x00A7      	MOVWF      39
0x009B	0x303A      	MOVLW      58
0x009C	0x00A8      	MOVWF      40
0x009D	0x3020      	MOVLW      32
0x009E	0x00A9      	MOVWF      41
0x009F	0x300D      	MOVLW      13
0x00A0	0x00AA      	MOVWF      42
0x00A1	0x300A      	MOVLW      10
0x00A2	0x00AB      	MOVWF      43
0x00A3	0x01AC      	CLRF       44
0x00A4	0x3080      	MOVLW      128
0x00A5	0x1683      	BSF        STATUS, 5
0x00A6	0x0081      	MOVWF      OPTION_REG
0x00A7	0x3019      	MOVLW      25
0x00A8	0x0099      	MOVWF      SPBRG
0x00A9	0x3024      	MOVLW      36
0x00AA	0x0098      	MOVWF      TXSTA
0x00AB	0x3090      	MOVLW      144
0x00AC	0x1283      	BCF        STATUS, 5
0x00AD	0x0098      	MOVWF      RCSTA
0x00AE	0x3020      	MOVLW      32
0x00AF	0x1683      	BSF        STATUS, 5
0x00B0	0x008C      	MOVWF      PIE1
0x00B1	0x30C0      	MOVLW      192
0x00B2	0x008B      	MOVWF      INTCON
0x00B3	0x30F0      	MOVLW      240
0x00B4	0x0085      	MOVWF      TRISA
0x00B5	0x3002      	MOVLW      2
0x00B6	0x0086      	MOVWF      TRISB
0x00B7	0x1283      	BCF        STATUS, 5
0x00B8	0x0186      	CLRF       PORTB
0x00B9	0x0185      	CLRF       PORTA
0x00BA	0x3020      	MOVLW      ?lstr1_USART_Code
0x00BB	0x00B1      	MOVWF      FARG_write_string
0x00BC	0x204C      	CALL       _write
L_main6:
0x00BD	0x28BD      	GOTO       L_main6
L_end_main:
0x00BE	0x28BE      	GOTO       $+0
; end of _main
Symbol List:
//** Routines locations **
//ADDRESS    SIZE    PROCEDURE
//----------------------------------------------
0x0004      [37]    _interrupt
0x0029       [6]    _Wait_Trans
0x002F      [22]    _strlen
0x0045       [7]    _____DoICP
0x004C      [31]    _write
0x006B      [12]    ___CC2DW
0x0077      [18]    _print
0x0089      [54]    _main
//** Variables locations ** 
//ADDRESS    SIZE    VARIABLE
//----------------------------------------------
0x0000       [1]    INDF
0x0002       [1]    PCL
0x0003       [1]    STATUS
0x0004       [1]    FSR
0x0005       [0]    RA0_bit
0x0005       [0]    RA1_bit
0x0005       [1]    PORTA
0x0006       [1]    PORTB
0x000A       [1]    PCLATH
0x000B       [1]    INTCON
0x000C       [0]    RCIF_bit
0x0018       [0]    FERR_bit
0x0018       [0]    OERR_bit
0x0018       [0]    CREN_bit
0x0018       [1]    RCSTA
0x0019       [1]    TXREG
0x001A       [1]    RCREG
0x0020      [13]    ?lstr1_USART_Code
0x002D       [2]    ___DoICPAddr
0x002F       [1]    ___saveSTATUS
0x0030       [1]    ___savePCLATH
0x0031       [1]    FARG_write_string
0x0032       [2]    write_i_L0
0x0034       [1]    FARG_strlen_s
0x0070       [1]    R0
0x0071       [1]    R1
0x0072       [1]    R2
0x0073       [1]    R3
0x0074       [1]    R4
0x0075       [1]    R5
0x0076       [1]    R6
0x0077       [1]    R7
0x0078       [1]    R8
0x0079       [1]    R9
0x007A       [1]    R10
0x007B       [1]    R11
0x007C       [1]    R12
0x007D       [1]    R13
0x007E       [1]    R14
0x007F       [1]    R15
0x0081       [1]    OPTION_REG
0x0085       [1]    TRISA
0x0086       [1]    TRISB
0x008C       [1]    PIE1
0x0098       [1]    TXSTA
0x0098       [0]    TRMT_bit
0x0099       [1]    SPBRG
