;  LST file generated by mikroListExporter - v.2.0 
; Date/Time: 11/12/2021 18:31:00
;----------------------------------------------

;Address Opcode 	ASM
0x0000	0xF005EF40  	GOTO        2688
0x0004	0x0000      	NOP
0x0006	0x0000      	NOP
0x0008	0xF000EF00  	GOTO        0
0x000C	0x0000      	NOP
0x000E	0x0000      	NOP
0x0010	0x0000      	NOP
0x0012	0x0000      	NOP
0x0014	0x0000      	NOP
0x0016	0x0000      	NOP
0x0018	0xD7F3      	BRA         0
_FIXSIGN32:
0x001C	0xAE0A      	BTFSS       R10, 7, 0
0x001E	0x9E02      	BCF         R2, 7, 0
0x0020	0x0E00      	MOVLW       0
L_end_FIXSIGN32:
0x0022	0x0012      	RETURN      0
; end of _FIXSIGN32
_SETFUN32:
0x0024	0x840B      	BSF         R11, 2, 0
0x0026	0xAE0B      	BTFSS       R11, 7, 0
0x0028	0xF000EF1D  	GOTO        SETFUN32EEE
0x002C	0x0E01      	MOVLW       1
0x002E	0x6E03      	MOVWF       R3, 0
0x0030	0x6A02      	CLRF        R2, 0
0x0032	0x6A01      	CLRF        R1, 0
0x0034	0x6A00      	CLRF        R0, 0
0x0036	0x360A      	RLCF        R10, 1, 0
0x0038	0x3202      	RRCF        R2, 1, 0
SETFUN32EEE:
0x003A	0x0EFF      	MOVLW       255
L_end_SETFUN32:
0x003C	0x0012      	RETURN      0
; end of _SETFUN32
_RES032:
0x003E	0x6A02      	CLRF        R2, 0
0x0040	0x6A01      	CLRF        R1, 0
0x0042	0x6A00      	CLRF        R0, 0
0x0044	0x6A08      	CLRF        R8, 0
0x0046	0x6A03      	CLRF        R3, 0
0x0048	0x0E00      	MOVLW       0
L_end_RES032:
0x004A	0x0012      	RETURN      0
; end of _RES032
_SETFOV32:
0x004C	0x820B      	BSF         R11, 1, 0
0x004E	0xAE0B      	BTFSS       R11, 7, 0
0x0050	0xF000EF30  	GOTO        SETFOV32EEE
0x0054	0x6803      	SETF        R3, 0
0x0056	0x6802      	SETF        R2, 0
0x0058	0x6801      	SETF        R1, 0
0x005A	0x6800      	SETF        R0, 0
0x005C	0x360A      	RLCF        R10, 1, 0
0x005E	0x3202      	RRCF        R2, 1, 0
SETFOV32EEE:
0x0060	0x0EFF      	MOVLW       255
L_end_SETFOV32:
0x0062	0x0012      	RETURN      0
; end of _SETFOV32
_SETFDZ32:
0x0064	0x6A0B      	CLRF        R11, 0
0x0066	0x860B      	BSF         R11, 3, 0
0x0068	0x0EFF      	MOVLW       255
L_end_SETFDZ32:
0x006A	0x0012      	RETURN      0
; end of _SETFDZ32
_NRM3232:
0x006C	0x6A0C      	CLRF        R12, 0
0x006E	0x6A0E      	CLRF        R14, 0
0x0070	0x5002      	MOVF        R2, 0, 0
0x0072	0xA4D8      	BTFSS       STATUS, 2, 0
0x0074	0xF000EF4F  	GOTO        NORM3232
0x0078	0xF002C001  	MOVFF       R1, R2
0x007C	0xF001C000  	MOVFF       R0, R1
0x0080	0x6A00      	CLRF        R0, 0
0x0082	0x860E      	BSF         R14, 3, 0
0x0084	0x5002      	MOVF        R2, 0, 0
0x0086	0xA4D8      	BTFSS       STATUS, 2, 0
0x0088	0xF000EF4F  	GOTO        NORM3232
0x008C	0xF002C001  	MOVFF       R1, R2
0x0090	0x6A01      	CLRF        R1, 0
0x0092	0x960E      	BCF         R14, 3, 0
0x0094	0x880E      	BSF         R14, 4, 0
0x0096	0x5002      	MOVF        R2, 0, 0
0x0098	0xB4D8      	BTFSC       STATUS, 2, 0
0x009A	0xF000EF61  	GOTO        JPNRES032
NORM3232:
0x009E	0x500E      	MOVF        R14, 0, 0
0x00A0	0x5E03      	SUBWF       R3, 1, 0
0x00A2	0xA4D8      	BTFSS       STATUS, 2, 0
0x00A4	0xA0D8      	BTFSS       STATUS, 0, 0
0x00A6	0xF000EF66  	GOTO        JPNSETFUN32
0x00AA	0x90D8      	BCF         STATUS, 0, 0
NORM3232A:
0x00AC	0xBE02      	BTFSC       R2, 7, 0
0x00AE	0xF000EF6B  	GOTO        JMPNFIXSIGN32
0x00B2	0x3600      	RLCF        R0, 1, 0
0x00B4	0x3601      	RLCF        R1, 1, 0
0x00B6	0x3602      	RLCF        R2, 1, 0
0x00B8	0x2E03      	DECFSZ      R3, 1, 0
0x00BA	0xF000EF56  	GOTO        NORM3232A
0x00BE	0xF000EF66  	GOTO        JPNSETFUN32
JPNRES032:
0x00C2	0x0E01      	MOVLW       1
0x00C4	0x6E0C      	MOVWF       R12, 0
0x00C6	0xDFBB      	RCALL       _RES032
0x00C8	0xF000EF6E  	GOTO        NORM32EEE
JPNSETFUN32:
0x00CC	0x0E02      	MOVLW       2
0x00CE	0x6E0C      	MOVWF       R12, 0
0x00D0	0xDFA9      	RCALL       _SETFUN32
0x00D2	0xF000EF6E  	GOTO        NORM32EEE
JMPNFIXSIGN32:
0x00D6	0x0E04      	MOVLW       4
0x00D8	0x6E0C      	MOVWF       R12, 0
0x00DA	0xDFA0      	RCALL       _FIXSIGN32
NORM32EEE:
L_end_NRM3232:
0x00DC	0x0012      	RETURN      0
; end of _NRM3232
_Div_8X8_S:
0x00DE	0x6A0D      	CLRF        R13, 0
0x00E0	0x6A08      	CLRF        R8, 0
0x00E2	0x5000      	MOVF        R0, 0, 0
0x00E4	0xB4D8      	BTFSC       STATUS, 2, 0
0x00E6	0x0C00      	RETLW       0
0x00E8	0x1804      	XORWF       R4, 0, 0
0x00EA	0x6E0A      	MOVWF       R10, 0
0x00EC	0xBE0A      	BTFSC       R10, 7, 0
0x00EE	0x1E0D      	COMF        R13, 1, 0
0x00F0	0x6A0B      	CLRF        R11, 0
0x00F2	0xAE04      	BTFSS       R4, 7, 0
0x00F4	0xD002      	BRA         $+6
0x00F6	0x1E04      	COMF        R4, 1, 0
0x00F8	0x2A04      	INCF        R4, 1, 0
0x00FA	0xAE00      	BTFSS       R0, 7, 0
0x00FC	0xD002      	BRA         $+6
0x00FE	0x1E00      	COMF        R0, 1, 0
0x0100	0x2A00      	INCF        R0, 1, 0
0x0102	0x5000      	MOVF        R0, 0, 0
0x0104	0x1004      	IORWF       R4, 0, 0
0x0106	0x6E0A      	MOVWF       R10, 0
0x0108	0xBE0A      	BTFSC       R10, 7, 0
0x010A	0xD01F      	BRA         $+64
0x010C	0x5004      	MOVF        R4, 0, 0
0x010E	0x5E08      	SUBWF       R8, 1, 0
0x0110	0x3600      	RLCF        R0, 1, 0
0x0112	0x3400      	RLCF        R0, 0, 0
0x0114	0x3608      	RLCF        R8, 1, 0
0x0116	0x5004      	MOVF        R4, 0, 0
0x0118	0x2608      	ADDWF       R8, 1, 0
0x011A	0x3600      	RLCF        R0, 1, 0
0x011C	0x0E06      	MOVLW       6
0x011E	0x6E0C      	MOVWF       R12, 0
0x0120	0x3400      	RLCF        R0, 0, 0
0x0122	0x3608      	RLCF        R8, 1, 0
0x0124	0x5004      	MOVF        R4, 0, 0
0x0126	0xB000      	BTFSC       R0, 0, 0
0x0128	0x5E08      	SUBWF       R8, 1, 0
0x012A	0xA000      	BTFSS       R0, 0, 0
0x012C	0x2608      	ADDWF       R8, 1, 0
0x012E	0x3600      	RLCF        R0, 1, 0
0x0130	0x2E0C      	DECFSZ      R12, 1, 0
0x0132	0xD7F6      	BRA         $-18
0x0134	0xA000      	BTFSS       R0, 0, 0
0x0136	0x2608      	ADDWF       R8, 1, 0
0x0138	0xB00B      	BTFSC       R11, 0, 0
0x013A	0xD015      	BRA         $+44
0x013C	0xAE0D      	BTFSS       R13, 7, 0
0x013E	0x0C00      	RETLW       0
0x0140	0x1E00      	COMF        R0, 1, 0
0x0142	0x2A00      	INCF        R0, 1, 0
0x0144	0x1E08      	COMF        R8, 1, 0
0x0146	0x2A08      	INCF        R8, 1, 0
0x0148	0x0C00      	RETLW       0
0x014A	0xAE04      	BTFSS       R4, 7, 0
0x014C	0xD009      	BRA         $+20
0x014E	0xBE00      	BTFSC       R0, 7, 0
0x0150	0xD004      	BRA         $+10
0x0152	0x5000      	MOVF        R0, 0, 0
0x0154	0x6E08      	MOVWF       R8, 0
0x0156	0x6A00      	CLRF        R0, 0
0x0158	0xD7F1      	BRA         $-28
0x015A	0x6A00      	CLRF        R0, 0
0x015C	0x2A00      	INCF        R0, 1, 0
0x015E	0x0C00      	RETLW       0
0x0160	0x1E00      	COMF        R0, 1, 0
0x0162	0x2A0B      	INCF        R11, 1, 0
0x0164	0xD7D3      	BRA         $-88
0x0166	0x2A08      	INCF        R8, 1, 0
0x0168	0x5004      	MOVF        R4, 0, 0
0x016A	0x5C08      	SUBWF       R8, 0, 0
0x016C	0xA4D8      	BTFSS       STATUS, 2, 0
0x016E	0xD7E6      	BRA         $-50
0x0170	0x6A08      	CLRF        R8, 0
0x0172	0x2A00      	INCF        R0, 1, 0
0x0174	0xAE00      	BTFSS       R0, 7, 0
0x0176	0xD7E2      	BRA         $-58
0x0178	0x0CFF      	RETLW       255
L_end_Div_8X8_S:
0x017A	0x0012      	RETURN      0
; end of _Div_8X8_S
_strcpy:
0x017C	0xF004C081  	MOVFF       FARG_strcpy_to, R4
0x0180	0xF005C082  	MOVFF       FARG_strcpy_to+1, R5
L_strcpy34:
0x0184	0xF002C004  	MOVFF       R4, R2
0x0188	0xF003C005  	MOVFF       R5, R3
0x018C	0x4A04      	INFSNZ      R4, 1 
0x018E	0x2A05      	INCF        R5, 1 
0x0190	0xF000C083  	MOVFF       FARG_strcpy_from, R0
0x0194	0xF001C084  	MOVFF       FARG_strcpy_from+1, R1
0x0198	0x0100      	MOVLB       0
0x019A	0x4B83      	INFSNZ      FARG_strcpy_from, 1, 1
0x019C	0x2B84      	INCF        FARG_strcpy_from+1, 1, 1
0x019E	0xFFE9C000  	MOVFF       R0, FSR0L
0x01A2	0xFFEAC001  	MOVFF       R1, FSR0H
0x01A6	0xFFE1C002  	MOVFF       R2, FSR1L
0x01AA	0xFFE2C003  	MOVFF       R3, FSR1H
0x01AE	0xFFE6CFEE  	MOVFF       POSTINC0, POSTINC1
0x01B2	0xFFE9C002  	MOVFF       R2, FSR0L
0x01B6	0xFFEAC003  	MOVFF       R3, FSR0H
0x01BA	0x52EE      	MOVF        POSTINC0, 1 
0x01BC	0xE001      	BZ          L_strcpy35
0x01BE	0xD7E2      	BRA         L_strcpy34
L_strcpy35:
0x01C0	0xF000C081  	MOVFF       FARG_strcpy_to, R0
0x01C4	0xF001C082  	MOVFF       FARG_strcpy_to+1, R1
L_end_strcpy:
0x01C8	0x0012      	RETURN      0
; end of _strcpy
_Mul_32x32_FP:
0x01CA	0x6A08      	CLRF        R8, 0
0x01CC	0x6A09      	CLRF        R9, 0
0x01CE	0x0E00      	MOVLW       0
0x01D0	0x6207      	CPFSEQ      R7, 0
0x01D2	0x6403      	CPFSGT      R3, 0
0x01D4	0xF001EF6A  	GOTO        MULJPRES032
0x01D8	0x5002      	MOVF        R2, 0, 0
0x01DA	0x1806      	XORWF       R6, 0, 0
0x01DC	0x6E0A      	MOVWF       R10, 0
0x01DE	0x5007      	MOVF        R7, 0, 0
0x01E0	0x2603      	ADDWF       R3, 1, 0
0x01E2	0x0E7E      	MOVLW       126
0x01E4	0xA0D8      	BTFSS       STATUS, 0, 0
0x01E6	0xF000EFFB  	GOTO        MTUN32
0x01EA	0x5E03      	SUBWF       R3, 1, 0
0x01EC	0xB0D8      	BTFSC       STATUS, 0, 0
0x01EE	0xF001EF6E  	GOTO        MULJPSETFOV32
0x01F2	0xF000EFFF  	GOTO        MOK32
MTUN32:
0x01F6	0x5E03      	SUBWF       R3, 1, 0
0x01F8	0xA0D8      	BTFSS       STATUS, 0, 0
0x01FA	0xF001EF72  	GOTO        MULJPSETFUN32
MOK32:
0x01FE	0x8E02      	BSF         R2, 7, 0
0x0200	0x8E06      	BSF         R6, 7, 0
0x0202	0xF00EC002  	MOVFF       R2, R14
0x0206	0xF00BC001  	MOVFF       R1, R11
0x020A	0xF00DC000  	MOVFF       R0, R13
0x020E	0x5000      	MOVF        R0, 0, 0
0x0210	0x0204      	MULWF       R4, 0
0x0212	0xF00CCFF4  	MOVFF       PRODH, R12
0x0216	0x5001      	MOVF        R1, 0, 0
0x0218	0x0205      	MULWF       R5, 0
0x021A	0xF000CFF4  	MOVFF       PRODH, R0
0x021E	0xF008CFF3  	MOVFF       PRODL, R8
0x0222	0x0204      	MULWF       R4, 0
0x0224	0x50F3      	MOVF        PRODL, 0, 0
0x0226	0x260C      	ADDWF       R12, 1, 0
0x0228	0x50F4      	MOVF        PRODH, 0, 0
0x022A	0x2208      	ADDWFC      R8, 1, 0
0x022C	0x0E00      	MOVLW       0
0x022E	0x2200      	ADDWFC      R0, 1, 0
0x0230	0x500D      	MOVF        R13, 0, 0
0x0232	0x0205      	MULWF       R5, 0
0x0234	0x50F3      	MOVF        PRODL, 0, 0
0x0236	0x260C      	ADDWF       R12, 1, 0
0x0238	0x50F4      	MOVF        PRODH, 0, 0
0x023A	0x2208      	ADDWFC      R8, 1, 0
0x023C	0x0E00      	MOVLW       0
0x023E	0x2200      	ADDWFC      R0, 1, 0
0x0240	0x5002      	MOVF        R2, 0, 0
0x0242	0x0204      	MULWF       R4, 0
0x0244	0x50F3      	MOVF        PRODL, 0, 0
0x0246	0x2608      	ADDWF       R8, 1, 0
0x0248	0x50F4      	MOVF        PRODH, 0, 0
0x024A	0x2200      	ADDWFC      R0, 1, 0
0x024C	0x5002      	MOVF        R2, 0, 0
0x024E	0x0205      	MULWF       R5, 0
0x0250	0x6A01      	CLRF        R1, 0
0x0252	0x0E00      	MOVLW       0
0x0254	0x2201      	ADDWFC      R1, 1, 0
0x0256	0x50F3      	MOVF        PRODL, 0, 0
0x0258	0x2600      	ADDWF       R0, 1, 0
0x025A	0x50F4      	MOVF        PRODH, 0, 0
0x025C	0x2201      	ADDWFC      R1, 1, 0
0x025E	0x500D      	MOVF        R13, 0, 0
0x0260	0x0206      	MULWF       R6, 0
0x0262	0x50F3      	MOVF        PRODL, 0, 0
0x0264	0x2608      	ADDWF       R8, 1, 0
0x0266	0x50F4      	MOVF        PRODH, 0, 0
0x0268	0x2200      	ADDWFC      R0, 1, 0
0x026A	0x6A02      	CLRF        R2, 0
0x026C	0x0E00      	MOVLW       0
0x026E	0x2201      	ADDWFC      R1, 1, 0
0x0270	0x2202      	ADDWFC      R2, 1, 0
0x0272	0x500B      	MOVF        R11, 0, 0
0x0274	0x0206      	MULWF       R6, 0
0x0276	0x50F3      	MOVF        PRODL, 0, 0
0x0278	0x2600      	ADDWF       R0, 1, 0
0x027A	0x50F4      	MOVF        PRODH, 0, 0
0x027C	0x2201      	ADDWFC      R1, 1, 0
0x027E	0x0E00      	MOVLW       0
0x0280	0x2202      	ADDWFC      R2, 1, 0
0x0282	0x500E      	MOVF        R14, 0, 0
0x0284	0x0206      	MULWF       R6, 0
0x0286	0x50F3      	MOVF        PRODL, 0, 0
0x0288	0x2601      	ADDWF       R1, 1, 0
0x028A	0x50F4      	MOVF        PRODH, 0, 0
0x028C	0x2202      	ADDWFC      R2, 1, 0
0x028E	0xBE02      	BTFSC       R2, 7, 0
0x0290	0xF001EF52  	GOTO        MROUND32
0x0294	0x3608      	RLCF        R8, 1, 0
0x0296	0x3600      	RLCF        R0, 1, 0
0x0298	0x3601      	RLCF        R1, 1, 0
0x029A	0x3602      	RLCF        R2, 1, 0
0x029C	0x0603      	DECF        R3, 1, 0
0x029E	0xB4D8      	BTFSC       STATUS, 2, 0
0x02A0	0xF001EF72  	GOTO        MULJPSETFUN32
MROUND32:
0x02A4	0xF001EF65  	GOTO        MUL32OK
0x02A8	0x80D8      	BSF         STATUS, 0, 0
0x02AA	0x0E80      	MOVLW       128
0x02AC	0x6408      	CPFSGT      R8, 0
0x02AE	0x3000      	RRCF        R0, 0, 0
0x02B0	0x0E00      	MOVLW       0
0x02B2	0x2200      	ADDWFC      R0, 1, 0
0x02B4	0x2201      	ADDWFC      R1, 1, 0
0x02B6	0x2202      	ADDWFC      R2, 1, 0
0x02B8	0xA0D8      	BTFSS       STATUS, 0, 0
0x02BA	0xF001EF65  	GOTO        MUL32OK
0x02BE	0x3202      	RRCF        R2, 1, 0
0x02C0	0x3201      	RRCF        R1, 1, 0
0x02C2	0x3200      	RRCF        R0, 1, 0
0x02C4	0x4A03      	INFSNZ      R3, 1, 0
0x02C6	0xF001EF6E  	GOTO        MULJPSETFOV32
MUL32OK:
0x02CA	0xAE0A      	BTFSS       R10, 7, 0
0x02CC	0x9E02      	BCF         R2, 7, 0
0x02CE	0x0E00      	MOVLW       0
0x02D0	0xF001EF74  	GOTO        MULEEE
MULJPRES032:
0x02D4	0x0E01      	MOVLW       1
0x02D6	0xDEB3      	RCALL       _RES032
0x02D8	0xF001EF74  	GOTO        MULEEE
MULJPSETFOV32:
0x02DC	0x0E02      	MOVLW       2
0x02DE	0xDEB6      	RCALL       _SETFOV32
0x02E0	0xF001EF74  	GOTO        MULEEE
MULJPSETFUN32:
0x02E4	0x0E04      	MOVLW       4
0x02E6	0xDE9E      	RCALL       _SETFUN32
MULEEE:
L_end_Mul_32x32_FP:
0x02E8	0x0012      	RETURN      0
; end of _Mul_32x32_FP
_Compare_Double:
0x02EA	0x6A0A      	CLRF        R10, 0
0x02EC	0x5003      	MOVF        R3, 0, 0
0x02EE	0xA4D8      	BTFSS       STATUS, 2, 0
0x02F0	0x800A      	BSF         R10, 0, 0
0x02F2	0x5007      	MOVF        R7, 0, 0
0x02F4	0xA4D8      	BTFSS       STATUS, 2, 0
0x02F6	0x820A      	BSF         R10, 1, 0
0x02F8	0x500A      	MOVF        R10, 0, 0
0x02FA	0xB4D8      	BTFSC       STATUS, 2, 0
0x02FC	0xF001EFD8  	GOTO        COMPARE_EQU
0x0300	0x0A03      	XORLW       3
0x0302	0xB4D8      	BTFSC       STATUS, 2, 0
0x0304	0xF001EF91  	GOTO        COMPARE_NOTZERO
0x0308	0xB00A      	BTFSC       R10, 0, 0
0x030A	0xF001EF8C  	GOTO        COMPARE_XNOTZERO
0x030E	0xAE06      	BTFSS       R6, 7, 0
0x0310	0xF001EFD6  	GOTO        COMPARE_LT
0x0314	0xF001EFD4  	GOTO        COMPARE_GT
COMPARE_XNOTZERO:
0x0318	0xAE02      	BTFSS       R2, 7, 0
0x031A	0xF001EFD4  	GOTO        COMPARE_GT
0x031E	0xF001EFD6  	GOTO        COMPARE_LT
COMPARE_NOTZERO:
0x0322	0x5002      	MOVF        R2, 0, 0
0x0324	0x0B80      	ANDLW       128
0x0326	0x6E0A      	MOVWF       R10, 0
0x0328	0x9E02      	BCF         R2, 7, 0
0x032A	0x5006      	MOVF        R6, 0, 0
0x032C	0x0B80      	ANDLW       128
0x032E	0x9E06      	BCF         R6, 7, 0
0x0330	0x180A      	XORWF       R10, 0, 0
0x0332	0xB4D8      	BTFSC       STATUS, 2, 0
0x0334	0xF001EFA2  	GOTO        COMPARE_TESTALL
0x0338	0x500A      	MOVF        R10, 0, 0
0x033A	0xB4D8      	BTFSC       STATUS, 2, 0
0x033C	0xF001EFD4  	GOTO        COMPARE_GT
0x0340	0xF001EFD6  	GOTO        COMPARE_LT
COMPARE_TESTALL:
0x0344	0x5007      	MOVF        R7, 0, 0
0x0346	0x5C03      	SUBWF       R3, 0, 0
0x0348	0xB4D8      	BTFSC       STATUS, 2, 0
0x034A	0xF001EFAC  	GOTO        COMPARE_C1
0x034E	0xA0D8      	BTFSS       STATUS, 0, 0
0x0350	0xF001EFC8  	GOTO        GT_FALSE
0x0354	0xF001EFCE  	GOTO        GT_TRUE
COMPARE_C1:
0x0358	0x5006      	MOVF        R6, 0, 0
0x035A	0x5C02      	SUBWF       R2, 0, 0
0x035C	0xB4D8      	BTFSC       STATUS, 2, 0
0x035E	0xF001EFB6  	GOTO        COMPARE_C2
0x0362	0xA0D8      	BTFSS       STATUS, 0, 0
0x0364	0xF001EFC8  	GOTO        GT_FALSE
0x0368	0xF001EFCE  	GOTO        GT_TRUE
COMPARE_C2:
0x036C	0x5005      	MOVF        R5, 0, 0
0x036E	0x5C01      	SUBWF       R1, 0, 0
0x0370	0xB4D8      	BTFSC       STATUS, 2, 0
0x0372	0xF001EFC0  	GOTO        COMPARE_C3
0x0376	0xA0D8      	BTFSS       STATUS, 0, 0
0x0378	0xF001EFC8  	GOTO        GT_FALSE
0x037C	0xF001EFCE  	GOTO        GT_TRUE
COMPARE_C3:
0x0380	0x5004      	MOVF        R4, 0, 0
0x0382	0x5C00      	SUBWF       R0, 0, 0
0x0384	0xB4D8      	BTFSC       STATUS, 2, 0
0x0386	0xF001EFD8  	GOTO        COMPARE_EQU
0x038A	0xB0D8      	BTFSC       STATUS, 0, 0
0x038C	0xF001EFCE  	GOTO        GT_TRUE
GT_FALSE:
0x0390	0x520A      	MOVF        R10, 1, 0
0x0392	0xB4D8      	BTFSC       STATUS, 2, 0
0x0394	0xF001EFD6  	GOTO        COMPARE_LT
0x0398	0xF001EFD4  	GOTO        COMPARE_GT
GT_TRUE:
0x039C	0x520A      	MOVF        R10, 1, 0
0x039E	0xB4D8      	BTFSC       STATUS, 2, 0
0x03A0	0xF001EFD4  	GOTO        COMPARE_GT
0x03A4	0xF001EFD6  	GOTO        COMPARE_LT
COMPARE_GT:
0x03A8	0x80D8      	BSF         STATUS, 0, 0
0x03AA	0x0012      	RETURN      0
COMPARE_LT:
0x03AC	0x90D8      	BCF         STATUS, 0, 0
0x03AE	0x0012      	RETURN      0
COMPARE_EQU:
0x03B0	0x80D8      	BSF         STATUS, 0, 0
0x03B2	0x84D8      	BSF         STATUS, 2, 0
0x03B4	0x0012      	RETURN      0
L_end_Compare_Double:
0x03B6	0x0012      	RETURN      0
; end of _Compare_Double
_UART1_Write:
L_UART1_Write3:
0x03B8	0xB2AC      	BTFSC       TXSTA, 1 
0x03BA	0xD002      	BRA         L_UART1_Write4
0x03BC	0x0000      	NOP
0x03BE	0xD7FC      	BRA         L_UART1_Write3
L_UART1_Write4:
0x03C0	0xFFADC07E  	MOVFF       FARG_UART1_Write_data_, TXREG
L_end_UART1_Write:
0x03C4	0x0012      	RETURN      0
; end of _UART1_Write
_Delay_22us:
0x03C6	0x0E07      	MOVLW       7
0x03C8	0x6E0D      	MOVWF       R13, 0
L_Delay_22us1:
0x03CA	0x2E0D      	DECFSZ      R13, 1, 0
0x03CC	0xD7FE      	BRA         L_Delay_22us1
L_end_Delay_22us:
0x03CE	0x0012      	RETURN      0
; end of _Delay_22us
_UART1_Write_Text:
0x03D0	0x6A73      	CLRF        UART1_Write_Text_counter_L0 
0x03D2	0xFFE9C070  	MOVFF       FARG_UART1_Write_Text_uart_text, FSR0L
0x03D6	0xFFEAC071  	MOVFF       FARG_UART1_Write_Text_uart_text+1, FSR0H
0x03DA	0xF072CFEE  	MOVFF       POSTINC0, UART1_Write_Text_data__L0
L_UART1_Write_Text5:
0x03DE	0x5072      	MOVF        UART1_Write_Text_data__L0, 0 
0x03E0	0x0A00      	XORLW       0
0x03E2	0xE00D      	BZ          L_UART1_Write_Text6
0x03E4	0xF07EC072  	MOVFF       UART1_Write_Text_data__L0, FARG_UART1_Write_data_
0x03E8	0xDFE7      	RCALL       _UART1_Write
0x03EA	0x2A73      	INCF        UART1_Write_Text_counter_L0, 1 
0x03EC	0x5073      	MOVF        UART1_Write_Text_counter_L0, 0 
0x03EE	0x2470      	ADDWF       FARG_UART1_Write_Text_uart_text, 0 
0x03F0	0x6EE9      	MOVWF       FSR0L 
0x03F2	0x0E00      	MOVLW       0
0x03F4	0x2071      	ADDWFC      FARG_UART1_Write_Text_uart_text+1, 0 
0x03F6	0x6EEA      	MOVWF       FSR0H 
0x03F8	0xF072CFEE  	MOVFF       POSTINC0, UART1_Write_Text_data__L0
0x03FC	0xD7F0      	BRA         L_UART1_Write_Text5
L_UART1_Write_Text6:
L_end_UART1_Write_Text:
0x03FE	0x0012      	RETURN      0
; end of _UART1_Write_Text
___CC2DW:
_CC2DL_Loop1:
0x0400	0x0009      	TBLRD*+
0x0402	0xFFE6CFF5  	MOVFF       TABLAT, POSTINC1
0x0406	0x0600      	DECF        R0, 1, 0
0x0408	0xE1FB      	BNZ         _CC2DL_Loop1
0x040A	0x0601      	DECF        R1, 1, 0
0x040C	0xE1F9      	BNZ         _CC2DL_Loop1
L_end___CC2DW:
0x040E	0x0012      	RETURN      0
; end of ___CC2DW
_UART1_Init:
0x0410	0x0EB8      	MOVLW       _UART1_Write
0x0412	0x6E60      	MOVWF       _UART_Wr_Ptr 
0x0414	0x0E03      	MOVLW       hi_addr(_UART1_Write)
0x0416	0x6E61      	MOVWF       _UART_Wr_Ptr+1 
0x0418	0x0E7E      	MOVLW       FARG_UART1_Write_data_
0x041A	0x6E62      	MOVWF       _UART_Wr_Ptr+2 
0x041C	0x0E00      	MOVLW       hi_addr(FARG_UART1_Write_data_)
0x041E	0x6E63      	MOVWF       _UART_Wr_Ptr+3 
0x0420	0x0EFF      	MOVLW       _UART1_Read
0x0422	0x6E68      	MOVWF       _UART_Rd_Ptr 
0x0424	0x0EFF      	MOVLW       hi_addr(_UART1_Read)
0x0426	0x6E69      	MOVWF       _UART_Rd_Ptr+1 
0x0428	0x0E00      	MOVLW       0
0x042A	0x6E6A      	MOVWF       _UART_Rd_Ptr+2 
0x042C	0x0E00      	MOVLW       0
0x042E	0x6E6B      	MOVWF       _UART_Rd_Ptr+3 
0x0430	0x0EFF      	MOVLW       _UART1_Data_Ready
0x0432	0x6E64      	MOVWF       _UART_Rdy_Ptr 
0x0434	0x0EFF      	MOVLW       hi_addr(_UART1_Data_Ready)
0x0436	0x6E65      	MOVWF       _UART_Rdy_Ptr+1 
0x0438	0x0E00      	MOVLW       0
0x043A	0x6E66      	MOVWF       _UART_Rdy_Ptr+2 
0x043C	0x0E00      	MOVLW       0
0x043E	0x6E67      	MOVWF       _UART_Rdy_Ptr+3 
0x0440	0x0EFF      	MOVLW       _UART1_Tx_Idle
0x0442	0x6E6C      	MOVWF       _UART_Tx_Idle_Ptr 
0x0444	0x0EFF      	MOVLW       hi_addr(_UART1_Tx_Idle)
0x0446	0x6E6D      	MOVWF       _UART_Tx_Idle_Ptr+1 
0x0448	0x0E00      	MOVLW       0
0x044A	0x6E6E      	MOVWF       _UART_Tx_Idle_Ptr+2 
0x044C	0x0E00      	MOVLW       0
0x044E	0x6E6F      	MOVWF       _UART_Tx_Idle_Ptr+3 
0x0450	0x8AAC      	BSF         TXSTA, 5 
0x0452	0x0E90      	MOVLW       144
0x0454	0x6EAB      	MOVWF       RCSTA 
0x0456	0x8E94      	BSF         TRISC7_bit, BitPos(TRISC7_bit+0) 
0x0458	0x9C94      	BCF         TRISC6_bit, BitPos(TRISC6_bit+0) 
L_UART1_Init0:
0x045A	0xAA9E      	BTFSS       PIR1, 5 
0x045C	0xD003      	BRA         L_UART1_Init1
0x045E	0xF000CFAE  	MOVFF       RCREG, R0
0x0462	0xD7FB      	BRA         L_UART1_Init0
L_UART1_Init1:
L_end_UART1_Init:
0x0464	0x0012      	RETURN      0
; end of _UART1_Init
_FloatToStr:
0x0466	0x6A7C      	CLRF        FloatToStr_bpoint_L0 
0x0468	0x6A7D      	CLRF        FloatToStr_dexpon_L0 
0x046A	0xF078C070  	MOVFF       FARG_FloatToStr_fnum, FloatToStr_un_L0
0x046E	0xF079C071  	MOVFF       FARG_FloatToStr_fnum+1, FloatToStr_un_L0+1
0x0472	0xF07AC072  	MOVFF       FARG_FloatToStr_fnum+2, FloatToStr_un_L0+2
0x0476	0xF07BC073  	MOVFF       FARG_FloatToStr_fnum+3, FloatToStr_un_L0+3
0x047A	0x507B      	MOVF        FloatToStr_un_L0+3, 0 
0x047C	0x0AFF      	XORLW       255
0x047E	0xE108      	BNZ         L__FloatToStr197
0x0480	0x507A      	MOVF        FloatToStr_un_L0+2, 0 
0x0482	0x0AFF      	XORLW       255
0x0484	0xE105      	BNZ         L__FloatToStr197
0x0486	0x5079      	MOVF        FloatToStr_un_L0+1, 0 
0x0488	0x0AFF      	XORLW       255
0x048A	0xE102      	BNZ         L__FloatToStr197
0x048C	0x5078      	MOVF        FloatToStr_un_L0, 0 
0x048E	0x0AFF      	XORLW       255
L__FloatToStr197:
0x0490	0xE10D      	BNZ         L_FloatToStr90
0x0492	0xF081C074  	MOVFF       FARG_FloatToStr_str, FARG_strcpy_to
0x0496	0xF082C075  	MOVFF       FARG_FloatToStr_str+1, FARG_strcpy_to+1
0x049A	0x0E27      	MOVLW       ?lstr1___Lib_Conversions
0x049C	0x0100      	MOVLB       0
0x049E	0x6F83      	MOVWF       FARG_strcpy_from, 1
0x04A0	0x0E00      	MOVLW       hi_addr(?lstr1___Lib_Conversions)
0x04A2	0x6F84      	MOVWF       FARG_strcpy_from+1, 1
0x04A4	0xDE6B      	RCALL       _strcpy
0x04A6	0x0E03      	MOVLW       3
0x04A8	0x6E00      	MOVWF       R0 
0x04AA	0xD1EB      	BRA         L_end_FloatToStr
L_FloatToStr90:
0x04AC	0x0E01      	MOVLW       1
0x04AE	0x6E76      	MOVWF       FloatToStr_i_L0 
0x04B0	0xAE7A      	BTFSS       FloatToStr_un_L0+2, 7 
0x04B2	0xD00E      	BRA         L_FloatToStr91
0x04B4	0x0E80      	MOVLW       128
0x04B6	0x187A      	XORWF       FloatToStr_un_L0+2, 0 
0x04B8	0x6E00      	MOVWF       R0 
0x04BA	0xF07AC000  	MOVFF       R0, FloatToStr_un_L0+2
0x04BE	0x2A76      	INCF        FloatToStr_i_L0, 1 
0x04C0	0xFFE1C074  	MOVFF       FARG_FloatToStr_str, FSR1L
0x04C4	0xFFE2C075  	MOVFF       FARG_FloatToStr_str+1, FSR1H
0x04C8	0x0E2D      	MOVLW       45
0x04CA	0x6EE6      	MOVWF       POSTINC1 
0x04CC	0x4A74      	INFSNZ      FARG_FloatToStr_str, 1 
0x04CE	0x2A75      	INCF        FARG_FloatToStr_str+1, 1 
L_FloatToStr91:
0x04D0	0x0E00      	MOVLW       0
0x04D2	0x6E00      	MOVWF       R0 
0x04D4	0x187B      	XORWF       FloatToStr_un_L0+3, 0 
0x04D6	0xE108      	BNZ         L__FloatToStr198
0x04D8	0x5000      	MOVF        R0, 0 
0x04DA	0x187A      	XORWF       FloatToStr_un_L0+2, 0 
0x04DC	0xE105      	BNZ         L__FloatToStr198
0x04DE	0x5000      	MOVF        R0, 0 
0x04E0	0x1879      	XORWF       FloatToStr_un_L0+1, 0 
0x04E2	0xE102      	BNZ         L__FloatToStr198
0x04E4	0x5078      	MOVF        FloatToStr_un_L0, 0 
0x04E6	0x0A00      	XORLW       0
L__FloatToStr198:
0x04E8	0xE10C      	BNZ         L_FloatToStr92
0x04EA	0x0100      	MOVLB       0
0x04EC	0xF081C074  	MOVFF       FARG_FloatToStr_str, FARG_strcpy_to
0x04F0	0xF082C075  	MOVFF       FARG_FloatToStr_str+1, FARG_strcpy_to+1
0x04F4	0x0E21      	MOVLW       ?lstr2___Lib_Conversions
0x04F6	0x6F83      	MOVWF       FARG_strcpy_from, 1
0x04F8	0x0E00      	MOVLW       hi_addr(?lstr2___Lib_Conversions)
0x04FA	0x6F84      	MOVWF       FARG_strcpy_from+1, 1
0x04FC	0xDE3F      	RCALL       _strcpy
0x04FE	0x6A00      	CLRF        R0 
0x0500	0xD1C0      	BRA         L_end_FloatToStr
L_FloatToStr92:
0x0502	0x507B      	MOVF        FloatToStr_un_L0+3, 0 
0x0504	0x0AFF      	XORLW       255
0x0506	0xE108      	BNZ         L__FloatToStr199
0x0508	0x507A      	MOVF        FloatToStr_un_L0+2, 0 
0x050A	0x0A00      	XORLW       0
0x050C	0xE105      	BNZ         L__FloatToStr199
0x050E	0x5079      	MOVF        FloatToStr_un_L0+1, 0 
0x0510	0x0A00      	XORLW       0
0x0512	0xE102      	BNZ         L__FloatToStr199
0x0514	0x5078      	MOVF        FloatToStr_un_L0, 0 
0x0516	0x0A00      	XORLW       0
L__FloatToStr199:
0x0518	0xE10D      	BNZ         L_FloatToStr93
0x051A	0x0100      	MOVLB       0
0x051C	0xF081C074  	MOVFF       FARG_FloatToStr_str, FARG_strcpy_to
0x0520	0xF082C075  	MOVFF       FARG_FloatToStr_str+1, FARG_strcpy_to+1
0x0524	0x0E23      	MOVLW       ?lstr3___Lib_Conversions
0x0526	0x6F83      	MOVWF       FARG_strcpy_from, 1
0x0528	0x0E00      	MOVLW       hi_addr(?lstr3___Lib_Conversions)
0x052A	0x6F84      	MOVWF       FARG_strcpy_from+1, 1
0x052C	0xDE27      	RCALL       _strcpy
0x052E	0xF000C076  	MOVFF       FloatToStr_i_L0, R0
0x0532	0xD1A7      	BRA         L_end_FloatToStr
L_FloatToStr93:
L_FloatToStr94:
0x0534	0x0E00      	MOVLW       0
0x0536	0x6E04      	MOVWF       R4 
0x0538	0x0E00      	MOVLW       0
0x053A	0x6E05      	MOVWF       R5 
0x053C	0x0E00      	MOVLW       0
0x053E	0x6E06      	MOVWF       R6 
0x0540	0x0E7F      	MOVLW       127
0x0542	0x6E07      	MOVWF       R7 
0x0544	0xF000C078  	MOVFF       FloatToStr_un_L0, R0
0x0548	0xF001C079  	MOVFF       FloatToStr_un_L0+1, R1
0x054C	0xF002C07A  	MOVFF       FloatToStr_un_L0+2, R2
0x0550	0xF003C07B  	MOVFF       FloatToStr_un_L0+3, R3
0x0554	0xDECA      	RCALL       _Compare_Double
0x0556	0x0E01      	MOVLW       1
0x0558	0xB0D8      	BTFSC       STATUS, 0 
0x055A	0x0E00      	MOVLW       0
0x055C	0x6E00      	MOVWF       R0 
0x055E	0x5200      	MOVF        R0, 1 
0x0560	0xE01B      	BZ          L_FloatToStr95
0x0562	0xF000C078  	MOVFF       FloatToStr_un_L0, R0
0x0566	0xF001C079  	MOVFF       FloatToStr_un_L0+1, R1
0x056A	0xF002C07A  	MOVFF       FloatToStr_un_L0+2, R2
0x056E	0xF003C07B  	MOVFF       FloatToStr_un_L0+3, R3
0x0572	0x0E00      	MOVLW       0
0x0574	0x6E04      	MOVWF       R4 
0x0576	0x0E00      	MOVLW       0
0x0578	0x6E05      	MOVWF       R5 
0x057A	0x0E20      	MOVLW       32
0x057C	0x6E06      	MOVWF       R6 
0x057E	0x0E82      	MOVLW       130
0x0580	0x6E07      	MOVWF       R7 
0x0582	0xDE23      	RCALL       _Mul_32x32_FP
0x0584	0xF078C000  	MOVFF       R0, FloatToStr_un_L0
0x0588	0xF079C001  	MOVFF       R1, FloatToStr_un_L0+1
0x058C	0xF07AC002  	MOVFF       R2, FloatToStr_un_L0+2
0x0590	0xF07BC003  	MOVFF       R3, FloatToStr_un_L0+3
0x0594	0x067D      	DECF        FloatToStr_dexpon_L0, 1 
0x0596	0xD7CE      	BRA         L_FloatToStr94
L_FloatToStr95:
L_FloatToStr96:
0x0598	0x0E00      	MOVLW       0
0x059A	0x6E04      	MOVWF       R4 
0x059C	0x0E00      	MOVLW       0
0x059E	0x6E05      	MOVWF       R5 
0x05A0	0x0E20      	MOVLW       32
0x05A2	0x6E06      	MOVWF       R6 
0x05A4	0x0E82      	MOVLW       130
0x05A6	0x6E07      	MOVWF       R7 
0x05A8	0xF000C078  	MOVFF       FloatToStr_un_L0, R0
0x05AC	0xF001C079  	MOVFF       FloatToStr_un_L0+1, R1
0x05B0	0xF002C07A  	MOVFF       FloatToStr_un_L0+2, R2
0x05B4	0xF003C07B  	MOVFF       FloatToStr_un_L0+3, R3
0x05B8	0xDE98      	RCALL       _Compare_Double
0x05BA	0x0E00      	MOVLW       0
0x05BC	0xB0D8      	BTFSC       STATUS, 0 
0x05BE	0x0E01      	MOVLW       1
0x05C0	0x6E00      	MOVWF       R0 
0x05C2	0x5200      	MOVF        R0, 1 
0x05C4	0xE01B      	BZ          L_FloatToStr97
0x05C6	0xF000C078  	MOVFF       FloatToStr_un_L0, R0
0x05CA	0xF001C079  	MOVFF       FloatToStr_un_L0+1, R1
0x05CE	0xF002C07A  	MOVFF       FloatToStr_un_L0+2, R2
0x05D2	0xF003C07B  	MOVFF       FloatToStr_un_L0+3, R3
0x05D6	0x0ECD      	MOVLW       205
0x05D8	0x6E04      	MOVWF       R4 
0x05DA	0x0ECC      	MOVLW       204
0x05DC	0x6E05      	MOVWF       R5 
0x05DE	0x0E4C      	MOVLW       76
0x05E0	0x6E06      	MOVWF       R6 
0x05E2	0x0E7B      	MOVLW       123
0x05E4	0x6E07      	MOVWF       R7 
0x05E6	0xDDF1      	RCALL       _Mul_32x32_FP
0x05E8	0xF078C000  	MOVFF       R0, FloatToStr_un_L0
0x05EC	0xF079C001  	MOVFF       R1, FloatToStr_un_L0+1
0x05F0	0xF07AC002  	MOVFF       R2, FloatToStr_un_L0+2
0x05F4	0xF07BC003  	MOVFF       R3, FloatToStr_un_L0+3
0x05F8	0x2A7D      	INCF        FloatToStr_dexpon_L0, 1 
0x05FA	0xD7CE      	BRA         L_FloatToStr96
L_FloatToStr97:
0x05FC	0x0EFF      	MOVLW       255
0x05FE	0x1478      	ANDWF       FloatToStr_un_L0, 0 
0x0600	0x6E08      	MOVWF       R8 
0x0602	0x0EFF      	MOVLW       255
0x0604	0x1479      	ANDWF       FloatToStr_un_L0+1, 0 
0x0606	0x6E09      	MOVWF       R9 
0x0608	0x0E7F      	MOVLW       127
0x060A	0x147A      	ANDWF       FloatToStr_un_L0+2, 0 
0x060C	0x6E0A      	MOVWF       R10 
0x060E	0x0E00      	MOVLW       0
0x0610	0x147B      	ANDWF       FloatToStr_un_L0+3, 0 
0x0612	0x6E0B      	MOVWF       R11 
0x0614	0xF004C008  	MOVFF       R8, R4
0x0618	0xF005C009  	MOVFF       R9, R5
0x061C	0xF006C00A  	MOVFF       R10, R6
0x0620	0xF007C00B  	MOVFF       R11, R7
0x0624	0x3604      	RLCF        R4, 1 
0x0626	0x9004      	BCF         R4, 0 
0x0628	0x3605      	RLCF        R5, 1 
0x062A	0x3606      	RLCF        R6, 1 
0x062C	0x3607      	RLCF        R7, 1 
0x062E	0x0E00      	MOVLW       0
0x0630	0x1478      	ANDWF       FloatToStr_un_L0, 0 
0x0632	0x6E00      	MOVWF       R0 
0x0634	0x0E00      	MOVLW       0
0x0636	0x1479      	ANDWF       FloatToStr_un_L0+1, 0 
0x0638	0x6E01      	MOVWF       R1 
0x063A	0x0E00      	MOVLW       0
0x063C	0x147A      	ANDWF       FloatToStr_un_L0+2, 0 
0x063E	0x6E02      	MOVWF       R2 
0x0640	0x0EFF      	MOVLW       255
0x0642	0x147B      	ANDWF       FloatToStr_un_L0+3, 0 
0x0644	0x6E03      	MOVWF       R3 
0x0646	0xF078C000  	MOVFF       R0, FloatToStr_un_L0
0x064A	0xF079C001  	MOVFF       R1, FloatToStr_un_L0+1
0x064E	0xF07AC002  	MOVFF       R2, FloatToStr_un_L0+2
0x0652	0xF07BC003  	MOVFF       R3, FloatToStr_un_L0+3
0x0656	0x5004      	MOVF        R4, 0 
0x0658	0x1078      	IORWF       FloatToStr_un_L0, 0 
0x065A	0x6E00      	MOVWF       R0 
0x065C	0x5005      	MOVF        R5, 0 
0x065E	0x1079      	IORWF       FloatToStr_un_L0+1, 0 
0x0660	0x6E01      	MOVWF       R1 
0x0662	0x5006      	MOVF        R6, 0 
0x0664	0x107A      	IORWF       FloatToStr_un_L0+2, 0 
0x0666	0x6E02      	MOVWF       R2 
0x0668	0x5007      	MOVF        R7, 0 
0x066A	0x107B      	IORWF       FloatToStr_un_L0+3, 0 
0x066C	0x6E03      	MOVWF       R3 
0x066E	0xF078C000  	MOVFF       R0, FloatToStr_un_L0
0x0672	0xF079C001  	MOVFF       R1, FloatToStr_un_L0+1
0x0676	0xF07AC002  	MOVFF       R2, FloatToStr_un_L0+2
0x067A	0xF07BC003  	MOVFF       R3, FloatToStr_un_L0+3
0x067E	0x0E7F      	MOVLW       127
0x0680	0x5C7B      	SUBWF       FloatToStr_un_L0+3, 0 
0x0682	0x6E00      	MOVWF       R0 
0x0684	0xF077C000  	MOVFF       R0, FloatToStr_d_L0
0x0688	0x0E01      	MOVLW       1
0x068A	0x6E7B      	MOVWF       FloatToStr_un_L0+3 
0x068C	0xF004C000  	MOVFF       R0, R4
0x0690	0xF000C078  	MOVFF       FloatToStr_un_L0, R0
0x0694	0xF001C079  	MOVFF       FloatToStr_un_L0+1, R1
0x0698	0xF002C07A  	MOVFF       FloatToStr_un_L0+2, R2
0x069C	0xF003C07B  	MOVFF       FloatToStr_un_L0+3, R3
0x06A0	0x5004      	MOVF        R4, 0 
L__FloatToStr200:
0x06A2	0xE007      	BZ          L__FloatToStr201
0x06A4	0x3600      	RLCF        R0, 1 
0x06A6	0x9000      	BCF         R0, 0 
0x06A8	0x3601      	RLCF        R1, 1 
0x06AA	0x3602      	RLCF        R2, 1 
0x06AC	0x3603      	RLCF        R3, 1 
0x06AE	0x0FFF      	ADDLW       255
0x06B0	0xD7F8      	BRA         L__FloatToStr200
L__FloatToStr201:
0x06B2	0xF078C000  	MOVFF       R0, FloatToStr_un_L0
0x06B6	0xF079C001  	MOVFF       R1, FloatToStr_un_L0+1
0x06BA	0xF07AC002  	MOVFF       R2, FloatToStr_un_L0+2
0x06BE	0xF07BC003  	MOVFF       R3, FloatToStr_un_L0+3
0x06C2	0xFFE1C074  	MOVFF       FARG_FloatToStr_str, FSR1L
0x06C6	0xFFE2C075  	MOVFF       FARG_FloatToStr_str+1, FSR1H
0x06CA	0x507B      	MOVF        FloatToStr_un_L0+3, 0 
0x06CC	0x0F30      	ADDLW       48
0x06CE	0x6EE6      	MOVWF       POSTINC1 
0x06D0	0x4A74      	INFSNZ      FARG_FloatToStr_str, 1 
0x06D2	0x2A75      	INCF        FARG_FloatToStr_str+1, 1 
0x06D4	0x0E80      	MOVLW       128
0x06D6	0x187D      	XORWF       FloatToStr_dexpon_L0, 0 
0x06D8	0x6E00      	MOVWF       R0 
0x06DA	0x0E80      	MOVLW       128
0x06DC	0x0A01      	XORLW       1
0x06DE	0x5C00      	SUBWF       R0, 0 
0x06E0	0xE308      	BNC         L__FloatToStr148
0x06E2	0x0E80      	MOVLW       128
0x06E4	0x0A06      	XORLW       6
0x06E6	0x6E00      	MOVWF       R0 
0x06E8	0x0E80      	MOVLW       128
0x06EA	0x187D      	XORWF       FloatToStr_dexpon_L0, 0 
0x06EC	0x5C00      	SUBWF       R0, 0 
0x06EE	0xE301      	BNC         L__FloatToStr148
0x06F0	0xD00A      	BRA         L_FloatToStr100
L__FloatToStr148:
0x06F2	0xFFE1C074  	MOVFF       FARG_FloatToStr_str, FSR1L
0x06F6	0xFFE2C075  	MOVFF       FARG_FloatToStr_str+1, FSR1H
0x06FA	0x0E2E      	MOVLW       46
0x06FC	0x6EE6      	MOVWF       POSTINC1 
0x06FE	0x4A74      	INFSNZ      FARG_FloatToStr_str, 1 
0x0700	0x2A75      	INCF        FARG_FloatToStr_str+1, 1 
0x0702	0x0E01      	MOVLW       1
0x0704	0x6E7C      	MOVWF       FloatToStr_bpoint_L0 
L_FloatToStr100:
0x0706	0x0E06      	MOVLW       6
0x0708	0x6E77      	MOVWF       FloatToStr_d_L0 
L_FloatToStr101:
0x070A	0x5077      	MOVF        FloatToStr_d_L0, 0 
0x070C	0x0A00      	XORLW       0
0x070E	0xE054      	BZ          L_FloatToStr102
0x0710	0x6A7B      	CLRF        FloatToStr_un_L0+3 
0x0712	0xF000C078  	MOVFF       FloatToStr_un_L0, R0
0x0716	0xF001C079  	MOVFF       FloatToStr_un_L0+1, R1
0x071A	0xF002C07A  	MOVFF       FloatToStr_un_L0+2, R2
0x071E	0xF003C07B  	MOVFF       FloatToStr_un_L0+3, R3
0x0722	0x3600      	RLCF        R0, 1 
0x0724	0x9000      	BCF         R0, 0 
0x0726	0x3601      	RLCF        R1, 1 
0x0728	0x3602      	RLCF        R2, 1 
0x072A	0x3603      	RLCF        R3, 1 
0x072C	0x3600      	RLCF        R0, 1 
0x072E	0x9000      	BCF         R0, 0 
0x0730	0x3601      	RLCF        R1, 1 
0x0732	0x3602      	RLCF        R2, 1 
0x0734	0x3603      	RLCF        R3, 1 
0x0736	0x5078      	MOVF        FloatToStr_un_L0, 0 
0x0738	0x2600      	ADDWF       R0, 1 
0x073A	0x5079      	MOVF        FloatToStr_un_L0+1, 0 
0x073C	0x2201      	ADDWFC      R1, 1 
0x073E	0x507A      	MOVF        FloatToStr_un_L0+2, 0 
0x0740	0x2202      	ADDWFC      R2, 1 
0x0742	0x507B      	MOVF        FloatToStr_un_L0+3, 0 
0x0744	0x2203      	ADDWFC      R3, 1 
0x0746	0xF078C000  	MOVFF       R0, FloatToStr_un_L0
0x074A	0xF079C001  	MOVFF       R1, FloatToStr_un_L0+1
0x074E	0xF07AC002  	MOVFF       R2, FloatToStr_un_L0+2
0x0752	0xF07BC003  	MOVFF       R3, FloatToStr_un_L0+3
0x0756	0xF000C078  	MOVFF       FloatToStr_un_L0, R0
0x075A	0xF001C079  	MOVFF       FloatToStr_un_L0+1, R1
0x075E	0xF002C07A  	MOVFF       FloatToStr_un_L0+2, R2
0x0762	0xF003C07B  	MOVFF       FloatToStr_un_L0+3, R3
0x0766	0x3600      	RLCF        R0, 1 
0x0768	0x9000      	BCF         R0, 0 
0x076A	0x3601      	RLCF        R1, 1 
0x076C	0x3602      	RLCF        R2, 1 
0x076E	0x3603      	RLCF        R3, 1 
0x0770	0xF078C000  	MOVFF       R0, FloatToStr_un_L0
0x0774	0xF079C001  	MOVFF       R1, FloatToStr_un_L0+1
0x0778	0xF07AC002  	MOVFF       R2, FloatToStr_un_L0+2
0x077C	0xF07BC003  	MOVFF       R3, FloatToStr_un_L0+3
0x0780	0xFFE1C074  	MOVFF       FARG_FloatToStr_str, FSR1L
0x0784	0xFFE2C075  	MOVFF       FARG_FloatToStr_str+1, FSR1H
0x0788	0x507B      	MOVF        FloatToStr_un_L0+3, 0 
0x078A	0x0F30      	ADDLW       48
0x078C	0x6EE6      	MOVWF       POSTINC1 
0x078E	0x4A74      	INFSNZ      FARG_FloatToStr_str, 1 
0x0790	0x2A75      	INCF        FARG_FloatToStr_str+1, 1 
0x0792	0x507C      	MOVF        FloatToStr_bpoint_L0, 0 
0x0794	0x0A00      	XORLW       0
0x0796	0xE10E      	BNZ         L_FloatToStr104
0x0798	0x067D      	DECF        FloatToStr_dexpon_L0, 1 
0x079A	0x507D      	MOVF        FloatToStr_dexpon_L0, 0 
0x079C	0x0A00      	XORLW       0
0x079E	0xE10A      	BNZ         L_FloatToStr105
0x07A0	0xFFE1C074  	MOVFF       FARG_FloatToStr_str, FSR1L
0x07A4	0xFFE2C075  	MOVFF       FARG_FloatToStr_str+1, FSR1H
0x07A8	0x0E2E      	MOVLW       46
0x07AA	0x6EE6      	MOVWF       POSTINC1 
0x07AC	0x4A74      	INFSNZ      FARG_FloatToStr_str, 1 
0x07AE	0x2A75      	INCF        FARG_FloatToStr_str+1, 1 
0x07B0	0x0E01      	MOVLW       1
0x07B2	0x6E7C      	MOVWF       FloatToStr_bpoint_L0 
L_FloatToStr105:
L_FloatToStr104:
0x07B4	0x0677      	DECF        FloatToStr_d_L0, 1 
0x07B6	0xD7A9      	BRA         L_FloatToStr101
L_FloatToStr102:
L_FloatToStr106:
0x07B8	0x0EFF      	MOVLW       255
0x07BA	0x2474      	ADDWF       FARG_FloatToStr_str, 0 
0x07BC	0x6EE9      	MOVWF       FSR0L 
0x07BE	0x0EFF      	MOVLW       255
0x07C0	0x2075      	ADDWFC      FARG_FloatToStr_str+1, 0 
0x07C2	0x6EEA      	MOVWF       FSR0H 
0x07C4	0x50EE      	MOVF        POSTINC0, 0 
0x07C6	0x0A30      	XORLW       48
0x07C8	0xE105      	BNZ         L_FloatToStr107
0x07CA	0x0E01      	MOVLW       1
0x07CC	0x5E74      	SUBWF       FARG_FloatToStr_str, 1 
0x07CE	0x0E00      	MOVLW       0
0x07D0	0x5A75      	SUBWFB      FARG_FloatToStr_str+1, 1 
0x07D2	0xD7F2      	BRA         L_FloatToStr106
L_FloatToStr107:
0x07D4	0x0EFF      	MOVLW       255
0x07D6	0x2474      	ADDWF       FARG_FloatToStr_str, 0 
0x07D8	0x6EE9      	MOVWF       FSR0L 
0x07DA	0x0EFF      	MOVLW       255
0x07DC	0x2075      	ADDWFC      FARG_FloatToStr_str+1, 0 
0x07DE	0x6EEA      	MOVWF       FSR0H 
0x07E0	0x50EE      	MOVF        POSTINC0, 0 
0x07E2	0x0A2E      	XORLW       46
0x07E4	0xE104      	BNZ         L_FloatToStr108
0x07E6	0x0E01      	MOVLW       1
0x07E8	0x5E74      	SUBWF       FARG_FloatToStr_str, 1 
0x07EA	0x0E00      	MOVLW       0
0x07EC	0x5A75      	SUBWFB      FARG_FloatToStr_str+1, 1 
L_FloatToStr108:
0x07EE	0x507D      	MOVF        FloatToStr_dexpon_L0, 0 
0x07F0	0x0A00      	XORLW       0
0x07F2	0xE041      	BZ          L_FloatToStr109
0x07F4	0xFFE1C074  	MOVFF       FARG_FloatToStr_str, FSR1L
0x07F8	0xFFE2C075  	MOVFF       FARG_FloatToStr_str+1, FSR1H
0x07FC	0x0E65      	MOVLW       101
0x07FE	0x6EE6      	MOVWF       POSTINC1 
0x0800	0x4A74      	INFSNZ      FARG_FloatToStr_str, 1 
0x0802	0x2A75      	INCF        FARG_FloatToStr_str+1, 1 
0x0804	0x0E80      	MOVLW       128
0x0806	0x187D      	XORWF       FloatToStr_dexpon_L0, 0 
0x0808	0x6E00      	MOVWF       R0 
0x080A	0x0E80      	MOVLW       128
0x080C	0x0A00      	XORLW       0
0x080E	0x5C00      	SUBWF       R0, 0 
0x0810	0xE20B      	BC          L_FloatToStr110
0x0812	0xFFE1C074  	MOVFF       FARG_FloatToStr_str, FSR1L
0x0816	0xFFE2C075  	MOVFF       FARG_FloatToStr_str+1, FSR1H
0x081A	0x0E2D      	MOVLW       45
0x081C	0x6EE6      	MOVWF       POSTINC1 
0x081E	0x4A74      	INFSNZ      FARG_FloatToStr_str, 1 
0x0820	0x2A75      	INCF        FARG_FloatToStr_str+1, 1 
0x0822	0x507D      	MOVF        FloatToStr_dexpon_L0, 0 
0x0824	0x0800      	SUBLW       0
0x0826	0x6E7D      	MOVWF       FloatToStr_dexpon_L0 
L_FloatToStr110:
0x0828	0xF077C07D  	MOVFF       FloatToStr_dexpon_L0, FloatToStr_d_L0
0x082C	0x0E80      	MOVLW       128
0x082E	0x0A09      	XORLW       9
0x0830	0x6E00      	MOVWF       R0 
0x0832	0x0E80      	MOVLW       128
0x0834	0x187D      	XORWF       FloatToStr_dexpon_L0, 0 
0x0836	0x5C00      	SUBWF       R0, 0 
0x0838	0xE20E      	BC          L_FloatToStr111
0x083A	0x0E0A      	MOVLW       10
0x083C	0x6E04      	MOVWF       R4 
0x083E	0xF000C077  	MOVFF       FloatToStr_d_L0, R0
0x0842	0xDC4D      	RCALL       _Div_8X8_S
0x0844	0xFFE1C074  	MOVFF       FARG_FloatToStr_str, FSR1L
0x0848	0xFFE2C075  	MOVFF       FARG_FloatToStr_str+1, FSR1H
0x084C	0x5000      	MOVF        R0, 0 
0x084E	0x0F30      	ADDLW       48
0x0850	0x6EE6      	MOVWF       POSTINC1 
0x0852	0x4A74      	INFSNZ      FARG_FloatToStr_str, 1 
0x0854	0x2A75      	INCF        FARG_FloatToStr_str+1, 1 
L_FloatToStr111:
0x0856	0x0E0A      	MOVLW       10
0x0858	0x6E04      	MOVWF       R4 
0x085A	0xF000C077  	MOVFF       FloatToStr_d_L0, R0
0x085E	0xDC3F      	RCALL       _Div_8X8_S
0x0860	0xF000C008  	MOVFF       R8, R0
0x0864	0xFFE1C074  	MOVFF       FARG_FloatToStr_str, FSR1L
0x0868	0xFFE2C075  	MOVFF       FARG_FloatToStr_str+1, FSR1H
0x086C	0x5000      	MOVF        R0, 0 
0x086E	0x0F30      	ADDLW       48
0x0870	0x6EE6      	MOVWF       POSTINC1 
0x0872	0x4A74      	INFSNZ      FARG_FloatToStr_str, 1 
0x0874	0x2A75      	INCF        FARG_FloatToStr_str+1, 1 
L_FloatToStr109:
0x0876	0xFFE1C074  	MOVFF       FARG_FloatToStr_str, FSR1L
0x087A	0xFFE2C075  	MOVFF       FARG_FloatToStr_str+1, FSR1H
0x087E	0x6AE6      	CLRF        POSTINC1 
0x0880	0x6A00      	CLRF        R0 
L_end_FloatToStr:
0x0882	0x0012      	RETURN      0
; end of _FloatToStr
_Div_32x32_FP:
0x0884	0x5004      	MOVF        R4, 0 
0x0886	0x0A00      	XORLW       0
0x0888	0xE112      	BNZ         L_Div_32x32_FP11
0x088A	0x5005      	MOVF        R5, 0 
0x088C	0x0A00      	XORLW       0
0x088E	0xE10F      	BNZ         L_Div_32x32_FP12
0x0890	0x5006      	MOVF        R6, 0 
0x0892	0x0A00      	XORLW       0
0x0894	0xE10C      	BNZ         L_Div_32x32_FP13
0x0896	0x5007      	MOVF        R7, 0 
0x0898	0x0A00      	XORLW       0
0x089A	0xE109      	BNZ         L_Div_32x32_FP14
0x089C	0x0EFF      	MOVLW       255
0x089E	0x6E00      	MOVWF       R0 
0x08A0	0x0EFF      	MOVLW       255
0x08A2	0x6E01      	MOVWF       R1 
0x08A4	0x0E7F      	MOVLW       127
0x08A6	0x6E02      	MOVWF       R2 
0x08A8	0x0EFF      	MOVLW       255
0x08AA	0x6E03      	MOVWF       R3 
0x08AC	0xD0A8      	BRA         L_end_Div_32x32_FP
L_Div_32x32_FP14:
L_Div_32x32_FP13:
L_Div_32x32_FP12:
L_Div_32x32_FP11:
0x08AE	0x6A08      	CLRF        R8, 0
0x08B0	0x6A09      	CLRF        R9, 0
0x08B2	0x5007      	MOVF        R7, 0, 0
0x08B4	0xB4D8      	BTFSC       STATUS, 2, 0
0x08B6	0xF004EFED  	GOTO        JPDSETFDZ32
0x08BA	0x5003      	MOVF        R3, 0, 0
0x08BC	0xB4D8      	BTFSC       STATUS, 2, 0
0x08BE	0xF004EFF2  	GOTO        JPDRES032
0x08C2	0x5002      	MOVF        R2, 0, 0
0x08C4	0x1806      	XORWF       R6, 0, 0
0x08C6	0x6E0A      	MOVWF       R10, 0
0x08C8	0x8E02      	BSF         R2, 7, 0
0x08CA	0x8E06      	BSF         R6, 7, 0
0x08CC	0x6A0E      	CLRF        R14, 0
0x08CE	0xF008C002  	MOVFF       R2, R8
0x08D2	0xF00CC001  	MOVFF       R1, R12
0x08D6	0xF00DC000  	MOVFF       R0, R13
0x08DA	0x5004      	MOVF        R4, 0, 0
0x08DC	0x5E0D      	SUBWF       R13, 1, 0
0x08DE	0x5005      	MOVF        R5, 0, 0
0x08E0	0xA0D8      	BTFSS       STATUS, 0, 0
0x08E2	0x3C05      	INCFSZ      R5, 0, 0
0x08E4	0x5E0C      	SUBWF       R12, 1, 0
0x08E6	0x5006      	MOVF        R6, 0, 0
0x08E8	0xA0D8      	BTFSS       STATUS, 0, 0
0x08EA	0x3C06      	INCFSZ      R6, 0, 0
0x08EC	0x5E08      	SUBWF       R8, 1, 0
0x08EE	0x6A08      	CLRF        R8, 0
0x08F0	0x6A0C      	CLRF        R12, 0
0x08F2	0x6A0D      	CLRF        R13, 0
0x08F4	0xA0D8      	BTFSS       STATUS, 0, 0
0x08F6	0xF004EF84  	GOTO        DALIGN32OK
0x08FA	0x90D8      	BCF         STATUS, 0, 0
0x08FC	0x3202      	RRCF        R2, 1, 0
0x08FE	0x3201      	RRCF        R1, 1, 0
0x0900	0x3200      	RRCF        R0, 1, 0
0x0902	0x3208      	RRCF        R8, 1, 0
0x0904	0x0E01      	MOVLW       1
0x0906	0x6E0E      	MOVWF       R14, 0
DALIGN32OK:
0x0908	0x5007      	MOVF        R7, 0, 0
0x090A	0x5E03      	SUBWF       R3, 1, 0
0x090C	0xA0D8      	BTFSS       STATUS, 0, 0
0x090E	0xF004EF91  	GOTO        ALTB32
0x0912	0x0E7E      	MOVLW       126
0x0914	0x240E      	ADDWF       R14, 0, 0
0x0916	0x2603      	ADDWF       R3, 1, 0
0x0918	0xB0D8      	BTFSC       STATUS, 0, 0
0x091A	0xF004EFF7  	GOTO        JPDSETFOV32
0x091E	0xF004EF97  	GOTO        DARGOK32
ALTB32:
0x0922	0x0E7E      	MOVLW       126
0x0924	0x240E      	ADDWF       R14, 0, 0
0x0926	0x2603      	ADDWF       R3, 1, 0
0x0928	0xA0D8      	BTFSS       STATUS, 0, 0
0x092A	0xF004EFFC  	GOTO        JPDSETFUN32
DARGOK32:
0x092E	0x0E18      	MOVLW       24
0x0930	0x6E0B      	MOVWF       R11, 0
DLOOP32:
0x0932	0x360D      	RLCF        R13, 1, 0
0x0934	0x360C      	RLCF        R12, 1, 0
0x0936	0x3608      	RLCF        R8, 1, 0
0x0938	0x3600      	RLCF        R0, 1, 0
0x093A	0x3601      	RLCF        R1, 1, 0
0x093C	0x3602      	RLCF        R2, 1, 0
0x093E	0x360E      	RLCF        R14, 1, 0
0x0940	0x5004      	MOVF        R4, 0, 0
0x0942	0x5E00      	SUBWF       R0, 1, 0
0x0944	0x5005      	MOVF        R5, 0, 0
0x0946	0xA0D8      	BTFSS       STATUS, 0, 0
0x0948	0x3C05      	INCFSZ      R5, 0, 0
0x094A	0x5E01      	SUBWF       R1, 1, 0
0x094C	0x5006      	MOVF        R6, 0, 0
0x094E	0xA0D8      	BTFSS       STATUS, 0, 0
0x0950	0x3C06      	INCFSZ      R6, 0, 0
0x0952	0x5E02      	SUBWF       R2, 1, 0
0x0954	0x3406      	RLCF        R6, 0, 0
0x0956	0x120E      	IORWF       R14, 1, 0
0x0958	0xA00E      	BTFSS       R14, 0, 0
0x095A	0xF004EFB2  	GOTO        DREST32
0x095E	0x800D      	BSF         R13, 0, 0
0x0960	0xF004EFBD  	GOTO        DOK32
DREST32:
0x0964	0x5004      	MOVF        R4, 0, 0
0x0966	0x2600      	ADDWF       R0, 1, 0
0x0968	0x5005      	MOVF        R5, 0, 0
0x096A	0xB0D8      	BTFSC       STATUS, 0, 0
0x096C	0x3C05      	INCFSZ      R5, 0, 0
0x096E	0x2601      	ADDWF       R1, 1, 0
0x0970	0x5006      	MOVF        R6, 0, 0
0x0972	0xB0D8      	BTFSC       STATUS, 0, 0
0x0974	0x2806      	INCF        R6, 0, 0
0x0976	0x2602      	ADDWF       R2, 1, 0
0x0978	0x900D      	BCF         R13, 0, 0
DOK32:
0x097A	0x2E0B      	DECFSZ      R11, 1, 0
0x097C	0xF004EF99  	GOTO        DLOOP32
0x0980	0xF004EFE3  	GOTO        DIV32OK
0x0984	0x90D8      	BCF         STATUS, 0, 0
0x0986	0x3600      	RLCF        R0, 1, 0
0x0988	0x3601      	RLCF        R1, 1, 0
0x098A	0x3602      	RLCF        R2, 1, 0
0x098C	0x360E      	RLCF        R14, 1, 0
0x098E	0x5004      	MOVF        R4, 0, 0
0x0990	0x5E00      	SUBWF       R0, 1, 0
0x0992	0x5005      	MOVF        R5, 0, 0
0x0994	0xA0D8      	BTFSS       STATUS, 0, 0
0x0996	0x3C05      	INCFSZ      R5, 0, 0
0x0998	0x5E01      	SUBWF       R1, 1, 0
0x099A	0x5006      	MOVF        R6, 0, 0
0x099C	0xA0D8      	BTFSS       STATUS, 0, 0
0x099E	0x3C06      	INCFSZ      R6, 0, 0
0x09A0	0x5E02      	SUBWF       R2, 1, 0
0x09A2	0x3406      	RLCF        R6, 0, 0
0x09A4	0x100E      	IORWF       R14, 0, 0
0x09A6	0x0B01      	ANDLW       1
0x09A8	0x260D      	ADDWF       R13, 1, 0
0x09AA	0xB0D8      	BTFSC       STATUS, 0, 0
0x09AC	0x2A0C      	INCF        R12, 1, 0
0x09AE	0xB4D8      	BTFSC       STATUS, 2, 0
0x09B0	0x2A08      	INCF        R8, 1, 0
0x09B2	0xA4D8      	BTFSS       STATUS, 2, 0
0x09B4	0xF004EFE3  	GOTO        DIV32OK
0x09B8	0x3208      	RRCF        R8, 1, 0
0x09BA	0x320C      	RRCF        R12, 1, 0
0x09BC	0x320D      	RRCF        R13, 1, 0
0x09BE	0x2A03      	INCF        R3, 1, 0
0x09C0	0xB4D8      	BTFSC       STATUS, 2, 0
0x09C2	0xF004EFF7  	GOTO        JPDSETFOV32
DIV32OK:
0x09C6	0xAE0A      	BTFSS       R10, 7, 0
0x09C8	0x9E08      	BCF         R8, 7, 0
0x09CA	0x5008      	MOVF        R8, 0, 0
0x09CC	0x6E02      	MOVWF       R2, 0
0x09CE	0x500C      	MOVF        R12, 0, 0
0x09D0	0x6E01      	MOVWF       R1, 0
0x09D2	0x500D      	MOVF        R13, 0, 0
0x09D4	0x6E00      	MOVWF       R0, 0
0x09D6	0xF004EFFF  	GOTO        DIV32EEE
JPDSETFDZ32:
0x09DA	0x0E01      	MOVLW       1
0x09DC	0xF000EC32  	CALL        _SETFDZ32, 0
0x09E0	0xF004EFFF  	GOTO        DIV32EEE
JPDRES032:
0x09E4	0x0E02      	MOVLW       2
0x09E6	0xF000EC1F  	CALL        _RES032, 0
0x09EA	0xF004EFFF  	GOTO        DIV32EEE
JPDSETFOV32:
0x09EE	0x0E04      	MOVLW       4
0x09F0	0xF000EC26  	CALL        _SETFOV32, 0
0x09F4	0xF004EFFF  	GOTO        DIV32EEE
JPDSETFUN32:
0x09F8	0x0E08      	MOVLW       8
0x09FA	0xF000EC12  	CALL        _SETFUN32, 0
DIV32EEE:
L_end_Div_32x32_FP:
0x09FE	0x0012      	RETURN      0
; end of _Div_32x32_FP
_ADC_Read:
0x0A00	0x6AC2      	CLRF        ADCON0 
0x0A02	0x1C20      	COMF        _vref_mask, 0 
0x0A04	0x6E00      	MOVWF       R0 
0x0A06	0x5000      	MOVF        R0, 0 
0x0A08	0x16C1      	ANDWF       ADCON1, 1 
0x0A0A	0x0E07      	MOVLW       7
0x0A0C	0x12C0      	IORWF       ADCON2, 1 
0x0A0E	0x8EC0      	BSF         ADCON2, 7 
0x0A10	0xF000C070  	MOVFF       FARG_ADC_Read_channel, R0
0x0A14	0x3600      	RLCF        R0, 1 
0x0A16	0x9000      	BCF         R0, 0 
0x0A18	0x3600      	RLCF        R0, 1 
0x0A1A	0x9000      	BCF         R0, 0 
0x0A1C	0x5000      	MOVF        R0, 0 
0x0A1E	0x12C2      	IORWF       ADCON0, 1 
0x0A20	0x80C2      	BSF         ADCON0, 0 
0x0A22	0xDCD1      	RCALL       _Delay_22us
0x0A24	0x82C2      	BSF         ADCON0, 1 
L_ADC_Read2:
0x0A26	0xA2C2      	BTFSS       ADCON0, 1 
0x0A28	0xD001      	BRA         L_ADC_Read3
0x0A2A	0xD7FD      	BRA         L_ADC_Read2
L_ADC_Read3:
0x0A2C	0xF001CFC4  	MOVFF       ADRESH, R1
0x0A30	0x6A00      	CLRF        R0 
0x0A32	0x50C3      	MOVF        ADRESL, 0 
0x0A34	0x1200      	IORWF       R0, 1 
0x0A36	0x0E00      	MOVLW       0
0x0A38	0x1201      	IORWF       R1, 1 
0x0A3A	0x90C2      	BCF         ADCON0, 0 
L_end_ADC_Read:
0x0A3C	0x0012      	RETURN      0
; end of _ADC_Read
_int2double:
0x0A3E	0xF008C000  	MOVFF       R0, R8
0x0A42	0x5001      	MOVF        R1, 0, 0
0x0A44	0x6E00      	MOVWF       R0, 0
0x0A46	0x6A01      	CLRF        R1, 0
0x0A48	0x6A02      	CLRF        R2, 0
0x0A4A	0x6A03      	CLRF        R3, 0
0x0A4C	0x6A0B      	CLRF        R11, 0
0x0A4E	0x6A0C      	CLRF        R12, 0
0x0A50	0x6A01      	CLRF        R1, 0
0x0A52	0x6A02      	CLRF        R2, 0
0x0A54	0x6A03      	CLRF        R3, 0
0x0A56	0x0E96      	MOVLW       150
0x0A58	0x6E03      	MOVWF       R3, 0
0x0A5A	0x6A0A      	CLRF        R10, 0
0x0A5C	0xAE00      	BTFSS       R0, 7, 0
0x0A5E	0xF005EF37  	GOTO        FLO1632EEE
0x0A62	0x1E08      	COMF        R8, 1, 0
0x0A64	0x1E00      	COMF        R0, 1, 0
0x0A66	0x2A08      	INCF        R8, 1, 0
0x0A68	0xB4D8      	BTFSC       STATUS, 2, 0
0x0A6A	0x2A00      	INCF        R0, 1, 0
0x0A6C	0x8E0A      	BSF         R10, 7, 0
FLO1632EEE:
0x0A6E	0xF001C000  	MOVFF       R0, R1
0x0A72	0xF000C008  	MOVFF       R8, R0
0x0A76	0x6A08      	CLRF        R8, 0
0x0A78	0x6A02      	CLRF        R2, 0
0x0A7A	0xF000EC36  	CALL        _NRM3232, 0
L_end_int2double:
0x0A7E	0x0012      	RETURN      0
; end of _int2double
_main:
0x0A80	0xF005ECCD  	CALL        2970, 0
0x0A84	0x0EFF      	MOVLW       255
0x0A86	0x6E92      	MOVWF       TRISA 
0x0A88	0x0E01      	MOVLW       1
0x0A8A	0x6EC2      	MOVWF       ADCON0 
0x0A8C	0x0E0E      	MOVLW       14
0x0A8E	0x6EC1      	MOVWF       ADCON1 
0x0A90	0x86B8      	BSF         BAUDCON, 3, 0
0x0A92	0x6AB0      	CLRF        SPBRGH 
0x0A94	0x0E67      	MOVLW       103
0x0A96	0x6EAF      	MOVWF       SPBRG 
0x0A98	0x84AC      	BSF         TXSTA, 2, 0
0x0A9A	0xDCBA      	RCALL       _UART1_Init
0x0A9C	0x0E82      	MOVLW       130
0x0A9E	0x6E0C      	MOVWF       R12, 0
0x0AA0	0x0EDD      	MOVLW       221
0x0AA2	0x6E0D      	MOVWF       R13, 0
L_main0:
0x0AA4	0x2E0D      	DECFSZ      R13, 1, 0
0x0AA6	0xD7FE      	BRA         L_main0
0x0AA8	0x2E0C      	DECFSZ      R12, 1, 0
0x0AAA	0xD7FC      	BRA         L_main0
0x0AAC	0x0000      	NOP
0x0AAE	0x0000      	NOP
0x0AB0	0x0E2D      	MOVLW       ?lstr1_C_Term_Sensor
0x0AB2	0x6E70      	MOVWF       FARG_UART1_Write_Text_uart_text 
0x0AB4	0x0E00      	MOVLW       hi_addr(?lstr1_C_Term_Sensor)
0x0AB6	0x6E71      	MOVWF       FARG_UART1_Write_Text_uart_text+1 
0x0AB8	0xDC8B      	RCALL       _UART1_Write_Text
L_main1:
0x0ABA	0x6A70      	CLRF        FARG_ADC_Read_channel 
0x0ABC	0xDFA1      	RCALL       _ADC_Read
0x0ABE	0xF02BC000  	MOVFF       R0, _LM_Value
0x0AC2	0xF02CC001  	MOVFF       R1, _LM_Value+1
0x0AC6	0xDFBB      	RCALL       _int2double
0x0AC8	0x0E00      	MOVLW       0
0x0ACA	0x6E04      	MOVWF       R4 
0x0ACC	0x0E00      	MOVLW       0
0x0ACE	0x6E05      	MOVWF       R5 
0x0AD0	0x0E20      	MOVLW       32
0x0AD2	0x6E06      	MOVWF       R6 
0x0AD4	0x0E81      	MOVLW       129
0x0AD6	0x6E07      	MOVWF       R7 
0x0AD8	0xF000ECE5  	CALL        _Mul_32x32_FP, 0
0x0ADC	0x0E00      	MOVLW       0
0x0ADE	0x6E04      	MOVWF       R4 
0x0AE0	0x0E00      	MOVLW       0
0x0AE2	0x6E05      	MOVWF       R5 
0x0AE4	0x0E00      	MOVLW       0
0x0AE6	0x6E06      	MOVWF       R6 
0x0AE8	0x0E89      	MOVLW       137
0x0AEA	0x6E07      	MOVWF       R7 
0x0AEC	0xDECB      	RCALL       _Div_32x32_FP
0x0AEE	0x0E00      	MOVLW       0
0x0AF0	0x6E04      	MOVWF       R4 
0x0AF2	0x0E00      	MOVLW       0
0x0AF4	0x6E05      	MOVWF       R5 
0x0AF6	0x0E48      	MOVLW       72
0x0AF8	0x6E06      	MOVWF       R6 
0x0AFA	0x0E85      	MOVLW       133
0x0AFC	0x6E07      	MOVWF       R7 
0x0AFE	0xF000ECE5  	CALL        _Mul_32x32_FP, 0
0x0B02	0xF01CC000  	MOVFF       R0, _Celsius
0x0B06	0xF01DC001  	MOVFF       R1, _Celsius+1
0x0B0A	0xF01EC002  	MOVFF       R2, _Celsius+2
0x0B0E	0xF01FC003  	MOVFF       R3, _Celsius+3
0x0B12	0xF070C000  	MOVFF       R0, FARG_FloatToStr_fnum
0x0B16	0xF071C001  	MOVFF       R1, FARG_FloatToStr_fnum+1
0x0B1A	0xF072C002  	MOVFF       R2, FARG_FloatToStr_fnum+2
0x0B1E	0xF073C003  	MOVFF       R3, FARG_FloatToStr_fnum+3
0x0B22	0x0E42      	MOVLW       _text
0x0B24	0x6E74      	MOVWF       FARG_FloatToStr_str 
0x0B26	0x0E00      	MOVLW       hi_addr(_text)
0x0B28	0x6E75      	MOVWF       FARG_FloatToStr_str+1 
0x0B2A	0xDC9D      	RCALL       _FloatToStr
0x0B2C	0x0E42      	MOVLW       _text
0x0B2E	0x6E70      	MOVWF       FARG_UART1_Write_Text_uart_text 
0x0B30	0x0E00      	MOVLW       hi_addr(_text)
0x0B32	0x6E71      	MOVWF       FARG_UART1_Write_Text_uart_text+1 
0x0B34	0xDC4D      	RCALL       _UART1_Write_Text
0x0B36	0x0E15      	MOVLW       ?lstr2_C_Term_Sensor
0x0B38	0x6E70      	MOVWF       FARG_UART1_Write_Text_uart_text 
0x0B3A	0x0E00      	MOVLW       hi_addr(?lstr2_C_Term_Sensor)
0x0B3C	0x6E71      	MOVWF       FARG_UART1_Write_Text_uart_text+1 
0x0B3E	0xDC48      	RCALL       _UART1_Write_Text
0x0B40	0x0E0A      	MOVLW       10
0x0B42	0x6E7E      	MOVWF       FARG_UART1_Write_data_ 
0x0B44	0xDC39      	RCALL       _UART1_Write
0x0B46	0x0E0D      	MOVLW       13
0x0B48	0x6E7E      	MOVWF       FARG_UART1_Write_data_ 
0x0B4A	0xDC36      	RCALL       _UART1_Write
0x0B4C	0x0E03      	MOVLW       3
0x0B4E	0x6E0B      	MOVWF       R11, 0
0x0B50	0x0E8A      	MOVLW       138
0x0B52	0x6E0C      	MOVWF       R12, 0
0x0B54	0x0E55      	MOVLW       85
0x0B56	0x6E0D      	MOVWF       R13, 0
L_main3:
0x0B58	0x2E0D      	DECFSZ      R13, 1, 0
0x0B5A	0xD7FE      	BRA         L_main3
0x0B5C	0x2E0C      	DECFSZ      R12, 1, 0
0x0B5E	0xD7FC      	BRA         L_main3
0x0B60	0x2E0B      	DECFSZ      R11, 1, 0
0x0B62	0xD7FA      	BRA         L_main3
0x0B64	0x0000      	NOP
0x0B66	0x0000      	NOP
0x0B68	0xD7A8      	BRA         L_main1
L_end_main:
0x0B6A	0xD7FF      	BRA         $+0
; end of _main
0x0B9A	0xF015EE10  	LFSR        1, 21
0x0B9E	0x0E2D      	MOVLW       45
0x0BA0	0x6E00      	MOVWF       R0 
0x0BA2	0x0E01      	MOVLW       1
0x0BA4	0x6E01      	MOVWF       R1 
0x0BA6	0x0E6C      	MOVLW       108
0x0BA8	0x6EF6      	MOVWF       4086 
0x0BAA	0x0E0B      	MOVLW       11
0x0BAC	0x6EF7      	MOVWF       TBLPTRH 
0x0BAE	0x0E00      	MOVLW       0
0x0BB0	0x6EF8      	MOVWF       TBLPTRU 
0x0BB2	0xF002EC00  	CALL        1024, 0
0x0BB6	0x0012      	RETURN      0
;C_Term_Sensor.c,0 :: ?ICS?lstr2_C_Term_Sensor
0x0B6C	0x6F20 ;?ICS?lstr2_C_Term_Sensor+0
0x0B6E	0x2E43 ;?ICS?lstr2_C_Term_Sensor+2
0x0B70	0x2E2E ;?ICS?lstr2_C_Term_Sensor+4
0x0B72	0x00 ;?ICS?lstr2_C_Term_Sensor+6
; end of ?ICS?lstr2_C_Term_Sensor
;C_Term_Sensor.c,0 :: ?ICS_Celsius
0x0B73	0x0000 ;?ICS_Celsius+0
0x0B75	0x0000 ;?ICS_Celsius+2
; end of ?ICS_Celsius
;__Lib_ADC_A_D.c,0 :: ?ICS_vref_mask
0x0B77	0x30 ;?ICS_vref_mask+0
; end of ?ICS_vref_mask
;__Lib_Conversions.c,0 :: ?ICS?lstr2___Lib_Conversions
0x0B78	0x0030 ;?ICS?lstr2___Lib_Conversions+0
; end of ?ICS?lstr2___Lib_Conversions
;__Lib_Conversions.c,0 :: ?ICS?lstr3___Lib_Conversions
0x0B7A	0x4E49 ;?ICS?lstr3___Lib_Conversions+0
0x0B7C	0x0046 ;?ICS?lstr3___Lib_Conversions+2
; end of ?ICS?lstr3___Lib_Conversions
;__Lib_Conversions.c,0 :: ?ICS?lstr1___Lib_Conversions
0x0B7E	0x614E ;?ICS?lstr1___Lib_Conversions+0
0x0B80	0x004E ;?ICS?lstr1___Lib_Conversions+2
; end of ?ICS?lstr1___Lib_Conversions
;C_Term_Sensor.c,0 :: ?ICS_LM_Value
0x0B82	0x0000 ;?ICS_LM_Value+0
; end of ?ICS_LM_Value
;C_Term_Sensor.c,0 :: ?ICS?lstr1_C_Term_Sensor
0x0B84	0x6554 ;?ICS?lstr1_C_Term_Sensor+0
0x0B86	0x706D ;?ICS?lstr1_C_Term_Sensor+2
0x0B88	0x7265 ;?ICS?lstr1_C_Term_Sensor+4
0x0B8A	0x7461 ;?ICS?lstr1_C_Term_Sensor+6
0x0B8C	0x7275 ;?ICS?lstr1_C_Term_Sensor+8
0x0B8E	0x2061 ;?ICS?lstr1_C_Term_Sensor+10
0x0B90	0x656D ;?ICS?lstr1_C_Term_Sensor+12
0x0B92	0x6964 ;?ICS?lstr1_C_Term_Sensor+14
0x0B94	0x6164 ;?ICS?lstr1_C_Term_Sensor+16
0x0B96	0x203A ;?ICS?lstr1_C_Term_Sensor+18
0x0B98	0x00 ;?ICS?lstr1_C_Term_Sensor+20
; end of ?ICS?lstr1_C_Term_Sensor
Symbol List:
//** Routines locations **
//ADDRESS    SIZE    PROCEDURE
//----------------------------------------------
0x001C       [8]    _FIXSIGN32
0x0024      [26]    _SETFUN32
0x003E      [14]    _RES032
0x004C      [24]    _SETFOV32
0x0064       [8]    _SETFDZ32
0x006C     [114]    _NRM3232
0x00DE     [158]    _Div_8X8_S
0x017C      [78]    _strcpy
0x01CA     [288]    _Mul_32x32_FP
0x02EA     [206]    _Compare_Double
0x03B8      [14]    _UART1_Write
0x03C6      [10]    _Delay_22us
0x03D0      [48]    _UART1_Write_Text
0x0400      [16]    ___CC2DW
0x0410      [86]    _UART1_Init
0x0466    [1054]    _FloatToStr
0x0884     [380]    _Div_32x32_FP
0x0A00      [62]    _ADC_Read
0x0A3E      [66]    _int2double
0x0A80     [236]    _main
//** Variables locations ** 
//ADDRESS    SIZE    VARIABLE
//----------------------------------------------
0x0000       [1]    R0
0x0000       [1]    __Lib_SoftI2C_PutZerosToLATScl_temp_scl_L0
0x0000       [1]    __Lib_SoftI2C_PutZerosToLATSda_temp_sda_L0
0x0000       [1]    SPI1_Write_tmp_L0
0x0000       [1]    FLASH_Erase_64_SaveINTCON_L0
0x0000       [1]    UART1_Init_tmp_L0
0x0000       [1]    EEPROM_Write_SaveINTCON_L0
0x0001       [1]    UART1_Read___tmp_UART1_Read_L0
0x0001       [1]    FLASH_Erase_Write_64_i_L0
0x0001       [1]    ispunct_rslt_L0
0x0001       [1]    __Lib_PS2_Wait_Falling_nsample_L0
0x0001       [1]    __Lib_TFT_JPEG_FileRead_i_L0
0x0001       [1]    __Lib_TFT_16bit_JPEG_FileRead_i_L0
0x0001       [1]    __Lib_TFT_JPEG_FileReadBytes_Result_L0
0x0001       [1]    __Lib_TFT_16bit_JPEG_FileReadBytes_Result_L0
0x0001       [1]    R1
0x0001       [1]    FLASH_Write_32_i_L0
0x0001       [2]    FLASH_Read_N_Bytes_i_L0
0x0002       [1]    FLASH_Write_32_SaveINTCON_L0
0x0002       [2]    __Lib_TFT_Defs_Read_From_Port_dataPort_L0
0x0002       [2]    __Lib_FT800_alt_strlen_cp_L0
0x0002       [2]    memset_pp_L0
0x0002       [2]    memcpy_dd_L0
0x0002       [1]    R2
0x0002       [2]    __Lib_FT810_alt_memcpy_dd_L0
0x0002       [2]    memchr_s_L0
0x0002       [2]    __Lib_FT800_alt_memcpy_dd_L0
0x0002       [2]    __Lib_FT810_alt_memset_pp_L0
0x0002       [1]    FLASH_Erase_Write_64_j_L0
0x0002       [2]    __Lib_FT800_alt_memset_pp_L0
0x0002       [2]    strlen_cp_L0
0x0002       [2]    __Lib_FT812_alt_memset_pp_L0
0x0002       [2]    __Lib_FT810_alt_strlen_cp_L0
0x0002       [2]    __Lib_FT812_alt_strlen_cp_L0
0x0002       [2]    __Lib_FT812_alt_memcpy_dd_L0
0x0003       [2]    Ltrim_original_L0
0x0003       [1]    R3
0x0003       [1]    MM_Init_i_L0
0x0003       [2]    MM_TotalFreeMemSize_Tot_L0
0x0003       [2]    __Lib_MmcFat16_f16_toInt_l_L0
0x0003       [4]    FT812_Canvas_SurrRect_minX_L0
0x0003       [4]    FT810_Canvas_SurrRect_minX_L0
0x0003       [2]    memmove_tt_L0
0x0003       [1]    __Lib_Sprinti_?FLOC____Lib_Sprinti_Do_FillT29
0x0003       [4]    FT800_Canvas_SurrRect_minX_L0
0x0003       [1]    FLASH_Erase_Write_64_SaveINTCON_L0
0x0004       [3]    __Lib_FT810_alt_strlen_const_cp_L0
0x0004       [2]    strncpy_cp_L0
0x0004       [2]    memcpy_ss_L0
0x0004       [1]    __Lib_Sprinti_?FLOC____Lib_Sprinti_Do_FillT40
0x0004       [2]    __Lib_MemManager_MM_GetMemAlign_P_L0
0x0004       [2]    __Lib_FT810_alt_memcpy_ss_L0
0x0004       [2]    strcat_cp_L0
0x0004       [2]    strncat_cp_L0
0x0004       [2]    __Lib_FT812_alt_memcpy_ss_L0
0x0004       [2]    strcpy_cp_L0
0x0004       [2]    __Lib_FT800_alt_memcpy_ss_L0
0x0004       [3]    __Lib_FT812_alt_strlen_const_cp_L0
0x0004       [2]    frexp_pom_L0
0x0004       [1]    R4
0x0004       [3]    __Lib_FT800_alt_strlen_const_cp_L0
0x0005       [2]    memmove_ff_L0
0x0005       [1]    __Lib_Sprinti_?FLOC____Lib_Sprinti_Do_FillT54
0x0005       [2]    __Lib_TFT_16bit_Defs_Read_From_Port_dataPort_Lo_L0
0x0005       [2]    Ltrim_p_L0
0x0005       [1]    R5
0x0005       [1]    MM_TotalFreeMemSize_i_L0
0x0005       [2]    LongWordToHex_input_half_L0
0x0005       [2]    LongIntToHex_input_half_L0
0x0006       [1]    R6
0x0006       [1]    __Lib_MemManager_MM_GetMemAlign_i_L0
0x0006       [1]    __Lib_Sprinti_?FLOC____Lib_Sprinti_Do_FillT69
0x0007       [4]    FT812_Canvas_SurrRect_minY_L0
0x0007       [1]    R7
0x0007       [1]    __Lib_TFT_JPEG_GenerateHuffmanTables_bLength_L0
0x0007       [4]    FT810_Canvas_SurrRect_minY_L0
0x0007       [2]    __Lib_TFT_16bit_Defs_Read_From_Port_dataPort_Hi_L0
0x0007       [1]    __Lib_TFT_16bit_JPEG_GenerateHuffmanTables_bLength_L0
0x0007       [4]    FT800_Canvas_SurrRect_minY_L0
0x0008       [1]    __Lib_TFT_16bit_JPEG_GenerateHuffmanTables_bTable_L0
0x0008       [1]    __Lib_TFT_JPEG_GenerateHuffmanTables_bTable_L0
0x0008       [1]    R8
0x0009       [1]    R9
0x0009       [4]    __Lib_MmcFat16_f16_toLong_l_L0
0x000A       [1]    R10
0x000B       [4]    FT812_Canvas_SurrRect_maxX_L0
0x000B       [1]    R11
0x000B       [4]    FT810_Canvas_SurrRect_maxX_L0
0x000B       [4]    FT800_Canvas_SurrRect_maxX_L0
0x000C       [1]    R12
0x000D       [1]    R13
0x000E       [1]    R14
0x000F       [4]    FT810_Canvas_SurrRect_maxY_L0
0x000F       [1]    R15
0x000F       [4]    FT812_Canvas_SurrRect_maxY_L0
0x000F       [4]    FT800_Canvas_SurrRect_maxY_L0
0x0010       [1]    R16
0x0011       [1]    R17
0x0012       [1]    R18
0x0013       [1]    R19
0x0014       [1]    R20
0x0015       [7]    ?lstr2_C_Term_Sensor
0x001C       [4]    _Celsius
0x0020       [1]    _vref_mask
0x0021       [2]    ?lstr2___Lib_Conversions
0x0023       [4]    ?lstr3___Lib_Conversions
0x0027       [4]    ?lstr1___Lib_Conversions
0x002B       [2]    _LM_Value
0x002D      [21]    ?lstr1_C_Term_Sensor
0x0042      [30]    _text
0x0060       [4]    _UART_Wr_Ptr
0x0064       [4]    _UART_Rdy_Ptr
0x0068       [4]    _UART_Rd_Ptr
0x006C       [4]    _UART_Tx_Idle_Ptr
0x0070       [1]    FARG_ADC_Read_channel
0x0070       [2]    FARG_UART1_Write_Text_uart_text
0x0070       [4]    FARG_FloatToStr_fnum
0x0072       [1]    UART1_Write_Text_data__L0
0x0073       [1]    UART1_Write_Text_counter_L0
0x0074       [2]    FARG_FloatToStr_str
0x0076       [1]    FloatToStr_i_L0
0x0077       [1]    FloatToStr_d_L0
0x0078       [4]    FloatToStr_un_L0
0x007C       [1]    FloatToStr_bpoint_L0
0x007D       [1]    FloatToStr_dexpon_L0
0x007E       [1]    FARG_UART1_Write_data_
0x0081       [2]    FARG_strcpy_to
0x0083       [2]    FARG_strcpy_from
0x0F92       [1]    TRISA
0x0F94       [0]    TRISC6_bit
0x0F94       [0]    TRISC7_bit
0x0F9E       [1]    PIR1
0x0FAB       [1]    RCSTA
0x0FAC       [1]    TXSTA
0x0FAD       [1]    TXREG
0x0FAE       [1]    RCREG
0x0FAF       [1]    SPBRG
0x0FB0       [1]    SPBRGH
0x0FB8       [1]    BAUDCON
0x0FC0       [1]    ADCON2
0x0FC1       [1]    ADCON1
0x0FC2       [1]    ADCON0
0x0FC3       [1]    ADRESL
0x0FC4       [1]    ADRESH
0x0FD8       [1]    STATUS
0x0FD9       [1]    FSR2L
0x0FDA       [1]    FSR2H
0x0FDE       [1]    POSTINC2
0x0FE0       [1]    BSR
0x0FE1       [1]    FSR1L
0x0FE2       [1]    FSR1H
0x0FE4       [1]    PREINC1
0x0FE6       [1]    POSTINC1
0x0FE7       [1]    INDF1
0x0FE8       [1]    WREG
0x0FE9       [1]    FSR0L
0x0FEA       [1]    FSR0H
0x0FEE       [1]    POSTINC0
0x0FF3       [1]    PRODL
0x0FF4       [1]    PRODH
0x0FF5       [1]    TABLAT
0x0FF6       [1]    TBLPTRL
0x0FF7       [1]    TBLPTRH
0x0FF8       [1]    TBLPTRU
//** Constants locations ** 
//ADDRESS    SIZE    CONSTANT
//----------------------------------------------
0x0B6C       [7]    ?ICS?lstr2_C_Term_Sensor
0x0B73       [4]    ?ICS_Celsius
0x0B77       [1]    ?ICS_vref_mask
0x0B78       [2]    ?ICS?lstr2___Lib_Conversions
0x0B7A       [4]    ?ICS?lstr3___Lib_Conversions
0x0B7E       [4]    ?ICS?lstr1___Lib_Conversions
0x0B82       [2]    ?ICS_LM_Value
0x0B84      [21]    ?ICS?lstr1_C_Term_Sensor
