MPASM  5.51                 TRM0_REGISTER.ASM   11-16-2021  14:12:14         PAGE  1


LOC  OBJECT CODE     LINE SOURCE TEXT
  VALUE

                      00001 ; Aula de TMR0
                      00002 ;
                      00003 ;
                      00004 
Warning[205]: Found directive in column 1. (list)
                      00005 list p = 16f628A
                      00006  
                      00007  #include <p16f628a.inc>
                      00001         LIST
                      00002 
                      00003 ;==========================================================================
                      00004 ;  MPASM PIC16F628A processor include
                      00005 ; 
                      00006 ;  (c) Copyright 1999-2013 Microchip Technology, All rights reserved
                      00007 ;==========================================================================
                      00008 
                      00385         LIST
                      00008 
Warning[205]: Found directive in column 1. (__config)
2007   3F01           00009 __config _XT_OSC & _WDT_OFF & _PWRTE_ON & _BOREN_OFF & _LVP_OFF & _CPD_OFF & _CP_OFF & _MCLRE_OFF
                      00010 
                      00011 #define banco1 bsf STATUS,RP0
                      00012 #define banco0 bcf STATUS,RP0
                      00013 
                      00014 #define BOT    PORTB,RB0
                      00015 
                      00016 ; Registros de propósitos gerais
Warning[205]: Found directive in column 1. (cblock)
                      00017 cblock          H'20'
  00000020            00018         W_TEMP                  ;0x20
  00000021            00019         STATUS_TEMP             ;0x21
  00000022            00020         REG1    
  00000023            00021         CONTA
  00000024            00022         CONTB
  00000025            00023         aux1
  00000026            00024         aux2
Warning[205]: Found directive in column 1. (ENDC)
                      00025 endc
                      00026 
                      00027 ; Vetor de RESET
0000                  00028                 org     0000h
0000   281C           00029                 goto    inicio
                      00030 
                      00031 ; Vetor de INTERRUPÇÃO
0004                  00032                 org     0004h
                      00033 
                      00034 ; Salvar Contexto (STATUS,W)
                      00035 ; no banco 0
0004   00A0           00036         movwf   W_TEMP    ; P. EX.: W = 0010 1011 então W_TEMP = 0010 1011
0005   0E03           00037         swapf   STATUS,W  ; P. EX.: STATUS = 0001 0000 -> swap -> STATUS = 0000 0001
                      00038                                           ; Não altera nenhum BIT do STATUS (movf & movwf altera)
0006   1283           00039         banco0
0007   00A1           00040         movwf   STATUS_TEMP  ; P. EX.: STATUS_TEMP = 0000 0001
MPASM  5.51                 TRM0_REGISTER.ASM   11-16-2021  14:12:14         PAGE  2


LOC  OBJECT CODE     LINE SOURCE TEXT
  VALUE

                      00041 ; ---- ISR -------------------------
                      00042 
0008   1D0B           00043         btfss           INTCON,T0IF             ; Interrupção por TIMER0?
0009   2817           00044         goto            sair                    ; Não, Saia!
000A   110B           00045         bcf             INTCON,T0IF             ; Sim, Limpe a flag!
                      00046 
000B   3006           00047         movlw           D'6'            ; 256 - 6 = 250 Contagens, cada contagem com 4 ciclos
000C   0081           00048         movwf           TMR0
                      00049 
000D   0BA3           00050         decfsz          CONTA,F
000E   2817           00051         goto            sair    ; Não
000F   3032           00052         movlw           D'50'   ; Sim
0010   00A3           00053         movwf           CONTA                                           
                      00054         
0011   0BA4           00055         decfsz          CONTB,F
0012   2817           00056         goto            sair    ; Não
0013   300A           00057         movlw           D'10'   ; Sim
0014   00A4           00058         movwf           CONTB
                      00059 
0015   3002           00060         movlw           B'00000010'             ; Inversão do RB1
0016   0686           00061         xorwf           PORTB,F
                      00062 
                      00063 ; -----------------------------------
0017                  00064 sair:
0017   0E21           00065         swapf   STATUS_TEMP,W  ; P. EX.: STATUS_TEMP = 0001 0000 --> W
0018   0083           00066         movwf   STATUS
0019   0EA0           00067         swapf   W_TEMP,F       ; P. EX.: W_TEMP = 1011 0010
001A   0E20           00068         swapf   W_TEMP,W       ; W = 0010 1011
                      00069                                                    ; Substitui a instrução movf W_TEMP, que modifica o B
                            IT Z do STATUS
                      00070         
001B   0009           00071         retfie
                      00072 
                      00073 
                      00074 ; Fim da Interrupção
                      00075 
                      00076 
001C                  00077 inicio:
001C   1683           00078         banco1
001D   3081           00079         movlw   H'81'       ; Desabilita pull-ups, transição de subida, prescaler em 4
Message[302]: Register in operand not in bank 0.  Ensure that bank bits are correct.
001E   0081           00080         movwf   OPTION_REG 
001F   3000           00081         movlw   H'00'
Message[302]: Register in operand not in bank 0.  Ensure that bank bits are correct.
0020   0086           00082         movwf   TRISB
0021   1283           00083         banco0
                      00084 
0022   30A0           00085         movlw   H'A0'           ; Habilitamos as interrupções por Overflow do TMR0
0023   008B           00086         movwf   INTCON
                      00087         
0024   3032           00088         movlw   D'50'
0025   00A3           00089         movwf   CONTA
0026   300A           00090         movlw   D'10'
MPASM  5.51                 TRM0_REGISTER.ASM   11-16-2021  14:12:14         PAGE  3


LOC  OBJECT CODE     LINE SOURCE TEXT
  VALUE

0027   00A4           00091         movwf   CONTB
                      00092         
0028   1086           00093         bcf     PORTB,RB1
                      00094 
0029   3006           00095         movlw   D'6'            ; 256 - 6 = 250 Contagens, cada contagem com 4 ciclos
002A   0081           00096         movwf   TMR0
                      00097         
002B                  00098 loop:
002B   3001           00099         movlw   B'00000001'             ; Inversão do RB0
002C   0686           00100         xorwf   PORTB,F
002D   202F           00101         call    Retardo500ms
002E   282B           00102         goto    loop
                      00103         
002F                  00104 Retardo500ms:
002F   30FA           00105         movlw   D'250'
0030   00A5           00106         movwf   aux1
0031                  00107 dec1:   
0031   30C8           00108         movlw   D'200'
0032   00A6           00109         movwf   aux2
0033                  00110 dec2:
0033   0000           00111         nop
0034   0000           00112         nop
0035   0000           00113         nop
0036   0000           00114         nop
0037   0000           00115         nop
0038   0000           00116         nop
0039   0000           00117         nop
Message[305]: Using default destination of 1 (file).
003A   0BA6           00118         decfsz  aux2
003B   2833           00119         goto    dec2
Message[305]: Using default destination of 1 (file).
003C   0BA5           00120         decfsz  aux1
003D   2831           00121         goto    dec1
003E   0008           00122         return
                      00123 
Warning[205]: Found directive in column 1. (end)
                      00124 end
MPASM  5.51                 TRM0_REGISTER.ASM   11-16-2021  14:12:14         PAGE  4


SYMBOL TABLE
  LABEL                             VALUE 

ADDEN                             00000003
ADEN                              00000003
BOT                               PORTB,RB0
BRGH                              00000002
C                                 00000000
C1INV                             00000004
C1OUT                             00000006
C2INV                             00000005
C2OUT                             00000007
CCP1CON                           00000017
CCP1IE                            00000002
CCP1IF                            00000002
CCP1M0                            00000000
CCP1M1                            00000001
CCP1M2                            00000002
CCP1M3                            00000003
CCP1X                             00000005
CCP1Y                             00000004
CCPR1                             00000015
CCPR1H                            00000016
CCPR1L                            00000015
CIS                               00000003
CM0                               00000000
CM1                               00000001
CM2                               00000002
CMCON                             0000001F
CMIE                              00000006
CMIF                              00000006
CONTA                             00000023
CONTB                             00000024
CREN                              00000004
CSRC                              00000007
DATA_CP_OFF                       00003FFF
DATA_CP_ON                        00003EFF
DC                                00000001
EEADR                             0000009B
EECON1                            0000009C
EECON2                            0000009D
EEDATA                            0000009A
EEIE                              00000007
EEIF                              00000007
F                                 00000001
FERR                              00000002
FSR                               00000004
GIE                               00000007
INDF                              00000000
INTCON                            0000000B
INTE                              00000004
INTEDG                            00000006
INTF                              00000001
IRP                               00000007
NOT_BO                            00000000
NOT_BOD                           00000000
MPASM  5.51                 TRM0_REGISTER.ASM   11-16-2021  14:12:14         PAGE  5


SYMBOL TABLE
  LABEL                             VALUE 

NOT_BOR                           00000000
NOT_PD                            00000003
NOT_POR                           00000001
NOT_RBPU                          00000007
NOT_T1SYNC                        00000002
NOT_TO                            00000004
OERR                              00000001
OPTION_REG                        00000081
OSCF                              00000003
PCL                               00000002
PCLATH                            0000000A
PCON                              0000008E
PEIE                              00000006
PIE1                              0000008C
PIR1                              0000000C
PORTA                             00000005
PORTB                             00000006
PR2                               00000092
PS0                               00000000
PS1                               00000001
PS2                               00000002
PSA                               00000003
RA0                               00000000
RA1                               00000001
RA2                               00000002
RA3                               00000003
RA4                               00000004
RA5                               00000005
RA6                               00000006
RA7                               00000007
RB0                               00000000
RB1                               00000001
RB2                               00000002
RB3                               00000003
RB4                               00000004
RB5                               00000005
RB6                               00000006
RB7                               00000007
RBIE                              00000003
RBIF                              00000000
RCIE                              00000005
RCIF                              00000005
RCREG                             0000001A
RCSTA                             00000018
RD                                00000000
REG1                              00000022
RP0                               00000005
RP1                               00000006
RX9                               00000006
RX9D                              00000000
Retardo500ms                      0000002F
SPBRG                             00000099
SPEN                              00000007
MPASM  5.51                 TRM0_REGISTER.ASM   11-16-2021  14:12:14         PAGE  6


SYMBOL TABLE
  LABEL                             VALUE 

SREN                              00000005
STATUS                            00000003
STATUS_TEMP                       00000021
SYNC                              00000004
T0CS                              00000005
T0IE                              00000005
T0IF                              00000002
T0SE                              00000004
T1CKPS0                           00000004
T1CKPS1                           00000005
T1CON                             00000010
T1OSCEN                           00000003
T2CKPS0                           00000000
T2CKPS1                           00000001
T2CON                             00000012
TMR0                              00000001
TMR0IE                            00000005
TMR0IF                            00000002
TMR1                              0000000E
TMR1CS                            00000001
TMR1H                             0000000F
TMR1IE                            00000000
TMR1IF                            00000000
TMR1L                             0000000E
TMR1ON                            00000000
TMR2                              00000011
TMR2IE                            00000001
TMR2IF                            00000001
TMR2ON                            00000002
TOUTPS0                           00000003
TOUTPS1                           00000004
TOUTPS2                           00000005
TOUTPS3                           00000006
TRISA                             00000085
TRISA0                            00000000
TRISA1                            00000001
TRISA2                            00000002
TRISA3                            00000003
TRISA4                            00000004
TRISA5                            00000005
TRISA6                            00000006
TRISA7                            00000007
TRISB                             00000086
TRISB0                            00000000
TRISB1                            00000001
TRISB2                            00000002
TRISB3                            00000003
TRISB4                            00000004
TRISB5                            00000005
TRISB6                            00000006
TRISB7                            00000007
TRMT                              00000001
TX9                               00000006
MPASM  5.51                 TRM0_REGISTER.ASM   11-16-2021  14:12:14         PAGE  7


SYMBOL TABLE
  LABEL                             VALUE 

TX9D                              00000000
TXEN                              00000005
TXIE                              00000004
TXIF                              00000004
TXREG                             00000019
TXSTA                             00000098
VR0                               00000000
VR1                               00000001
VR2                               00000002
VR3                               00000003
VRCON                             0000009F
VREN                              00000007
VROE                              00000006
VRR                               00000005
W                                 00000000
WR                                00000001
WREN                              00000002
WRERR                             00000003
W_TEMP                            00000020
Z                                 00000002
_BODEN_OFF                        00003FBF
_BODEN_ON                         00003FFF
_BOREN_OFF                        00003FBF
_BOREN_ON                         00003FFF
_CONFIG                           00002007
_CPD_OFF                          00003FFF
_CPD_ON                           00003EFF
_CP_OFF                           00003FFF
_CP_ON                            00001FFF
_DEVID1                           00002006
_ER_OSC_CLKOUT                    00003FFF
_ER_OSC_NOCLKOUT                  00003FFE
_EXTCLK_OSC                       00003FEF
_FOSC_ECIO                        00003FEF
_FOSC_EXTRCCLK                    00003FFF
_FOSC_EXTRCIO                     00003FFE
_FOSC_HS                          00003FEE
_FOSC_INTOSCCLK                   00003FFD
_FOSC_INTOSCIO                    00003FFC
_FOSC_LP                          00003FEC
_FOSC_XT                          00003FED
_HS_OSC                           00003FEE
_IDLOC0                           00002000
_IDLOC1                           00002001
_IDLOC2                           00002002
_IDLOC3                           00002003
_INTOSC_OSC_CLKOUT                00003FFD
_INTOSC_OSC_NOCLKOUT              00003FFC
_INTRC_OSC_CLKOUT                 00003FFD
_INTRC_OSC_NOCLKOUT               00003FFC
_LP_OSC                           00003FEC
_LVP_OFF                          00003F7F
_LVP_ON                           00003FFF
MPASM  5.51                 TRM0_REGISTER.ASM   11-16-2021  14:12:14         PAGE  8


SYMBOL TABLE
  LABEL                             VALUE 

_MCLRE_OFF                        00003FDF
_MCLRE_ON                         00003FFF
_PWRTE_OFF                        00003FFF
_PWRTE_ON                         00003FF7
_RC_OSC_CLKOUT                    00003FFF
_RC_OSC_NOCLKOUT                  00003FFE
_WDTE_OFF                         00003FFB
_WDTE_ON                          00003FFF
_WDT_OFF                          00003FFB
_WDT_ON                           00003FFF
_XT_OSC                           00003FED
__16F628A                         00000001
__DEBUG                           1
aux1                              00000025
aux2                              00000026
banco0                            bcf STATUS,RP0
banco1                            bsf STATUS,RP0
dec1                              00000031
dec2                              00000033
inicio                            0000001C
loop                              0000002B
sair                              00000017


MEMORY USAGE MAP ('X' = Used,  '-' = Unused)

0000 : X---XXXXXXXXXXXX XXXXXXXXXXXXXXXX XXXXXXXXXXXXXXXX XXXXXXXXXXXXXXX-
2000 : -------X-------- ---------------- ---------------- ----------------

All other memory blocks unused.

Program Memory Words Used:    60
Program Memory Words Free:  1988


Errors   :     0
Warnings :     5 reported,     0 suppressed
Messages :     4 reported,     0 suppressed

