MPASM  5.51              CLP_MOTOR_DIRECT.ASM   11-16-2021  23:29:52         PAGE  1


LOC  OBJECT CODE     LINE SOURCE TEXT
  VALUE

Warning[205]: Found directive in column 1. (list)
                      00001 list p = 16F877A
                      00002 
                      00003 #include <p16F877a.inc>
                      00001         LIST
                      00002 
                      00003 ;==========================================================================
                      00004 ;  MPASM PIC16F877A processor include
                      00005 ; 
                      00006 ;  (c) Copyright 1999-2013 Microchip Technology, All rights reserved
                      00007 ;==========================================================================
                      00008 
                      00566         LIST
                      00004 
Warning[205]: Found directive in column 1. (__config)
2007   3F39           00005 __config        _XT_OSC & _WDT_OFF & _LVP_OFF & _BOREN_OFF
                      00006 
                      00007 #include <clpmemory.inc>
Warning[205]: Found directive in column 1. (CBLOCK)
                      00001 CBLOCK          H'20'
  00000020            00002         W_TEMP
  00000021            00003         STATUS_TEMP
  00000022            00004         PCLATH_TEMP
  00000023            00005         TEMP
Warning[205]: Found directive in column 1. (ENDC)
                      00006 ENDC
                      00007 
                      00008 #define         I0  PORTD
                      00009 #define         Q0  PORTB
                      00010 
                      00011 ; ---- Saídas ----
                      00012 
                      00013 #define         C1      Q0,0
                      00014 #define         C2  Q0,1        
                      00015 
                      00016 ; ---- Entradas ----
                      00017 
                      00018 #define         B0      I0,0
                      00019 #define         B1      I0,1
                      00020 #define         B2      I0,2
                      00008 #include <clpmacros.inc>
                      00001 ; Biblioteca de Macros do motor de partida direta
                      00002 
                      00003 ; NOME_MACRO  {macro} ARGUMENTOS_SEPARADOS_POR_VIRGULA
                      00004 
                      00005 
                      00006 BANK_SELECT   macro     num
                      00007         IF      num==0
                      00008                 bcf     STATUS,RP0
                      00009                 bcf     STATUS,RP1
                      00010         ENDIF
                      00011         IF      num==1
                      00012                 bsf     STATUS,RP0
MPASM  5.51              CLP_MOTOR_DIRECT.ASM   11-16-2021  23:29:52         PAGE  2


LOC  OBJECT CODE     LINE SOURCE TEXT
  VALUE

                      00013                 bcf     STATUS,RP1
                      00014         ENDIF
                      00015         IF      num==2
                      00016                 bcf     STATUS,RP0
                      00017                 bsf     STATUS,RP1
                      00018         ENDIF
                      00019         IF      num==3
                      00020                 bsf     STATUS,RP0
                      00021                 bsf     STATUS,RP1
                      00022         ENDIF
Warning[205]: Found directive in column 1. (endm)
                      00023 endm
                      00024 
                      00025 
                      00026 LD              macro   reg,bit
                      00027         movwf   TEMP
                      00028         clrw                    ; W = 0
                      00029         btfsc   reg,bit
                      00030         movlw   H'01'   ; W = 1
                      00031         nop
Warning[205]: Found directive in column 1. (endm)
                      00032 endm
                      00033 
                      00034 LDN             macro   reg,bit
                      00035         movwf   TEMP
                      00036         clrw                    ; W = 0
                      00037         btfss   reg,bit
                      00038         movlw   H'01'   ; W = 1
                      00039         nop
Warning[205]: Found directive in column 1. (endm)
                      00040 endm
                      00041 
                      00042 
                      00043 OR              macro   reg,bit
                      00044         movwf   TEMP
                      00045         clrw                    ; W = 0
                      00046         btfsc   reg,bit
                      00047         movlw   H'01'
                      00048         iorwf   TEMP,W
Warning[205]: Found directive in column 1. (endm)
                      00049 endm
                      00050 
                      00051 ORN             macro   reg,bit
                      00052         movwf   TEMP
                      00053         clrw                    ; W = 0
                      00054         btfss   reg,bit
                      00055         movlw   H'01'
                      00056         iorwf   TEMP,W
Warning[205]: Found directive in column 1. (endm)
                      00057 endm
                      00058 
                      00059 AND             macro   reg,bit
                      00060         movwf   TEMP
MPASM  5.51              CLP_MOTOR_DIRECT.ASM   11-16-2021  23:29:52         PAGE  3


LOC  OBJECT CODE     LINE SOURCE TEXT
  VALUE

                      00061         clrw                    ; W = 0
                      00062         btfsc   reg,bit
                      00063         movlw   H'01'
                      00064         andwf   TEMP,W
Warning[205]: Found directive in column 1. (endm)
                      00065 endm
                      00066 
                      00067 
                      00068 ANDN    macro   reg,bit
                      00069         movwf   TEMP
                      00070         clrw                    ; W = 0
                      00071         btfss   reg,bit
                      00072         movlw   H'01'
                      00073         andwf   TEMP,W
Warning[205]: Found directive in column 1. (endm)
                      00074 endm
                      00075 
                      00076 OUT     macro   reg,bit
                      00077         movwf   TEMP
                      00078         andlw   H'01'
                      00079         btfss   STATUS,Z
                      00080         goto    $ + 3
                      00081         bcf     reg,bit
                      00082         goto    $ + 2
                      00083         bsf     reg,bit
                      00084         movf    TEMP,W
Warning[205]: Found directive in column 1. (endm)
                      00085 endm
                      00086 
                      00009 
                      00010 ; ---- Vetor de RESET ----
                      00011         
0000                  00012         ORG     0000H
0000   2814           00013         goto    _config
                      00014 
                      00015 ; ---- Vetor de INTERRUPÇÃO ---
                      00016         
0004                  00017         ORG     0004H
0004   2006           00018         call    Interrupt
0005   0009           00019         retfie
                      00020 
                      00021 #include <interrupts.inc>
0006                  00001 Interrupt:
                      00002 ; ***************************************************************
                      00003 ; Salva os contextos do programa
0006   00A0           00004         MOVWF    W_TEMP           ;Copy W to TEMP register
0007   0E03           00005         SWAPF    STATUS,W         ;Swap status to be saved into W 
0008   0183           00006         CLRF     STATUS           ;bank 0, regardless of current bank, Clears IRP,RP1,RP0
0009   00A1           00007         MOVWF    STATUS_TEMP      ;Save status to bank zero STATUS_TEMP register
000A   080A           00008         MOVF     PCLATH, W        ;Only required if using pages 1, 2 and/or 3
000B   00A2           00009         MOVWF    PCLATH_TEMP      ;Save PCLATH into W
000C   018A           00010         CLRF     PCLATH           ;Page zero, regardless of current page
                      00011         ; Programa que trata a interrupção
MPASM  5.51              CLP_MOTOR_DIRECT.ASM   11-16-2021  23:29:52         PAGE  4


LOC  OBJECT CODE     LINE SOURCE TEXT
  VALUE

                      00012         ; ---------------------------------------------
                      00013 
                      00014 
                      00015         
                      00016 
                      00017 
                      00018         ; ---------------------------------------------
                      00019 ; Recupera os contextos do programa
000D                  00020 IEND:
000D   0822           00021         MOVF     PCLATH_TEMP, W ;Restore PCLATH
000E   008A           00022         MOVWF    PCLATH         ;Move W into PCLATH
000F   0E21           00023         SWAPF    STATUS_TEMP,W  ;Swap STATUS_TEMP register into W,;(sets bank to original state)       
0010   0083           00024         MOVWF    STATUS         ;Move W into STATUS register
0011   0EA0           00025         SWAPF    W_TEMP,F               ;Swap W_TEMP
0012   0E20           00026         SWAPF    W_TEMP,W       ;Swap W_TEMP into W
                      00027 
0013   0009           00028         retfie                                  ; End of Interruption
                      00029 ; ***************************************************************
                      00022 #include <configs.inc>
0014                  00001 _config:
                      00002         BANK_SELECT 1
                          M         IF      1==0
                          M                 bcf     STATUS,RP0
                          M                 bcf     STATUS,RP1
                          M         ENDIF
                          M         IF      1==1
0014   1683               M                 bsf     STATUS,RP0
0015   1303               M                 bcf     STATUS,RP1
                          M         ENDIF
                          M         IF      1==2
                          M                 bcf     STATUS,RP0
                          M                 bsf     STATUS,RP1
                          M         ENDIF
                          M         IF      1==3
                          M                 bsf     STATUS,RP0
                          M                 bsf     STATUS,RP1
                          M         ENDIF
                      00003         
0016   30FF           00004         movlw   H'FF'
Message[302]: Register in operand not in bank 0.  Ensure that bank bits are correct.
0017   0088           00005         movwf   TRISD
Message[302]: Register in operand not in bank 0.  Ensure that bank bits are correct.
0018   0186           00006         clrf    TRISB
                      00007 
                      00008         BANK_SELECT 0
                          M         IF      0==0
0019   1283               M                 bcf     STATUS,RP0
001A   1303               M                 bcf     STATUS,RP1
                          M         ENDIF
                          M         IF      0==1
                          M                 bsf     STATUS,RP0
                          M                 bcf     STATUS,RP1
                          M         ENDIF
MPASM  5.51              CLP_MOTOR_DIRECT.ASM   11-16-2021  23:29:52         PAGE  5


LOC  OBJECT CODE     LINE SOURCE TEXT
  VALUE

                          M         IF      0==2
                          M                 bcf     STATUS,RP0
                          M                 bsf     STATUS,RP1
                          M         ENDIF
                          M         IF      0==3
                          M                 bsf     STATUS,RP0
                          M                 bsf     STATUS,RP1
                          M         ENDIF
                      00009 
001B   0185           00010         clrf    PORTA
001C   0186           00011         clrf    PORTB
001D   0187           00012         clrf    PORTC
001E   0188           00013         clrf    PORTD
001F   0189           00014         clrf    PORTE
                      00023 
0020                  00024 _start:
                      00025         #include <Equacoes_Booleanas.inc>
                      00001 ; Programas com Equações booleanas
                      00002         
                      00003         BANK_SELECT     0
                          M         IF      0==0
0020   1283               M                 bcf     STATUS,RP0
0021   1303               M                 bcf     STATUS,RP1
                          M         ENDIF
                          M         IF      0==1
                          M                 bsf     STATUS,RP0
                          M                 bcf     STATUS,RP1
                          M         ENDIF
                          M         IF      0==2
                          M                 bcf     STATUS,RP0
                          M                 bsf     STATUS,RP1
                          M         ENDIF
                          M         IF      0==3
                          M                 bsf     STATUS,RP0
                          M                 bsf     STATUS,RP1
                          M         ENDIF
                      00004 
                      00005         LD              C1
0022   00A3               M         movwf   TEMP
0023   0103               M         clrw                    ; W = 0
0024   1806               M         btfsc   PORTB,0
0025   3001               M         movlw   H'01'   ; W = 1
0026   0000               M         nop
                      00006         OR              B1
0027   00A3               M         movwf   TEMP
0028   0103               M         clrw                    ; W = 0
0029   1888               M         btfsc   PORTD,1
002A   3001               M         movlw   H'01'
002B   0423               M         iorwf   TEMP,W
                      00007         ANDN    B0
002C   00A3               M         movwf   TEMP
002D   0103               M         clrw                    ; W = 0
002E   1C08               M         btfss   PORTD,0
MPASM  5.51              CLP_MOTOR_DIRECT.ASM   11-16-2021  23:29:52         PAGE  6


LOC  OBJECT CODE     LINE SOURCE TEXT
  VALUE

002F   3001               M         movlw   H'01'
0030   0523               M         andwf   TEMP,W
                      00008         ANDN    B2
0031   00A3               M         movwf   TEMP
0032   0103               M         clrw                    ; W = 0
0033   1D08               M         btfss   PORTD,2
0034   3001               M         movlw   H'01'
0035   0523               M         andwf   TEMP,W
                      00009         ANDN    C2
0036   00A3               M         movwf   TEMP
0037   0103               M         clrw                    ; W = 0
0038   1C86               M         btfss   PORTB,1
0039   3001               M         movlw   H'01'
003A   0523               M         andwf   TEMP,W
                      00010         OUT     C1   ; C1 = -B0&-B2&-C2&(C1|B1)
003B   00A3               M         movwf   TEMP
003C   3901               M         andlw   H'01'
003D   1D03               M         btfss   STATUS,Z
003E   2841               M         goto    $ + 3
003F   1006               M         bcf     PORTB,0
0040   2842               M         goto    $ + 2
0041   1406               M         bsf     PORTB,0
0042   0823               M         movf    TEMP,W
                      00011 
                      00012         LD              C2
0043   00A3               M         movwf   TEMP
0044   0103               M         clrw                    ; W = 0
0045   1886               M         btfsc   PORTB,1
0046   3001               M         movlw   H'01'   ; W = 1
0047   0000               M         nop
                      00013         OR              B2
0048   00A3               M         movwf   TEMP
0049   0103               M         clrw                    ; W = 0
004A   1908               M         btfsc   PORTD,2
004B   3001               M         movlw   H'01'
004C   0423               M         iorwf   TEMP,W
                      00014         ANDN    B0
004D   00A3               M         movwf   TEMP
004E   0103               M         clrw                    ; W = 0
004F   1C08               M         btfss   PORTD,0
0050   3001               M         movlw   H'01'
0051   0523               M         andwf   TEMP,W
                      00015         ANDN    B1
0052   00A3               M         movwf   TEMP
0053   0103               M         clrw                    ; W = 0
0054   1C88               M         btfss   PORTD,1
0055   3001               M         movlw   H'01'
0056   0523               M         andwf   TEMP,W
                      00016         ANDN    C1
0057   00A3               M         movwf   TEMP
0058   0103               M         clrw                    ; W = 0
0059   1C06               M         btfss   PORTB,0
005A   3001               M         movlw   H'01'
MPASM  5.51              CLP_MOTOR_DIRECT.ASM   11-16-2021  23:29:52         PAGE  7


LOC  OBJECT CODE     LINE SOURCE TEXT
  VALUE

005B   0523               M         andwf   TEMP,W
                      00017         OUT     C2   ; C2 = -B0&-B1&-C1&(C2|B2)
005C   00A3               M         movwf   TEMP
005D   3901               M         andlw   H'01'
005E   1D03               M         btfss   STATUS,Z
005F   2862               M         goto    $ + 3
0060   1086               M         bcf     PORTB,1
0061   2863               M         goto    $ + 2
0062   1486               M         bsf     PORTB,1
0063   0823               M         movf    TEMP,W
0064   2820           00026         goto    _start
                      00027 
Warning[205]: Found directive in column 1. (END)
                      00028 END
MPASM  5.51              CLP_MOTOR_DIRECT.ASM   11-16-2021  23:29:52         PAGE  8


SYMBOL TABLE
  LABEL                             VALUE 

ACKDT                             00000005
ACKEN                             00000004
ACKSTAT                           00000006
ADCON0                            0000001F
ADCON1                            0000009F
ADCS0                             00000006
ADCS1                             00000007
ADCS2                             00000006
ADDEN                             00000003
ADFM                              00000007
ADIE                              00000006
ADIF                              00000006
ADON                              00000000
ADRESH                            0000001E
ADRESL                            0000009E
AND                               
ANDN                              
B0                                I0,0
B1                                I0,1
B2                                I0,2
BANK_SELECT                       
BCLIE                             00000003
BCLIF                             00000003
BF                                00000000
BRGH                              00000002
C                                 00000000
C1                                Q0,0
C1INV                             00000004
C1OUT                             00000006
C2                                Q0,1
C2INV                             00000005
C2OUT                             00000007
CCP1CON                           00000017
CCP1IE                            00000002
CCP1IF                            00000002
CCP1M0                            00000000
CCP1M1                            00000001
CCP1M2                            00000002
CCP1M3                            00000003
CCP1X                             00000005
CCP1Y                             00000004
CCP2CON                           0000001D
CCP2IE                            00000000
CCP2IF                            00000000
CCP2M0                            00000000
CCP2M1                            00000001
CCP2M2                            00000002
CCP2M3                            00000003
CCP2X                             00000005
CCP2Y                             00000004
CCPR1                             00000015
CCPR1H                            00000016
CCPR1L                            00000015
MPASM  5.51              CLP_MOTOR_DIRECT.ASM   11-16-2021  23:29:52         PAGE  9


SYMBOL TABLE
  LABEL                             VALUE 

CCPR2                             0000001B
CCPR2H                            0000001C
CCPR2L                            0000001B
CHS0                              00000003
CHS1                              00000004
CHS2                              00000005
CIS                               00000003
CKE                               00000006
CKP                               00000004
CM0                               00000000
CM1                               00000001
CM2                               00000002
CMCON                             0000009C
CMIE                              00000006
CMIF                              00000006
CREN                              00000004
CSRC                              00000007
CVR0                              00000000
CVR1                              00000001
CVR2                              00000002
CVR3                              00000003
CVRCON                            0000009D
CVREN                             00000007
CVROE                             00000006
CVRR                              00000005
D                                 00000005
DATA_ADDRESS                      00000005
DC                                00000001
D_A                               00000005
D_NOT_A                           00000005
EEADR                             0000010D
EEADRH                            0000010F
EECON1                            0000018C
EECON2                            0000018D
EEDATA                            0000010C
EEDATH                            0000010E
EEIE                              00000004
EEIF                              00000004
EEPGD                             00000007
F                                 00000001
FERR                              00000002
FSR                               00000004
GCEN                              00000007
GIE                               00000007
GO                                00000002
GO_DONE                           00000002
GO_NOT_DONE                       00000002
I0                                PORTD
I2C_DATA                          00000005
I2C_READ                          00000002
I2C_START                         00000003
I2C_STOP                          00000004
IBF                               00000007
MPASM  5.51              CLP_MOTOR_DIRECT.ASM   11-16-2021  23:29:52         PAGE 10


SYMBOL TABLE
  LABEL                             VALUE 

IBOV                              00000005
IEND                              0000000D
INDF                              00000000
INTCON                            0000000B
INTE                              00000004
INTEDG                            00000006
INTF                              00000001
IRP                               00000007
Interrupt                         00000006
LD                                
LDN                               
NOT_A                             00000005
NOT_ADDRESS                       00000005
NOT_BO                            00000000
NOT_BOR                           00000000
NOT_DONE                          00000002
NOT_PD                            00000003
NOT_POR                           00000001
NOT_RBPU                          00000007
NOT_RC8                           00000006
NOT_T1SYNC                        00000002
NOT_TO                            00000004
NOT_TX8                           00000006
NOT_W                             00000002
NOT_WRITE                         00000002
OBF                               00000006
OERR                              00000001
OPTION_REG                        00000081
OR                                
ORN                               
OUT                               
P                                 00000004
PCFG0                             00000000
PCFG1                             00000001
PCFG2                             00000002
PCFG3                             00000003
PCL                               00000002
PCLATH                            0000000A
PCLATH_TEMP                       00000022
PCON                              0000008E
PEIE                              00000006
PEN                               00000002
PIE1                              0000008C
PIE2                              0000008D
PIR1                              0000000C
PIR2                              0000000D
PORTA                             00000005
PORTB                             00000006
PORTC                             00000007
PORTD                             00000008
PORTE                             00000009
PR2                               00000092
PS0                               00000000
MPASM  5.51              CLP_MOTOR_DIRECT.ASM   11-16-2021  23:29:52         PAGE 11


SYMBOL TABLE
  LABEL                             VALUE 

PS1                               00000001
PS2                               00000002
PSA                               00000003
PSPIE                             00000007
PSPIF                             00000007
PSPMODE                           00000004
Q0                                PORTB
R                                 00000002
RA0                               00000000
RA1                               00000001
RA2                               00000002
RA3                               00000003
RA4                               00000004
RA5                               00000005
RB0                               00000000
RB1                               00000001
RB2                               00000002
RB3                               00000003
RB4                               00000004
RB5                               00000005
RB6                               00000006
RB7                               00000007
RBIE                              00000003
RBIF                              00000000
RC0                               00000000
RC1                               00000001
RC2                               00000002
RC3                               00000003
RC4                               00000004
RC5                               00000005
RC6                               00000006
RC7                               00000007
RC8_9                             00000006
RC9                               00000006
RCD8                              00000000
RCEN                              00000003
RCIE                              00000005
RCIF                              00000005
RCREG                             0000001A
RCSTA                             00000018
RD                                00000000
RD0                               00000000
RD1                               00000001
RD2                               00000002
RD3                               00000003
RD4                               00000004
RD5                               00000005
RD6                               00000006
RD7                               00000007
RE0                               00000000
RE1                               00000001
RE2                               00000002
READ_WRITE                        00000002
MPASM  5.51              CLP_MOTOR_DIRECT.ASM   11-16-2021  23:29:52         PAGE 12


SYMBOL TABLE
  LABEL                             VALUE 

RP0                               00000005
RP1                               00000006
RSEN                              00000001
RX9                               00000006
RX9D                              00000000
R_NOT_W                           00000002
R_W                               00000002
S                                 00000003
SEN                               00000000
SMP                               00000007
SPBRG                             00000099
SPEN                              00000007
SREN                              00000005
SSPADD                            00000093
SSPBUF                            00000013
SSPCON                            00000014
SSPCON2                           00000091
SSPEN                             00000005
SSPIE                             00000003
SSPIF                             00000003
SSPM0                             00000000
SSPM1                             00000001
SSPM2                             00000002
SSPM3                             00000003
SSPOV                             00000006
SSPSTAT                           00000094
STATUS                            00000003
STATUS_TEMP                       00000021
SYNC                              00000004
T0CS                              00000005
T0IE                              00000005
T0IF                              00000002
T0SE                              00000004
T1CKPS0                           00000004
T1CKPS1                           00000005
T1CON                             00000010
T1INSYNC                          00000002
T1OSCEN                           00000003
T1SYNC                            00000002
T2CKPS0                           00000000
T2CKPS1                           00000001
T2CON                             00000012
TEMP                              00000023
TMR0                              00000001
TMR0IE                            00000005
TMR0IF                            00000002
TMR1                              0000000E
TMR1CS                            00000001
TMR1H                             0000000F
TMR1IE                            00000000
TMR1IF                            00000000
TMR1L                             0000000E
TMR1ON                            00000000
MPASM  5.51              CLP_MOTOR_DIRECT.ASM   11-16-2021  23:29:52         PAGE 13


SYMBOL TABLE
  LABEL                             VALUE 

TMR2                              00000011
TMR2IE                            00000001
TMR2IF                            00000001
TMR2ON                            00000002
TOUTPS0                           00000003
TOUTPS1                           00000004
TOUTPS2                           00000005
TOUTPS3                           00000006
TRISA                             00000085
TRISA0                            00000000
TRISA1                            00000001
TRISA2                            00000002
TRISA3                            00000003
TRISA4                            00000004
TRISA5                            00000005
TRISB                             00000086
TRISB0                            00000000
TRISB1                            00000001
TRISB2                            00000002
TRISB3                            00000003
TRISB4                            00000004
TRISB5                            00000005
TRISB6                            00000006
TRISB7                            00000007
TRISC                             00000087
TRISC0                            00000000
TRISC1                            00000001
TRISC2                            00000002
TRISC3                            00000003
TRISC4                            00000004
TRISC5                            00000005
TRISC6                            00000006
TRISC7                            00000007
TRISD                             00000088
TRISD0                            00000000
TRISD1                            00000001
TRISD2                            00000002
TRISD3                            00000003
TRISD4                            00000004
TRISD5                            00000005
TRISD6                            00000006
TRISD7                            00000007
TRISE                             00000089
TRISE0                            00000000
TRISE1                            00000001
TRISE2                            00000002
TRMT                              00000001
TX8_9                             00000006
TX9                               00000006
TX9D                              00000000
TXD8                              00000000
TXEN                              00000005
TXIE                              00000004
MPASM  5.51              CLP_MOTOR_DIRECT.ASM   11-16-2021  23:29:52         PAGE 14


SYMBOL TABLE
  LABEL                             VALUE 

TXIF                              00000004
TXREG                             00000019
TXSTA                             00000098
UA                                00000001
W                                 00000000
WCOL                              00000007
WR                                00000001
WREN                              00000002
WRERR                             00000003
W_TEMP                            00000020
Z                                 00000002
_BODEN_OFF                        00003FBF
_BODEN_ON                         00003FFF
_BOREN_OFF                        00003FBF
_BOREN_ON                         00003FFF
_CONFIG                           00002007
_CPD_OFF                          00003FFF
_CPD_ON                           00003EFF
_CP_ALL                           00001FFF
_CP_OFF                           00003FFF
_CP_ON                            00001FFF
_DEBUG_OFF                        00003FFF
_DEBUG_ON                         000037FF
_DEVID1                           00002006
_FOSC_EXTRC                       00003FFF
_FOSC_HS                          00003FFE
_FOSC_LP                          00003FFC
_FOSC_XT                          00003FFD
_HS_OSC                           00003FFE
_IDLOC0                           00002000
_IDLOC1                           00002001
_IDLOC2                           00002002
_IDLOC3                           00002003
_LP_OSC                           00003FFC
_LVP_OFF                          00003F7F
_LVP_ON                           00003FFF
_PWRTE_OFF                        00003FFF
_PWRTE_ON                         00003FF7
_RC_OSC                           00003FFF
_WDTE_OFF                         00003FFB
_WDTE_ON                          00003FFF
_WDT_OFF                          00003FFB
_WDT_ON                           00003FFF
_WRT_1FOURTH                      00003BFF
_WRT_256                          00003DFF
_WRT_HALF                         000039FF
_WRT_OFF                          00003FFF
_XT_OSC                           00003FFD
__16F877A                         00000001
__DEBUG                           1
_config                           00000014
_start                            00000020
MPASM  5.51              CLP_MOTOR_DIRECT.ASM   11-16-2021  23:29:52         PAGE 15


MEMORY USAGE MAP ('X' = Used,  '-' = Unused)


0000 : X---XXXXXXXXXXXX XXXXXXXXXXXXXXXX XXXXXXXXXXXXXXXX XXXXXXXXXXXXXXXX
0040 : XXXXXXXXXXXXXXXX XXXXXXXXXXXXXXXX XXXXX----------- ----------------
2000 : -------X-------- ---------------- ---------------- ----------------

All other memory blocks unused.

Program Memory Words Used:    98
Program Memory Words Free:  8094


Errors   :     0
Warnings :    13 reported,     0 suppressed
Messages :     2 reported,     0 suppressed

