;  LST file generated by mikroListExporter - v.2.0 
; Date/Time: 30/11/2021 01:55:41
;----------------------------------------------

;Address Opcode 	ASM
0x0000	0x2842      	GOTO       66
_____DoICP:
0x0003	0x1283      	BCF        STATUS, 5
0x0004	0x0824      	MOVF       ___DoICPAddr+1, 0
0x0005	0x008A      	MOVWF      PCLATH
0x0006	0x0823      	MOVF       ___DoICPAddr, 0
0x0007	0x0082      	MOVWF      PCL
L_end_____DoICP:
0x0008	0x0008      	RETURN
; end of _____DoICP
_Delay_22us:
0x0009	0x3007      	MOVLW      7
0x000A	0x1283      	BCF        STATUS, 5
0x000B	0x00DD      	MOVWF      R13
L_Delay_22us1:
0x000C	0x0BDD      	DECFSZ     R13, 1
0x000D	0x280C      	GOTO       L_Delay_22us1
L_end_Delay_22us:
0x000E	0x0008      	RETURN
; end of _Delay_22us
_ADC_Read:
0x000F	0x30C3      	MOVLW      195
0x0010	0x1283      	BCF        STATUS, 5
0x0011	0x059F      	ANDWF      ADCON0, 1
0x0012	0x30F0      	MOVLW      240
0x0013	0x059F      	ANDWF      ADCON0, 1
0x0014	0x0920      	COMF       _vref_mask, 0
0x0015	0x00D0      	MOVWF      R0
0x0016	0x0850      	MOVF       R0, 0
0x0017	0x059F      	ANDWF      ADCON0, 1
0x0018	0x30F0      	MOVLW      240
0x0019	0x1683      	BSF        STATUS, 5
0x001A	0x049F      	IORWF      ANSEL, 1
0x001B	0x1283      	BCF        STATUS, 5
0x001C	0x179F      	BSF        ADCON0, 7
0x001D	0x0825      	MOVF       FARG_ADC_Read_channel, 0
0x001E	0x00D0      	MOVWF      R0
0x001F	0x0DD0      	RLF        R0, 1
0x0020	0x1050      	BCF        R0, 0
0x0021	0x0DD0      	RLF        R0, 1
0x0022	0x1050      	BCF        R0, 0
0x0023	0x0850      	MOVF       R0, 0
0x0024	0x049F      	IORWF      ADCON0, 1
0x0025	0x141F      	BSF        ADCON0, 0
0x0026	0x2009      	CALL       _Delay_22us
0x0027	0x149F      	BSF        ADCON0, 1
L_ADC_Read2:
0x0028	0x1C9F      	BTFSS      ADCON0, 1
0x0029	0x282C      	GOTO       L_ADC_Read3
0x002A	0x0000      	NOP
0x002B	0x2828      	GOTO       L_ADC_Read2
L_ADC_Read3:
0x002C	0x101F      	BCF        ADCON0, 0
0x002D	0x081E      	MOVF       ADRESH, 0
0x002E	0x00D1      	MOVWF      R0+1
0x002F	0x01D0      	CLRF       R0
0x0030	0x1683      	BSF        STATUS, 5
0x0031	0x081E      	MOVF       ADRESL, 0
0x0032	0x04D0      	IORWF      R0, 1
0x0033	0x3000      	MOVLW      0
0x0034	0x04D1      	IORWF      R0+1, 1
L_end_ADC_Read:
0x0035	0x0008      	RETURN
; end of _ADC_Read
___CC2DW:
_CC2D_Loop1:
0x0036	0x2003      	CALL       _____DoICP
0x0037	0x118A      	BCF        PCLATH, 3
0x0038	0x120A      	BCF        PCLATH, 4
0x0039	0x0080      	MOVWF      INDF
0x003A	0x0A84      	INCF       FSR, 1
0x003B	0x0AA3      	INCF       ___DoICPAddr, 1
0x003C	0x1903      	BTFSC      STATUS, 2
0x003D	0x0AA4      	INCF       ___DoICPAddr+1, 1
0x003E	0x03D0      	DECF       R0, 1
0x003F	0x1D03      	BTFSS      STATUS, 2
0x0040	0x2836      	GOTO       _CC2D_Loop1
L_end___CC2DW:
0x0041	0x0008      	RETURN
; end of ___CC2DW
_main:
0x0042	0x2094      	CALL       148
0x0043	0x3001      	MOVLW      1
0x0044	0x1683      	BSF        STATUS, 5
0x0045	0x0085      	MOVWF      TRISIO
0x0046	0x3011      	MOVLW      17
0x0047	0x009F      	MOVWF      ANSEL
0x0048	0x3007      	MOVLW      7
0x0049	0x1283      	BCF        STATUS, 5
0x004A	0x0099      	MOVWF      CMCON
0x004B	0x3001      	MOVLW      1
0x004C	0x009F      	MOVWF      ADCON0
0x004D	0x0185      	CLRF       GPIO
L_main0:
0x004E	0x01A5      	CLRF       FARG_ADC_Read_channel
0x004F	0x200F      	CALL       _ADC_Read
0x0050	0x0850      	MOVF       R0, 0
0x0051	0x00A1      	MOVWF      _ADC_Value
0x0052	0x0851      	MOVF       R0+1, 0
0x0053	0x00A2      	MOVWF      _ADC_Value+1
0x0054	0x3000      	MOVLW      0
0x0055	0x0651      	XORWF      R0+1, 0
0x0056	0x1D03      	BTFSS      STATUS, 2
0x0057	0x285A      	GOTO       L__main10
0x0058	0x3000      	MOVLW      0
0x0059	0x0650      	XORWF      R0, 0
L__main10:
0x005A	0x1D03      	BTFSS      STATUS, 2
0x005B	0x2862      	GOTO       L_main2
0x005C	0x1283      	BCF        STATUS, 5
0x005D	0x1485      	BSF        GPIO, 1
0x005E	0x1105      	BCF        GPIO, 2
0x005F	0x1205      	BCF        GPIO, 4
0x0060	0x1285      	BCF        GPIO, 5
0x0061	0x288B      	GOTO       L_main3
L_main2:
0x0062	0x0822      	MOVF       _ADC_Value+1, 0
0x0063	0x3A01      	XORLW      1
0x0064	0x1D03      	BTFSS      STATUS, 2
0x0065	0x2868      	GOTO       L__main11
0x0066	0x3000      	MOVLW      0
0x0067	0x0621      	XORWF      _ADC_Value, 0
L__main11:
0x0068	0x1D03      	BTFSS      STATUS, 2
0x0069	0x2870      	GOTO       L_main4
0x006A	0x1283      	BCF        STATUS, 5
0x006B	0x1085      	BCF        GPIO, 1
0x006C	0x1505      	BSF        GPIO, 2
0x006D	0x1205      	BCF        GPIO, 4
0x006E	0x1285      	BCF        GPIO, 5
0x006F	0x288B      	GOTO       L_main5
L_main4:
0x0070	0x0822      	MOVF       _ADC_Value+1, 0
0x0071	0x3A02      	XORLW      2
0x0072	0x1D03      	BTFSS      STATUS, 2
0x0073	0x2876      	GOTO       L__main12
0x0074	0x3000      	MOVLW      0
0x0075	0x0621      	XORWF      _ADC_Value, 0
L__main12:
0x0076	0x1D03      	BTFSS      STATUS, 2
0x0077	0x287E      	GOTO       L_main6
0x0078	0x1283      	BCF        STATUS, 5
0x0079	0x1085      	BCF        GPIO, 1
0x007A	0x1105      	BCF        GPIO, 2
0x007B	0x1605      	BSF        GPIO, 4
0x007C	0x1285      	BCF        GPIO, 5
0x007D	0x288B      	GOTO       L_main7
L_main6:
0x007E	0x0822      	MOVF       _ADC_Value+1, 0
0x007F	0x3A02      	XORLW      2
0x0080	0x1D03      	BTFSS      STATUS, 2
0x0081	0x2884      	GOTO       L__main13
0x0082	0x30EE      	MOVLW      238
0x0083	0x0621      	XORWF      _ADC_Value, 0
L__main13:
0x0084	0x1D03      	BTFSS      STATUS, 2
0x0085	0x288B      	GOTO       L_main8
0x0086	0x1283      	BCF        STATUS, 5
0x0087	0x1085      	BCF        GPIO, 1
0x0088	0x1105      	BCF        GPIO, 2
0x0089	0x1205      	BCF        GPIO, 4
0x008A	0x1685      	BSF        GPIO, 5
L_main8:
L_main7:
L_main5:
L_main3:
0x008B	0x284E      	GOTO       L_main0
L_end_main:
0x008C	0x288C      	GOTO       $+0
; end of _main
0x0094	0x3020      	MOVLW      32
0x0095	0x0084      	MOVWF      FSR
0x0096	0x3001      	MOVLW      1
0x0097	0x1283      	BCF        STATUS, 5
0x0098	0x00D0      	MOVWF      R0
0x0099	0x3092      	MOVLW      146
0x009A	0x00A3      	MOVWF      ___DoICPAddr
0x009B	0x3000      	MOVLW      0
0x009C	0x00A4      	MOVWF      36
0x009D	0x2036      	CALL       54
0x009E	0x0008      	RETURN
;__Lib_ADC_A_E.c,0 :: ?ICS_vref_mask
0x0092	0x3440 ;?ICS_vref_mask+0
; end of ?ICS_vref_mask
Symbol List:
//** Routines locations **
//ADDRESS    SIZE    PROCEDURE
//----------------------------------------------
0x0003       [6]    _____DoICP
0x0009       [6]    _Delay_22us
0x000F      [39]    _ADC_Read
0x0036      [12]    ___CC2DW
0x0042      [74]    _main
//** Variables locations ** 
//ADDRESS    SIZE    VARIABLE
//----------------------------------------------
0x0000       [1]    INDF
0x0002       [1]    PCL
0x0003       [1]    STATUS
0x0004       [1]    FSR
0x0005       [1]    GPIO
0x000A       [1]    PCLATH
0x0019       [1]    CMCON
0x001E       [1]    ADRESH
0x001F       [1]    ADCON0
0x0020       [1]    _vref_mask
0x0021       [2]    _ADC_Value
0x0023       [2]    ___DoICPAddr
0x0025       [1]    FARG_ADC_Read_channel
0x0050       [1]    R0
0x0051       [1]    R1
0x0052       [1]    R2
0x0053       [1]    R3
0x0054       [1]    R4
0x0055       [1]    R5
0x0056       [1]    R6
0x0057       [1]    R7
0x0058       [1]    R8
0x0059       [1]    R9
0x005A       [1]    R10
0x005B       [1]    R11
0x005C       [1]    R12
0x005D       [1]    R13
0x005E       [1]    R14
0x005F       [1]    R15
0x0085       [1]    TRISIO
0x009E       [1]    ADRESL
0x009F       [1]    ANSEL
//** Constants locations ** 
//ADDRESS    SIZE    CONSTANT
//----------------------------------------------
0x0092       [1]    ?ICS_vref_mask
