;  LST file generated by mikroListExporter - v.2.0 
; Date/Time: 15/12/2021 02:01:43
;----------------------------------------------

;Address Opcode 	ASM
0x0000	0x2F06      	GOTO       1798
_interrupt:
0x0004	0x00FF      	MOVWF      R15
0x0005	0x0E03      	SWAPF      STATUS, 0
0x0006	0x0183      	CLRF       STATUS
0x0007	0x00EF      	MOVWF      ___saveSTATUS
0x0008	0x080A      	MOVF       PCLATH, 0
0x0009	0x1683      	BSF        STATUS, 5
0x000A	0x00AC      	MOVWF      ___savePCLATH
0x000B	0x018A      	CLRF       PCLATH
0x000C	0x0804      	MOVF       FSR, 0
0x000D	0x1283      	BCF        STATUS, 5
0x000E	0x00A1      	MOVWF      33
0x000F	0x1E8C      	BTFSS      RCIF_bit, BitPos(RCIF_bit+0)
0x0010	0x29CD      	GOTO       L_interrupt5
0x0011	0x1918      	BTFSC      FERR_bit, BitPos(FERR_bit+0)
0x0012	0x2816      	GOTO       L__interrupt19
0x0013	0x1898      	BTFSC      OERR_bit, BitPos(OERR_bit+0)
0x0014	0x2816      	GOTO       L__interrupt19
0x0015	0x2819      	GOTO       L_interrupt8
L__interrupt19:
0x0016	0x1218      	BCF        CREN_bit, BitPos(CREN_bit+0)
0x0017	0x1618      	BSF        CREN_bit, BitPos(CREN_bit+0)
0x0018	0x29CD      	GOTO       L_interrupt9
L_interrupt8:
0x0019	0x0AA4      	INCF       _Received, 1
0x001A	0x1306      	BCF        RB6_bit, BitPos(RB6_bit+0)
0x001B	0x1686      	BSF        RB5_bit, BitPos(RB5_bit+0)
0x001C	0x307F      	MOVLW      127
0x001D	0x059A      	ANDWF      RCREG, 1
0x001E	0x3000      	MOVLW      0
0x001F	0x1B1A      	BTFSC      RCREG, 6
0x0020	0x3001      	MOVLW      1
0x0021	0x00EC      	MOVWF      _D_+2
0x0022	0x3020      	MOVLW      32
0x0023	0x051A      	ANDWF      RCREG, 0
0x0024	0x00F2      	MOVWF      R2
0x0025	0x3005      	MOVLW      5
0x0026	0x00F1      	MOVWF      R1
0x0027	0x0872      	MOVF       R2, 0
0x0028	0x00F0      	MOVWF      R0
0x0029	0x0871      	MOVF       R1, 0
L__interrupt26:
0x002A	0x1903      	BTFSC      STATUS, 2
0x002B	0x2830      	GOTO       L__interrupt27
0x002C	0x0CF0      	RRF        R0, 1
0x002D	0x13F0      	BCF        R0, 7
0x002E	0x3EFF      	ADDLW      255
0x002F	0x282A      	GOTO       L__interrupt26
L__interrupt27:
0x0030	0x0870      	MOVF       R0, 0
0x0031	0x06EC      	XORWF      _D_+2, 1
0x0032	0x3008      	MOVLW      8
0x0033	0x051A      	ANDWF      RCREG, 0
0x0034	0x00F2      	MOVWF      R2
0x0035	0x0872      	MOVF       R2, 0
0x0036	0x00F0      	MOVWF      R0
0x0037	0x0CF0      	RRF        R0, 1
0x0038	0x13F0      	BCF        R0, 7
0x0039	0x0CF0      	RRF        R0, 1
0x003A	0x13F0      	BCF        R0, 7
0x003B	0x0CF0      	RRF        R0, 1
0x003C	0x13F0      	BCF        R0, 7
0x003D	0x0870      	MOVF       R0, 0
0x003E	0x06EC      	XORWF      _D_+2, 1
0x003F	0x3000      	MOVLW      0
0x0040	0x1B1A      	BTFSC      RCREG, 6
0x0041	0x3001      	MOVLW      1
0x0042	0x00EB      	MOVWF      _D_+1
0x0043	0x3010      	MOVLW      16
0x0044	0x051A      	ANDWF      RCREG, 0
0x0045	0x00F2      	MOVWF      R2
0x0046	0x0872      	MOVF       R2, 0
0x0047	0x00F0      	MOVWF      R0
0x0048	0x0CF0      	RRF        R0, 1
0x0049	0x13F0      	BCF        R0, 7
0x004A	0x0CF0      	RRF        R0, 1
0x004B	0x13F0      	BCF        R0, 7
0x004C	0x0CF0      	RRF        R0, 1
0x004D	0x13F0      	BCF        R0, 7
0x004E	0x0CF0      	RRF        R0, 1
0x004F	0x13F0      	BCF        R0, 7
0x0050	0x0870      	MOVF       R0, 0
0x0051	0x06EB      	XORWF      _D_+1, 1
0x0052	0x3008      	MOVLW      8
0x0053	0x051A      	ANDWF      RCREG, 0
0x0054	0x00F2      	MOVWF      R2
0x0055	0x0872      	MOVF       R2, 0
0x0056	0x00F0      	MOVWF      R0
0x0057	0x0CF0      	RRF        R0, 1
0x0058	0x13F0      	BCF        R0, 7
0x0059	0x0CF0      	RRF        R0, 1
0x005A	0x13F0      	BCF        R0, 7
0x005B	0x0CF0      	RRF        R0, 1
0x005C	0x13F0      	BCF        R0, 7
0x005D	0x0870      	MOVF       R0, 0
0x005E	0x06EB      	XORWF      _D_+1, 1
0x005F	0x3000      	MOVLW      0
0x0060	0x1A9A      	BTFSC      RCREG, 5
0x0061	0x3001      	MOVLW      1
0x0062	0x00EA      	MOVWF      _D_
0x0063	0x3010      	MOVLW      16
0x0064	0x051A      	ANDWF      RCREG, 0
0x0065	0x00F2      	MOVWF      R2
0x0066	0x0872      	MOVF       R2, 0
0x0067	0x00F0      	MOVWF      R0
0x0068	0x0CF0      	RRF        R0, 1
0x0069	0x13F0      	BCF        R0, 7
0x006A	0x0CF0      	RRF        R0, 1
0x006B	0x13F0      	BCF        R0, 7
0x006C	0x0CF0      	RRF        R0, 1
0x006D	0x13F0      	BCF        R0, 7
0x006E	0x0CF0      	RRF        R0, 1
0x006F	0x13F0      	BCF        R0, 7
0x0070	0x0870      	MOVF       R0, 0
0x0071	0x06EA      	XORWF      _D_, 1
0x0072	0x3008      	MOVLW      8
0x0073	0x051A      	ANDWF      RCREG, 0
0x0074	0x00F2      	MOVWF      R2
0x0075	0x0872      	MOVF       R2, 0
0x0076	0x00F0      	MOVWF      R0
0x0077	0x0CF0      	RRF        R0, 1
0x0078	0x13F0      	BCF        R0, 7
0x0079	0x0CF0      	RRF        R0, 1
0x007A	0x13F0      	BCF        R0, 7
0x007B	0x0CF0      	RRF        R0, 1
0x007C	0x13F0      	BCF        R0, 7
0x007D	0x0870      	MOVF       R0, 0
0x007E	0x06EA      	XORWF      _D_, 1
0x007F	0x3001      	MOVLW      1
0x0080	0x051A      	ANDWF      RCREG, 0
0x0081	0x1683      	BSF        STATUS, 5
0x0082	0x00A0      	MOVWF      _D
0x0083	0x3000      	MOVLW      0
0x0084	0x1283      	BCF        STATUS, 5
0x0085	0x189A      	BTFSC      RCREG, 1
0x0086	0x3001      	MOVLW      1
0x0087	0x1683      	BSF        STATUS, 5
0x0088	0x00A1      	MOVWF      _D+1
0x0089	0x3000      	MOVLW      0
0x008A	0x1283      	BCF        STATUS, 5
0x008B	0x191A      	BTFSC      RCREG, 2
0x008C	0x3001      	MOVLW      1
0x008D	0x1683      	BSF        STATUS, 5
0x008E	0x00A2      	MOVWF      _D+2
0x008F	0x1283      	BCF        STATUS, 5
0x0090	0x01A3      	CLRF       _i
L_interrupt10:
0x0091	0x3003      	MOVLW      3
0x0092	0x0223      	SUBWF      _i, 0
0x0093	0x1803      	BTFSC      STATUS, 0
0x0094	0x28B2      	GOTO       L_interrupt11
0x0095	0x0823      	MOVF       _i, 0
0x0096	0x3E6A      	ADDLW      _D_
0x0097	0x0084      	MOVWF      FSR
0x0098	0x0800      	MOVF       INDF, 0
0x0099	0x00F0      	MOVWF      R0
0x009A	0x0823      	MOVF       _i, 0
0x009B	0x3EA0      	ADDLW      _D
0x009C	0x0084      	MOVWF      FSR
0x009D	0x0800      	MOVF       INDF, 0
0x009E	0x06F0      	XORWF      R0, 1
0x009F	0x0870      	MOVF       R0, 0
0x00A0	0x3001      	MOVLW      1
0x00A1	0x1D03      	BTFSS      STATUS, 2
0x00A2	0x3000      	MOVLW      0
0x00A3	0x00F1      	MOVWF      R1
0x00A4	0x0871      	MOVF       R1, 0
0x00A5	0x00A2      	MOVWF      _Logic_Val
0x00A6	0x0871      	MOVF       R1, 0
0x00A7	0x3A00      	XORLW      0
0x00A8	0x1D03      	BTFSS      STATUS, 2
0x00A9	0x28B0      	GOTO       L_interrupt13
0x00AA	0x1786      	BSF        RB7_bit, BitPos(RB7_bit+0)
0x00AB	0x1606      	BSF        RB4_bit, BitPos(RB4_bit+0)
0x00AC	0x1286      	BCF        RB5_bit, BitPos(RB5_bit+0)
0x00AD	0x03A4      	DECF       _Received, 1
0x00AE	0x1386      	BCF        RB7_bit, BitPos(RB7_bit+0)
0x00AF	0x28B2      	GOTO       L_interrupt11
L_interrupt13:
0x00B0	0x0AA3      	INCF       _i, 1
0x00B1	0x2891      	GOTO       L_interrupt10
L_interrupt11:
0x00B2	0x0824      	MOVF       _Received, 0
0x00B3	0x3A01      	XORLW      1
0x00B4	0x3001      	MOVLW      1
0x00B5	0x1D03      	BTFSS      STATUS, 2
0x00B6	0x3000      	MOVLW      0
0x00B7	0x00F0      	MOVWF      R0
0x00B8	0x0822      	MOVF       _Logic_Val, 0
0x00B9	0x05F0      	ANDWF      R0, 1
0x00BA	0x1903      	BTFSC      STATUS, 2
0x00BB	0x28D8      	GOTO       L_interrupt14
0x00BC	0x1586      	BSF        RB3_bit, BitPos(RB3_bit+0)
0x00BD	0x3000      	MOVLW      0
0x00BE	0x1B1A      	BTFSC      RCREG, 6
0x00BF	0x3001      	MOVLW      1
0x00C0	0x1683      	BSF        STATUS, 5
0x00C1	0x00A6      	MOVWF      _D+6
0x00C2	0x3000      	MOVLW      0
0x00C3	0x1283      	BCF        STATUS, 5
0x00C4	0x1A9A      	BTFSC      RCREG, 5
0x00C5	0x3001      	MOVLW      1
0x00C6	0x1683      	BSF        STATUS, 5
0x00C7	0x00A5      	MOVWF      _D+5
0x00C8	0x3000      	MOVLW      0
0x00C9	0x1283      	BCF        STATUS, 5
0x00CA	0x1A1A      	BTFSC      RCREG, 4
0x00CB	0x3001      	MOVLW      1
0x00CC	0x1683      	BSF        STATUS, 5
0x00CD	0x00A4      	MOVWF      _D+4
0x00CE	0x3000      	MOVLW      0
0x00CF	0x1283      	BCF        STATUS, 5
0x00D0	0x199A      	BTFSC      RCREG, 3
0x00D1	0x3001      	MOVLW      1
0x00D2	0x1683      	BSF        STATUS, 5
0x00D3	0x00A3      	MOVWF      _D+3
0x00D4	0x1283      	BCF        STATUS, 5
0x00D5	0x1206      	BCF        RB4_bit, BitPos(RB4_bit+0)
0x00D6	0x1386      	BCF        RB7_bit, BitPos(RB7_bit+0)
0x00D7	0x29CD      	GOTO       L_interrupt15
L_interrupt14:
0x00D8	0x0824      	MOVF       _Received, 0
0x00D9	0x3A02      	XORLW      2
0x00DA	0x3001      	MOVLW      1
0x00DB	0x1D03      	BTFSS      STATUS, 2
0x00DC	0x3000      	MOVLW      0
0x00DD	0x00F0      	MOVWF      R0
0x00DE	0x0822      	MOVF       _Logic_Val, 0
0x00DF	0x05F0      	ANDWF      R0, 1
0x00E0	0x1903      	BTFSC      STATUS, 2
0x00E1	0x29CD      	GOTO       L_interrupt16
0x00E2	0x1406      	BSF        RB0_bit, BitPos(RB0_bit+0)
0x00E3	0x3007      	MOVLW      7
0x00E4	0x00F0      	MOVWF      R0
0x00E5	0x1683      	BSF        STATUS, 5
0x00E6	0x0826      	MOVF       _D+6, 0
0x00E7	0x00F2      	MOVWF      R2
0x00E8	0x0870      	MOVF       R0, 0
L__interrupt28:
0x00E9	0x1903      	BTFSC      STATUS, 2
0x00EA	0x28EF      	GOTO       L__interrupt29
0x00EB	0x0DF2      	RLF        R2, 1
0x00EC	0x1072      	BCF        R2, 0
0x00ED	0x3EFF      	ADDLW      255
0x00EE	0x28E9      	GOTO       L__interrupt28
L__interrupt29:
0x00EF	0x1683      	BSF        STATUS, 5
0x00F0	0x3006      	MOVLW      6
0x00F1	0x00F1      	MOVWF      R1
0x00F2	0x0825      	MOVF       _D+5, 0
0x00F3	0x00F0      	MOVWF      R0
0x00F4	0x0871      	MOVF       R1, 0
L__interrupt30:
0x00F5	0x1903      	BTFSC      STATUS, 2
0x00F6	0x28FB      	GOTO       L__interrupt31
0x00F7	0x0DF0      	RLF        R0, 1
0x00F8	0x1070      	BCF        R0, 0
0x00F9	0x3EFF      	ADDLW      255
0x00FA	0x28F5      	GOTO       L__interrupt30
L__interrupt31:
0x00FB	0x1683      	BSF        STATUS, 5
0x00FC	0x0870      	MOVF       R0, 0
0x00FD	0x0472      	IORWF      R2, 0
0x00FE	0x00F3      	MOVWF      R3
0x00FF	0x3005      	MOVLW      5
0x0100	0x00F2      	MOVWF      R2
0x0101	0x0824      	MOVF       _D+4, 0
0x0102	0x00F0      	MOVWF      R0
0x0103	0x01F1      	CLRF       R0+1
0x0104	0x0872      	MOVF       R2, 0
L__interrupt32:
0x0105	0x1903      	BTFSC      STATUS, 2
0x0106	0x290C      	GOTO       L__interrupt33
0x0107	0x0DF0      	RLF        R0, 1
0x0108	0x0DF1      	RLF        R0+1, 1
0x0109	0x1070      	BCF        R0, 0
0x010A	0x3EFF      	ADDLW      255
0x010B	0x2905      	GOTO       L__interrupt32
L__interrupt33:
0x010C	0x1683      	BSF        STATUS, 5
0x010D	0x0870      	MOVF       R0, 0
0x010E	0x04F3      	IORWF      R3, 1
0x010F	0x3004      	MOVLW      4
0x0110	0x00F2      	MOVWF      R2
0x0111	0x0823      	MOVF       _D+3, 0
0x0112	0x00F0      	MOVWF      R0
0x0113	0x01F1      	CLRF       R0+1
0x0114	0x0872      	MOVF       R2, 0
L__interrupt34:
0x0115	0x1903      	BTFSC      STATUS, 2
0x0116	0x291C      	GOTO       L__interrupt35
0x0117	0x0DF0      	RLF        R0, 1
0x0118	0x0DF1      	RLF        R0+1, 1
0x0119	0x1070      	BCF        R0, 0
0x011A	0x3EFF      	ADDLW      255
0x011B	0x2915      	GOTO       L__interrupt34
L__interrupt35:
0x011C	0x0870      	MOVF       R0, 0
0x011D	0x0473      	IORWF      R3, 0
0x011E	0x00F4      	MOVWF      R4
0x011F	0x3040      	MOVLW      64
0x0120	0x1283      	BCF        STATUS, 5
0x0121	0x051A      	ANDWF      RCREG, 0
0x0122	0x00F1      	MOVWF      R1
0x0123	0x3006      	MOVLW      6
0x0124	0x00F0      	MOVWF      R0
0x0125	0x0871      	MOVF       R1, 0
0x0126	0x00F3      	MOVWF      R3
0x0127	0x0870      	MOVF       R0, 0
L__interrupt36:
0x0128	0x1903      	BTFSC      STATUS, 2
0x0129	0x292E      	GOTO       L__interrupt37
0x012A	0x0CF3      	RRF        R3, 1
0x012B	0x13F3      	BCF        R3, 7
0x012C	0x3EFF      	ADDLW      255
0x012D	0x2928      	GOTO       L__interrupt36
L__interrupt37:
0x012E	0x3003      	MOVLW      3
0x012F	0x00F2      	MOVWF      R2
0x0130	0x0873      	MOVF       R3, 0
0x0131	0x00F0      	MOVWF      R0
0x0132	0x01F1      	CLRF       R0+1
0x0133	0x0872      	MOVF       R2, 0
L__interrupt38:
0x0134	0x1903      	BTFSC      STATUS, 2
0x0135	0x293B      	GOTO       L__interrupt39
0x0136	0x0DF0      	RLF        R0, 1
0x0137	0x0DF1      	RLF        R0+1, 1
0x0138	0x1070      	BCF        R0, 0
0x0139	0x3EFF      	ADDLW      255
0x013A	0x2934      	GOTO       L__interrupt38
L__interrupt39:
0x013B	0x1283      	BCF        STATUS, 5
0x013C	0x0870      	MOVF       R0, 0
0x013D	0x04F4      	IORWF      R4, 1
0x013E	0x3020      	MOVLW      32
0x013F	0x051A      	ANDWF      RCREG, 0
0x0140	0x00F1      	MOVWF      R1
0x0141	0x3005      	MOVLW      5
0x0142	0x00F0      	MOVWF      R0
0x0143	0x0871      	MOVF       R1, 0
0x0144	0x00F3      	MOVWF      R3
0x0145	0x0870      	MOVF       R0, 0
L__interrupt40:
0x0146	0x1903      	BTFSC      STATUS, 2
0x0147	0x294C      	GOTO       L__interrupt41
0x0148	0x0CF3      	RRF        R3, 1
0x0149	0x13F3      	BCF        R3, 7
0x014A	0x3EFF      	ADDLW      255
0x014B	0x2946      	GOTO       L__interrupt40
L__interrupt41:
0x014C	0x1283      	BCF        STATUS, 5
0x014D	0x0873      	MOVF       R3, 0
0x014E	0x00F0      	MOVWF      R0
0x014F	0x01F1      	CLRF       R0+1
0x0150	0x0DF0      	RLF        R0, 1
0x0151	0x0DF1      	RLF        R0+1, 1
0x0152	0x1070      	BCF        R0, 0
0x0153	0x0DF0      	RLF        R0, 1
0x0154	0x0DF1      	RLF        R0+1, 1
0x0155	0x1070      	BCF        R0, 0
0x0156	0x0870      	MOVF       R0, 0
0x0157	0x04F4      	IORWF      R4, 1
0x0158	0x3010      	MOVLW      16
0x0159	0x051A      	ANDWF      RCREG, 0
0x015A	0x00F1      	MOVWF      R1
0x015B	0x0871      	MOVF       R1, 0
0x015C	0x00F3      	MOVWF      R3
0x015D	0x0CF3      	RRF        R3, 1
0x015E	0x13F3      	BCF        R3, 7
0x015F	0x0CF3      	RRF        R3, 1
0x0160	0x13F3      	BCF        R3, 7
0x0161	0x0CF3      	RRF        R3, 1
0x0162	0x13F3      	BCF        R3, 7
0x0163	0x0CF3      	RRF        R3, 1
0x0164	0x13F3      	BCF        R3, 7
0x0165	0x0873      	MOVF       R3, 0
0x0166	0x00F0      	MOVWF      R0
0x0167	0x01F1      	CLRF       R0+1
0x0168	0x0DF0      	RLF        R0, 1
0x0169	0x0DF1      	RLF        R0+1, 1
0x016A	0x1070      	BCF        R0, 0
0x016B	0x0870      	MOVF       R0, 0
0x016C	0x0474      	IORWF      R4, 0
0x016D	0x00F3      	MOVWF      R3
0x016E	0x3008      	MOVLW      8
0x016F	0x051A      	ANDWF      RCREG, 0
0x0170	0x00F2      	MOVWF      R2
0x0171	0x0872      	MOVF       R2, 0
0x0172	0x00F0      	MOVWF      R0
0x0173	0x0CF0      	RRF        R0, 1
0x0174	0x13F0      	BCF        R0, 7
0x0175	0x0CF0      	RRF        R0, 1
0x0176	0x13F0      	BCF        R0, 7
0x0177	0x0CF0      	RRF        R0, 1
0x0178	0x13F0      	BCF        R0, 7
0x0179	0x3000      	MOVLW      0
0x017A	0x00F1      	MOVWF      R0+1
0x017B	0x0873      	MOVF       R3, 0
0x017C	0x04F0      	IORWF      R0, 1
0x017D	0x0870      	MOVF       R0, 0
0x017E	0x00E9      	MOVWF      _Terminal_Word
0x017F	0x26EA      	CALL       _byte2double
0x0180	0x3000      	MOVLW      0
0x0181	0x00F4      	MOVWF      R4
0x0182	0x3000      	MOVLW      0
0x0183	0x00F5      	MOVWF      R4+1
0x0184	0x3020      	MOVLW      32
0x0185	0x00F6      	MOVWF      R4+2
0x0186	0x3081      	MOVLW      129
0x0187	0x00F7      	MOVWF      R4+3
0x0188	0x22E0      	CALL       _Mul_32x32_FP
0x0189	0x3000      	MOVLW      0
0x018A	0x00F4      	MOVWF      R4
0x018B	0x3000      	MOVLW      0
0x018C	0x00F5      	MOVWF      R4+1
0x018D	0x3000      	MOVLW      0
0x018E	0x00F6      	MOVWF      R4+2
0x018F	0x3089      	MOVLW      137
0x0190	0x00F7      	MOVWF      R4+3
0x0191	0x2398      	CALL       _Div_32x32_FP
0x0192	0x3000      	MOVLW      0
0x0193	0x00F4      	MOVWF      R4
0x0194	0x3000      	MOVLW      0
0x0195	0x00F5      	MOVWF      R4+1
0x0196	0x3048      	MOVLW      72
0x0197	0x00F6      	MOVWF      R4+2
0x0198	0x3085      	MOVLW      133
0x0199	0x00F7      	MOVWF      R4+3
0x019A	0x22E0      	CALL       _Mul_32x32_FP
0x019B	0x0870      	MOVF       R0, 0
0x019C	0x00E5      	MOVWF      _Celsius
0x019D	0x0871      	MOVF       R0+1, 0
0x019E	0x00E6      	MOVWF      _Celsius+1
0x019F	0x0872      	MOVF       R0+2, 0
0x01A0	0x00E7      	MOVWF      _Celsius+2
0x01A1	0x0873      	MOVF       R0+3, 0
0x01A2	0x00E8      	MOVWF      _Celsius+3
0x01A3	0x3050      	MOVLW      ?lstr1_E2_Serial_Terminal
0x01A4	0x1683      	BSF        STATUS, 5
0x01A5	0x00AD      	MOVWF      FARG_Serial_Write_string
0x01A6	0x244F      	CALL       _Serial_Write
0x01A7	0x3048      	MOVLW      ?lstr2_E2_Serial_Terminal
0x01A8	0x00AD      	MOVWF      FARG_Serial_Write_string
0x01A9	0x244F      	CALL       _Serial_Write
0x01AA	0x1283      	BCF        STATUS, 5
0x01AB	0x0865      	MOVF       _Celsius, 0
0x01AC	0x1683      	BSF        STATUS, 5
0x01AD	0x00AD      	MOVWF      FARG_FloatToStr_FixLen_fnum
0x01AE	0x1283      	BCF        STATUS, 5
0x01AF	0x0866      	MOVF       _Celsius+1, 0
0x01B0	0x1683      	BSF        STATUS, 5
0x01B1	0x00AE      	MOVWF      FARG_FloatToStr_FixLen_fnum+1
0x01B2	0x1283      	BCF        STATUS, 5
0x01B3	0x0867      	MOVF       _Celsius+2, 0
0x01B4	0x1683      	BSF        STATUS, 5
0x01B5	0x00AF      	MOVWF      FARG_FloatToStr_FixLen_fnum+2
0x01B6	0x1283      	BCF        STATUS, 5
0x01B7	0x0868      	MOVF       _Celsius+3, 0
0x01B8	0x1683      	BSF        STATUS, 5
0x01B9	0x00B0      	MOVWF      FARG_FloatToStr_FixLen_fnum+3
0x01BA	0x30A7      	MOVLW      _Text
0x01BB	0x00B1      	MOVWF      FARG_FloatToStr_FixLen_str
0x01BC	0x3005      	MOVLW      5
0x01BD	0x00B2      	MOVWF      FARG_FloatToStr_FixLen_len
0x01BE	0x246E      	CALL       _FloatToStr_FixLen
0x01BF	0x30A7      	MOVLW      _Text
0x01C0	0x00AD      	MOVWF      FARG_Serial_Write_string
0x01C1	0x244F      	CALL       _Serial_Write
0x01C2	0x303B      	MOVLW      ?lstr3_E2_Serial_Terminal
0x01C3	0x00AD      	MOVWF      FARG_Serial_Write_string
0x01C4	0x244F      	CALL       _Serial_Write
0x01C5	0x3025      	MOVLW      ?lstr4_E2_Serial_Terminal
0x01C6	0x00AD      	MOVWF      FARG_Serial_Write_string
0x01C7	0x244F      	CALL       _Serial_Write
0x01C8	0x1283      	BCF        STATUS, 5
0x01C9	0x01A4      	CLRF       _Received
0x01CA	0x1706      	BSF        RB6_bit, BitPos(RB6_bit+0)
0x01CB	0x1186      	BCF        RB3_bit, BitPos(RB3_bit+0)
0x01CC	0x1006      	BCF        RB0_bit, BitPos(RB0_bit+0)
L_interrupt16:
L_interrupt15:
L_interrupt9:
L_interrupt5:
L_end_interrupt:
L__interrupt25:
0x01CD	0x0821      	MOVF       33, 0
0x01CE	0x0084      	MOVWF      FSR
0x01CF	0x1683      	BSF        STATUS, 5
0x01D0	0x082C      	MOVF       ___savePCLATH, 0
0x01D1	0x008A      	MOVWF      PCLATH
0x01D2	0x1283      	BCF        STATUS, 5
0x01D3	0x0E6F      	SWAPF      ___saveSTATUS, 0
0x01D4	0x0083      	MOVWF      STATUS
0x01D5	0x0EFF      	SWAPF      R15, 1
0x01D6	0x0E7F      	SWAPF      R15, 0
0x01D7	0x0009      	RETFIE
; end of _interrupt
_SETFUN32:
0x01D8	0x157B      	BSF        R11, 2
0x01D9	0x1FFB      	BTFSS      R11, 7
0x01DA	0x29E2      	GOTO       SETFUN32EEE
0x01DB	0x3001      	MOVLW      1
0x01DC	0x00F3      	MOVWF      R3
0x01DD	0x01F2      	CLRF       R2
0x01DE	0x01F1      	CLRF       R1
0x01DF	0x01F0      	CLRF       R0
0x01E0	0x0DFA      	RLF        R10, 1
0x01E1	0x0CF2      	RRF        R2, 1
SETFUN32EEE:
0x01E2	0x30FF      	MOVLW      255
L_end_SETFUN32:
0x01E3	0x0008      	RETURN
; end of _SETFUN32
_RES032:
0x01E4	0x01F2      	CLRF       R2
0x01E5	0x01F1      	CLRF       R1
0x01E6	0x01F0      	CLRF       R0
0x01E7	0x01F8      	CLRF       R8
0x01E8	0x01F3      	CLRF       R3
0x01E9	0x3000      	MOVLW      0
L_end_RES032:
0x01EA	0x0008      	RETURN
; end of _RES032
_FIXSIGN32:
0x01EB	0x1FFA      	BTFSS      R10, 7
0x01EC	0x13F2      	BCF        R2, 7
0x01ED	0x3000      	MOVLW      0
L_end_FIXSIGN32:
0x01EE	0x0008      	RETURN
; end of _FIXSIGN32
_SETFOV32:
0x01EF	0x14FB      	BSF        R11, 1
0x01F0	0x1FFB      	BTFSS      R11, 7
0x01F1	0x29F9      	GOTO       SETFOV32EEE
0x01F2	0x30FF      	MOVLW      255
0x01F3	0x00F3      	MOVWF      R3
0x01F4	0x00F2      	MOVWF      R2
0x01F5	0x00F1      	MOVWF      R1
0x01F6	0x00F0      	MOVWF      R0
0x01F7	0x0DFA      	RLF        R10, 1
0x01F8	0x0CF2      	RRF        R2, 1
SETFOV32EEE:
0x01F9	0x30FF      	MOVLW      255
L_end_SETFOV32:
0x01FA	0x0008      	RETURN
; end of _SETFOV32
_____DoICP:
0x01FB	0x1283      	BCF        STATUS, 5
0x01FC	0x1303      	BCF        STATUS, 6
0x01FD	0x086E      	MOVF       ___DoICPAddr+1, 0
0x01FE	0x008A      	MOVWF      PCLATH
0x01FF	0x086D      	MOVF       ___DoICPAddr, 0
0x0200	0x0082      	MOVWF      PCL
L_end_____DoICP:
0x0201	0x0008      	RETURN
; end of _____DoICP
_SETFDZ32:
0x0202	0x15FB      	BSF        R11, 3
0x0203	0x30FF      	MOVLW      255
L_end_SETFDZ32:
0x0204	0x0008      	RETURN
; end of _SETFDZ32
_Compare_Double:
0x0205	0x1283      	BCF        STATUS, 5
0x0206	0x1303      	BCF        STATUS, 6
0x0207	0x01FA      	CLRF       R10
0x0208	0x0873      	MOVF       R3, 0
0x0209	0x1D03      	BTFSS      STATUS, 2
0x020A	0x147A      	BSF        R10, 0
0x020B	0x0877      	MOVF       R7, 0
0x020C	0x1D03      	BTFSS      STATUS, 2
0x020D	0x14FA      	BSF        R10, 1
0x020E	0x087A      	MOVF       R10, 0
0x020F	0x1903      	BTFSC      STATUS, 2
0x0210	0x2A51      	GOTO       COMPARE_EQU
0x0211	0x3A03      	XORLW      3
0x0212	0x1903      	BTFSC      STATUS, 2
0x0213	0x2A1C      	GOTO       COMPARE_NOTZERO
0x0214	0x187A      	BTFSC      R10, 0
0x0215	0x2A19      	GOTO       COMPARE_XNOTZERO
0x0216	0x1FF6      	BTFSS      R6, 7
0x0217	0x2A4F      	GOTO       COMPARE_LT
0x0218	0x2A4D      	GOTO       COMPARE_GT
COMPARE_XNOTZERO:
0x0219	0x1FF2      	BTFSS      R2, 7
0x021A	0x2A4D      	GOTO       COMPARE_GT
0x021B	0x2A4F      	GOTO       COMPARE_LT
COMPARE_NOTZERO:
0x021C	0x0872      	MOVF       R2, 0
0x021D	0x3980      	ANDLW      128
0x021E	0x00FA      	MOVWF      R10
0x021F	0x13F2      	BCF        R2, 7
0x0220	0x0876      	MOVF       R6, 0
0x0221	0x3980      	ANDLW      128
0x0222	0x13F6      	BCF        R6, 7
0x0223	0x067A      	XORWF      R10, 0
0x0224	0x1903      	BTFSC      STATUS, 2
0x0225	0x2A2A      	GOTO       COMPARE_TESTALL
0x0226	0x087A      	MOVF       R10, 0
0x0227	0x1903      	BTFSC      STATUS, 2
0x0228	0x2A4D      	GOTO       COMPARE_GT
0x0229	0x2A4F      	GOTO       COMPARE_LT
COMPARE_TESTALL:
0x022A	0x0877      	MOVF       R7, 0
0x022B	0x0273      	SUBWF      R3, 0
0x022C	0x1903      	BTFSC      STATUS, 2
0x022D	0x2A31      	GOTO       COMPARE_C1
0x022E	0x1C03      	BTFSS      STATUS, 0
0x022F	0x2A45      	GOTO       GT_FALSE
0x0230	0x2A49      	GOTO       GT_TRUE
COMPARE_C1:
0x0231	0x0876      	MOVF       R6, 0
0x0232	0x0272      	SUBWF      R2, 0
0x0233	0x1903      	BTFSC      STATUS, 2
0x0234	0x2A38      	GOTO       COMPARE_C2
0x0235	0x1C03      	BTFSS      STATUS, 0
0x0236	0x2A45      	GOTO       GT_FALSE
0x0237	0x2A49      	GOTO       GT_TRUE
COMPARE_C2:
0x0238	0x0875      	MOVF       R5, 0
0x0239	0x0271      	SUBWF      R1, 0
0x023A	0x1903      	BTFSC      STATUS, 2
0x023B	0x2A3F      	GOTO       COMPARE_C3
0x023C	0x1C03      	BTFSS      STATUS, 0
0x023D	0x2A45      	GOTO       GT_FALSE
0x023E	0x2A49      	GOTO       GT_TRUE
COMPARE_C3:
0x023F	0x0874      	MOVF       R4, 0
0x0240	0x0270      	SUBWF      R0, 0
0x0241	0x1903      	BTFSC      STATUS, 2
0x0242	0x2A51      	GOTO       COMPARE_EQU
0x0243	0x1803      	BTFSC      STATUS, 0
0x0244	0x2A49      	GOTO       GT_TRUE
GT_FALSE:
0x0245	0x08FA      	MOVF       R10, 1
0x0246	0x1903      	BTFSC      STATUS, 2
0x0247	0x2A4F      	GOTO       COMPARE_LT
0x0248	0x2A4D      	GOTO       COMPARE_GT
GT_TRUE:
0x0249	0x08FA      	MOVF       R10, 1
0x024A	0x1903      	BTFSC      STATUS, 2
0x024B	0x2A4D      	GOTO       COMPARE_GT
0x024C	0x2A4F      	GOTO       COMPARE_LT
COMPARE_GT:
0x024D	0x1403      	BSF        STATUS, 0
0x024E	0x0008      	RETURN
COMPARE_LT:
0x024F	0x1003      	BCF        STATUS, 0
0x0250	0x0008      	RETURN
COMPARE_EQU:
0x0251	0x1403      	BSF        STATUS, 0
0x0252	0x1503      	BSF        STATUS, 2
0x0253	0x0008      	RETURN
L_end_Compare_Double:
0x0254	0x0008      	RETURN
; end of _Compare_Double
_strlen:
0x0255	0x1683      	BSF        STATUS, 5
0x0256	0x1303      	BCF        STATUS, 6
0x0257	0x083E      	MOVF       FARG_strlen_s, 0
0x0258	0x00F2      	MOVWF      R2
L_strlen36:
0x0259	0x0872      	MOVF       R2, 0
0x025A	0x00F0      	MOVWF      R0
0x025B	0x0AF2      	INCF       R2, 1
0x025C	0x0870      	MOVF       R0, 0
0x025D	0x0084      	MOVWF      FSR
0x025E	0x0800      	MOVF       INDF, 0
0x025F	0x1903      	BTFSC      STATUS, 2
0x0260	0x2A62      	GOTO       L_strlen37
0x0261	0x2A59      	GOTO       L_strlen36
L_strlen37:
0x0262	0x083E      	MOVF       FARG_strlen_s, 0
0x0263	0x0272      	SUBWF      R2, 0
0x0264	0x00F0      	MOVWF      R0
0x0265	0x3001      	MOVLW      1
0x0266	0x02F0      	SUBWF      R0, 1
0x0267	0x01F1      	CLRF       R0+1
0x0268	0x1C03      	BTFSS      STATUS, 0
0x0269	0x03F1      	DECF       R0+1, 1
L_end_strlen:
0x026A	0x0008      	RETURN
; end of _strlen
_strcpy:
0x026B	0x1683      	BSF        STATUS, 5
0x026C	0x1303      	BCF        STATUS, 6
0x026D	0x083E      	MOVF       FARG_strcpy_to, 0
0x026E	0x00F2      	MOVWF      R2
L_strcpy34:
0x026F	0x0872      	MOVF       R2, 0
0x0270	0x00F1      	MOVWF      R1
0x0271	0x0AF2      	INCF       R2, 1
0x0272	0x083F      	MOVF       FARG_strcpy_from, 0
0x0273	0x00F0      	MOVWF      R0
0x0274	0x0ABF      	INCF       FARG_strcpy_from, 1
0x0275	0x0870      	MOVF       R0, 0
0x0276	0x0084      	MOVWF      FSR
0x0277	0x0800      	MOVF       INDF, 0
0x0278	0x00F0      	MOVWF      R0
0x0279	0x0871      	MOVF       R1, 0
0x027A	0x0084      	MOVWF      FSR
0x027B	0x0870      	MOVF       R0, 0
0x027C	0x0080      	MOVWF      INDF
0x027D	0x0871      	MOVF       R1, 0
0x027E	0x0084      	MOVWF      FSR
0x027F	0x0800      	MOVF       INDF, 0
0x0280	0x1903      	BTFSC      STATUS, 2
0x0281	0x2A83      	GOTO       L_strcpy35
0x0282	0x2A6F      	GOTO       L_strcpy34
L_strcpy35:
0x0283	0x083E      	MOVF       FARG_strcpy_to, 0
0x0284	0x00F0      	MOVWF      R0
L_end_strcpy:
0x0285	0x0008      	RETURN
; end of _strcpy
_NRM4032:
0x0286	0x187C      	BTFSC      R12, 0
0x0287	0x2ABC      	GOTO       NRMRND4032
0x0288	0x18FC      	BTFSC      R12, 1
0x0289	0x2A8D      	GOTO       NRM4032
0x028A	0x197C      	BTFSC      R12, 2
0x028B	0x2ADB      	GOTO       JMPSETFOV32
0x028C	0x2A86      	GOTO       $-6
NRM4032:
0x028D	0x01A0      	CLRF       __math_tempbD
0x028E	0x0872      	MOVF       R2, 0
0x028F	0x1D03      	BTFSS      STATUS, 2
0x0290	0x2AAD      	GOTO       NORM4032
0x0291	0x0871      	MOVF       R1, 0
0x0292	0x00F2      	MOVWF      R2
0x0293	0x0870      	MOVF       R0, 0
0x0294	0x00F1      	MOVWF      R1
0x0295	0x0878      	MOVF       R8, 0
0x0296	0x00F0      	MOVWF      R0
0x0297	0x01F8      	CLRF       R8
0x0298	0x15A0      	BSF        __math_tempbD, 3
0x0299	0x0872      	MOVF       R2, 0
0x029A	0x1D03      	BTFSS      STATUS, 2
0x029B	0x2AAD      	GOTO       NORM4032
0x029C	0x0871      	MOVF       R1, 0
0x029D	0x00F2      	MOVWF      R2
0x029E	0x0870      	MOVF       R0, 0
0x029F	0x00F1      	MOVWF      R1
0x02A0	0x01F0      	CLRF       R0
0x02A1	0x11A0      	BCF        __math_tempbD, 3
0x02A2	0x1620      	BSF        __math_tempbD, 4
0x02A3	0x0872      	MOVF       R2, 0
0x02A4	0x1D03      	BTFSS      STATUS, 2
0x02A5	0x2AAD      	GOTO       NORM4032
0x02A6	0x0871      	MOVF       R1, 0
0x02A7	0x00F2      	MOVWF      R2
0x02A8	0x01F1      	CLRF       R1
0x02A9	0x15A0      	BSF        __math_tempbD, 3
0x02AA	0x0872      	MOVF       R2, 0
0x02AB	0x1903      	BTFSC      STATUS, 2
0x02AC	0x2ACF      	GOTO       JMPRES032
NORM4032:
0x02AD	0x0820      	MOVF       __math_tempbD, 0
0x02AE	0x02F3      	SUBWF      R3, 1
0x02AF	0x1D03      	BTFSS      STATUS, 2
0x02B0	0x1C03      	BTFSS      STATUS, 0
0x02B1	0x2AD3      	GOTO       JMPSETFUN32
0x02B2	0x1003      	BCF        STATUS, 0
NORM4032A:
0x02B3	0x1BF2      	BTFSC      R2, 7
0x02B4	0x2ABC      	GOTO       NRMRND4032
0x02B5	0x0DF8      	RLF        R8, 1
0x02B6	0x0DF0      	RLF        R0, 1
0x02B7	0x0DF1      	RLF        R1, 1
0x02B8	0x0DF2      	RLF        R2, 1
0x02B9	0x0BF3      	DECFSZ     R3, 1
0x02BA	0x2AB3      	GOTO       NORM4032A
0x02BB	0x2AD3      	GOTO       JMPSETFUN32
NRMRND4032:
0x02BC	0x1B7B      	BTFSC      R11, 6
0x02BD	0x1C70      	BTFSS      R0, 0
0x02BE	0x2AD7      	GOTO       JMPFIXSIGN32
0x02BF	0x1FF8      	BTFSS      R8, 7
0x02C0	0x2AD7      	GOTO       JMPFIXSIGN32
0x02C1	0x0AF0      	INCF       R0, 1
0x02C2	0x1903      	BTFSC      STATUS, 2
0x02C3	0x0AF1      	INCF       R1, 1
0x02C4	0x1903      	BTFSC      STATUS, 2
0x02C5	0x0AF2      	INCF       R2, 1
0x02C6	0x1D03      	BTFSS      STATUS, 2
0x02C7	0x2AD7      	GOTO       JMPFIXSIGN32
0x02C8	0x0CF2      	RRF        R2, 1
0x02C9	0x0CF1      	RRF        R1, 1
0x02CA	0x0CF0      	RRF        R0, 1
0x02CB	0x0AF3      	INCF       R3, 1
0x02CC	0x1903      	BTFSC      STATUS, 2
0x02CD	0x2ADB      	GOTO       JMPSETFOV32
0x02CE	0x2AD7      	GOTO       JMPFIXSIGN32
JMPRES032:
0x02CF	0x3001      	MOVLW      1
0x02D0	0x00FC      	MOVWF      R12
0x02D1	0x21E4      	CALL       _RES032
0x02D2	0x2ADE      	GOTO       NRM4032EEE
JMPSETFUN32:
0x02D3	0x3002      	MOVLW      2
0x02D4	0x00FC      	MOVWF      R12
0x02D5	0x21D8      	CALL       _SETFUN32
0x02D6	0x2ADE      	GOTO       NRM4032EEE
JMPFIXSIGN32:
0x02D7	0x3004      	MOVLW      4
0x02D8	0x00FC      	MOVWF      R12
0x02D9	0x21EB      	CALL       _FIXSIGN32
0x02DA	0x2ADE      	GOTO       NRM4032EEE
JMPSETFOV32:
0x02DB	0x3008      	MOVLW      8
0x02DC	0x00FC      	MOVWF      R12
0x02DD	0x21EF      	CALL       _SETFOV32
NRM4032EEE:
0x02DE	0x0000      	NOP
L_end_NRM4032:
0x02DF	0x0008      	RETURN
; end of _NRM4032
_Mul_32x32_FP:
0x02E0	0x1283      	BCF        STATUS, 5
0x02E1	0x1303      	BCF        STATUS, 6
0x02E2	0x01FB      	CLRF       R11
0x02E3	0x0873      	MOVF       R3, 0
0x02E4	0x1D03      	BTFSS      STATUS, 2
0x02E5	0x0877      	MOVF       R7, 0
0x02E6	0x1903      	BTFSC      STATUS, 2
0x02E7	0x2B37      	GOTO       JPMRES032
0x02E8	0x0872      	MOVF       R2, 0
0x02E9	0x0676      	XORWF      R6, 0
0x02EA	0x00FA      	MOVWF      R10
0x02EB	0x0877      	MOVF       R7, 0
0x02EC	0x07F3      	ADDWF      R3, 1
0x02ED	0x307E      	MOVLW      126
0x02EE	0x1C03      	BTFSS      STATUS, 0
0x02EF	0x2AF4      	GOTO       MTUN32
0x02F0	0x02F3      	SUBWF      R3, 1
0x02F1	0x1803      	BTFSC      STATUS, 0
0x02F2	0x2B3A      	GOTO       JPMSETFOV32
0x02F3	0x2AF7      	GOTO       MOK32
MTUN32:
0x02F4	0x02F3      	SUBWF      R3, 1
0x02F5	0x1C03      	BTFSS      STATUS, 0
0x02F6	0x2B3D      	GOTO       JPMSETFUN32
MOK32:
0x02F7	0x0872      	MOVF       R2, 0
0x02F8	0x00F8      	MOVWF      R8
0x02F9	0x0871      	MOVF       R1, 0
0x02FA	0x00FC      	MOVWF      R12
0x02FB	0x0870      	MOVF       R0, 0
0x02FC	0x00FD      	MOVWF      R13
0x02FD	0x17F8      	BSF        R8, 7
0x02FE	0x17F6      	BSF        R6, 7
0x02FF	0x1003      	BCF        STATUS, 0
0x0300	0x01F2      	CLRF       R2
0x0301	0x01F1      	CLRF       R1
0x0302	0x01F0      	CLRF       R0
0x0303	0x3018      	MOVLW      24
0x0304	0x00A0      	MOVWF      __math_tempbD
MLOOP32:
0x0305	0x1C7D      	BTFSS      R13, 0
0x0306	0x2B11      	GOTO       MNOADD32
0x0307	0x0874      	MOVF       R4, 0
0x0308	0x07F0      	ADDWF      R0, 1
0x0309	0x0875      	MOVF       R5, 0
0x030A	0x1803      	BTFSC      STATUS, 0
0x030B	0x0F75      	INCFSZ     R5, 0
0x030C	0x07F1      	ADDWF      R1, 1
0x030D	0x0876      	MOVF       R6, 0
0x030E	0x1803      	BTFSC      STATUS, 0
0x030F	0x0F76      	INCFSZ     R6, 0
0x0310	0x07F2      	ADDWF      R2, 1
MNOADD32:
0x0311	0x0CF2      	RRF        R2, 1
0x0312	0x0CF1      	RRF        R1, 1
0x0313	0x0CF0      	RRF        R0, 1
0x0314	0x0CF8      	RRF        R8, 1
0x0315	0x0CFC      	RRF        R12, 1
0x0316	0x0CFD      	RRF        R13, 1
0x0317	0x1003      	BCF        STATUS, 0
0x0318	0x0BA0      	DECFSZ     __math_tempbD, 1
0x0319	0x2B05      	GOTO       MLOOP32
0x031A	0x1BF2      	BTFSC      R2, 7
0x031B	0x2B21      	GOTO       MROUND32
0x031C	0x0DF8      	RLF        R8, 1
0x031D	0x0DF0      	RLF        R0, 1
0x031E	0x0DF1      	RLF        R1, 1
0x031F	0x0DF2      	RLF        R2, 1
0x0320	0x03F3      	DECF       R3, 1
MROUND32:
0x0321	0x1B7B      	BTFSC      R11, 6
0x0322	0x1C70      	BTFSS      R0, 0
0x0323	0x2B33      	GOTO       MUL32OK
0x0324	0x1FF8      	BTFSS      R8, 7
0x0325	0x2B33      	GOTO       MUL32OK
0x0326	0x0AF0      	INCF       R0, 1
0x0327	0x1903      	BTFSC      STATUS, 2
0x0328	0x0AF1      	INCF       R1, 1
0x0329	0x1903      	BTFSC      STATUS, 2
0x032A	0x0AF2      	INCF       R2, 1
0x032B	0x1D03      	BTFSS      STATUS, 2
0x032C	0x2B33      	GOTO       MUL32OK
0x032D	0x0CF2      	RRF        R2, 1
0x032E	0x0CF1      	RRF        R1, 1
0x032F	0x0CF0      	RRF        R0, 1
0x0330	0x0AF3      	INCF       R3, 1
0x0331	0x1903      	BTFSC      STATUS, 2
0x0332	0x2B3A      	GOTO       JPMSETFOV32
MUL32OK:
0x0333	0x1FFA      	BTFSS      R10, 7
0x0334	0x13F2      	BCF        R2, 7
0x0335	0x3000      	MOVLW      0
0x0336	0x2B3F      	GOTO       MUL32EEE
JPMRES032:
0x0337	0x3001      	MOVLW      1
0x0338	0x21E4      	CALL       _RES032
0x0339	0x2B3F      	GOTO       MUL32EEE
JPMSETFOV32:
0x033A	0x3002      	MOVLW      2
0x033B	0x21EF      	CALL       _SETFOV32
0x033C	0x2B3F      	GOTO       MUL32EEE
JPMSETFUN32:
0x033D	0x3004      	MOVLW      4
0x033E	0x21D8      	CALL       _SETFUN32
MUL32EEE:
0x033F	0x0000      	NOP
L_end_Mul_32x32_FP:
0x0340	0x0008      	RETURN
; end of _Mul_32x32_FP
_Div_8X8_S:
0x0341	0x1283      	BCF        STATUS, 5
0x0342	0x1303      	BCF        STATUS, 6
0x0343	0x01FD      	CLRF       R13
0x0344	0x01F8      	CLRF       R8
0x0345	0x0870      	MOVF       R0, 0
0x0346	0x1903      	BTFSC      STATUS, 2
0x0347	0x3400      	RETLW      0
0x0348	0x0674      	XORWF      R4, 0
0x0349	0x00FA      	MOVWF      R10
0x034A	0x1BFA      	BTFSC      R10, 7
0x034B	0x09FD      	COMF       R13, 1
0x034C	0x01FB      	CLRF       R11
0x034D	0x1FF4      	BTFSS      R4, 7
0x034E	0x2B51      	GOTO       $+3
0x034F	0x09F4      	COMF       R4, 1
0x0350	0x0AF4      	INCF       R4, 1
0x0351	0x1FF0      	BTFSS      R0, 7
0x0352	0x2B55      	GOTO       $+3
0x0353	0x09F0      	COMF       R0, 1
0x0354	0x0AF0      	INCF       R0, 1
0x0355	0x0870      	MOVF       R0, 0
0x0356	0x0474      	IORWF      R4, 0
0x0357	0x00FA      	MOVWF      R10
0x0358	0x1BFA      	BTFSC      R10, 7
0x0359	0x2B79      	GOTO       $+32
0x035A	0x0874      	MOVF       R4, 0
0x035B	0x02F8      	SUBWF      R8, 1
0x035C	0x0DF0      	RLF        R0, 1
0x035D	0x0D70      	RLF        R0, 0
0x035E	0x0DF8      	RLF        R8, 1
0x035F	0x0874      	MOVF       R4, 0
0x0360	0x07F8      	ADDWF      R8, 1
0x0361	0x0DF0      	RLF        R0, 1
0x0362	0x3006      	MOVLW      6
0x0363	0x00FC      	MOVWF      R12
0x0364	0x0D70      	RLF        R0, 0
0x0365	0x0DF8      	RLF        R8, 1
0x0366	0x0874      	MOVF       R4, 0
0x0367	0x1870      	BTFSC      R0, 0
0x0368	0x02F8      	SUBWF      R8, 1
0x0369	0x1C70      	BTFSS      R0, 0
0x036A	0x07F8      	ADDWF      R8, 1
0x036B	0x0DF0      	RLF        R0, 1
0x036C	0x0BFC      	DECFSZ     R12, 1
0x036D	0x2B64      	GOTO       $-9
0x036E	0x1C70      	BTFSS      R0, 0
0x036F	0x07F8      	ADDWF      R8, 1
0x0370	0x187B      	BTFSC      R11, 0
0x0371	0x2B87      	GOTO       $+22
0x0372	0x1FFD      	BTFSS      R13, 7
0x0373	0x3400      	RETLW      0
0x0374	0x09F0      	COMF       R0, 1
0x0375	0x0AF0      	INCF       R0, 1
0x0376	0x09F8      	COMF       R8, 1
0x0377	0x0AF8      	INCF       R8, 1
0x0378	0x3400      	RETLW      0
0x0379	0x1FF4      	BTFSS      R4, 7
0x037A	0x2B84      	GOTO       $+10
0x037B	0x1BF0      	BTFSC      R0, 7
0x037C	0x2B81      	GOTO       $+5
0x037D	0x0870      	MOVF       R0, 0
0x037E	0x00F8      	MOVWF      R8
0x037F	0x01F0      	CLRF       R0
0x0380	0x2B72      	GOTO       $-14
0x0381	0x01F0      	CLRF       R0
0x0382	0x0AF0      	INCF       R0, 1
0x0383	0x3400      	RETLW      0
0x0384	0x09F0      	COMF       R0, 1
0x0385	0x0AFB      	INCF       R11, 1
0x0386	0x2B5A      	GOTO       $-44
0x0387	0x0AF8      	INCF       R8, 1
0x0388	0x0874      	MOVF       R4, 0
0x0389	0x0278      	SUBWF      R8, 0
0x038A	0x1D03      	BTFSS      STATUS, 2
0x038B	0x2B72      	GOTO       $-25
0x038C	0x01F8      	CLRF       R8
0x038D	0x0AF0      	INCF       R0, 1
0x038E	0x1FF0      	BTFSS      R0, 7
0x038F	0x2B72      	GOTO       $-29
0x0390	0x34FF      	RETLW      255
L_end_Div_8X8_S:
0x0391	0x0008      	RETURN
; end of _Div_8X8_S
_Serial_Wait:
L_Serial_Wait3:
0x0392	0x1683      	BSF        STATUS, 5
0x0393	0x1303      	BCF        STATUS, 6
0x0394	0x1898      	BTFSC      TRMT_bit, BitPos(TRMT_bit+0)
0x0395	0x2B97      	GOTO       L_Serial_Wait4
0x0396	0x2B92      	GOTO       L_Serial_Wait3
L_Serial_Wait4:
L_end_Serial_Wait:
0x0397	0x0008      	RETURN
; end of _Serial_Wait
_Div_32x32_FP:
0x0398	0x1283      	BCF        STATUS, 5
0x0399	0x1303      	BCF        STATUS, 6
0x039A	0x0874      	MOVF       R4, 0
0x039B	0x3A00      	XORLW      0
0x039C	0x1D03      	BTFSS      STATUS, 2
0x039D	0x2BB3      	GOTO       L_Div_32x32_FP7
0x039E	0x0875      	MOVF       R5, 0
0x039F	0x3A00      	XORLW      0
0x03A0	0x1D03      	BTFSS      STATUS, 2
0x03A1	0x2BB3      	GOTO       L_Div_32x32_FP8
0x03A2	0x0876      	MOVF       R6, 0
0x03A3	0x3A00      	XORLW      0
0x03A4	0x1D03      	BTFSS      STATUS, 2
0x03A5	0x2BB3      	GOTO       L_Div_32x32_FP9
0x03A6	0x0877      	MOVF       R7, 0
0x03A7	0x3A00      	XORLW      0
0x03A8	0x1D03      	BTFSS      STATUS, 2
0x03A9	0x2BB3      	GOTO       L_Div_32x32_FP10
0x03AA	0x30FF      	MOVLW      255
0x03AB	0x00F0      	MOVWF      R0
0x03AC	0x30FF      	MOVLW      255
0x03AD	0x00F1      	MOVWF      R1
0x03AE	0x307F      	MOVLW      127
0x03AF	0x00F2      	MOVWF      R2
0x03B0	0x30FF      	MOVLW      255
0x03B1	0x00F3      	MOVWF      R3
0x03B2	0x2C4E      	GOTO       L_end_Div_32x32_FP
L_Div_32x32_FP10:
L_Div_32x32_FP9:
L_Div_32x32_FP8:
L_Div_32x32_FP7:
0x03B3	0x1283      	BCF        STATUS, 5
0x03B4	0x1303      	BCF        STATUS, 6
0x03B5	0x0877      	MOVF       R7, 0
0x03B6	0x1903      	BTFSC      STATUS, 2
0x03B7	0x2C42      	GOTO       JPDSETFDZ32
0x03B8	0x0873      	MOVF       R3, 0
0x03B9	0x1903      	BTFSC      STATUS, 2
0x03BA	0x2C45      	GOTO       JPDRES032
0x03BB	0x0872      	MOVF       R2, 0
0x03BC	0x0676      	XORWF      R6, 0
0x03BD	0x3980      	ANDLW      128
0x03BE	0x00FA      	MOVWF      R10
0x03BF	0x17F2      	BSF        R2, 7
0x03C0	0x17F6      	BSF        R6, 7
0x03C1	0x01A0      	CLRF       __math_tempbD
0x03C2	0x0872      	MOVF       R2, 0
0x03C3	0x00F8      	MOVWF      R8
0x03C4	0x0871      	MOVF       R1, 0
0x03C5	0x00FC      	MOVWF      R12
0x03C6	0x0870      	MOVF       R0, 0
0x03C7	0x00FD      	MOVWF      R13
0x03C8	0x0874      	MOVF       R4, 0
0x03C9	0x02FD      	SUBWF      R13, 1
0x03CA	0x0875      	MOVF       R5, 0
0x03CB	0x1C03      	BTFSS      STATUS, 0
0x03CC	0x0F75      	INCFSZ     R5, 0
0x03CD	0x02FC      	SUBWF      R12, 1
0x03CE	0x0876      	MOVF       R6, 0
0x03CF	0x1C03      	BTFSS      STATUS, 0
0x03D0	0x0F76      	INCFSZ     R6, 0
0x03D1	0x02F8      	SUBWF      R8, 1
0x03D2	0x01F8      	CLRF       R8
0x03D3	0x01FC      	CLRF       R12
0x03D4	0x01FD      	CLRF       R13
0x03D5	0x1C03      	BTFSS      STATUS, 0
0x03D6	0x2BDE      	GOTO       DALIGN32OK
0x03D7	0x1003      	BCF        STATUS, 0
0x03D8	0x0CF2      	RRF        R2, 1
0x03D9	0x0CF1      	RRF        R1, 1
0x03DA	0x0CF0      	RRF        R0, 1
0x03DB	0x0CF8      	RRF        R8, 1
0x03DC	0x3001      	MOVLW      1
0x03DD	0x00A0      	MOVWF      __math_tempbD
DALIGN32OK:
0x03DE	0x0877      	MOVF       R7, 0
0x03DF	0x02F3      	SUBWF      R3, 1
0x03E0	0x1C03      	BTFSS      STATUS, 0
0x03E1	0x2BE8      	GOTO       ALTB32
0x03E2	0x307E      	MOVLW      126
0x03E3	0x0720      	ADDWF      __math_tempbD, 0
0x03E4	0x07F3      	ADDWF      R3, 1
0x03E5	0x1803      	BTFSC      STATUS, 0
0x03E6	0x2C48      	GOTO       JPDSETFOV32
0x03E7	0x2BED      	GOTO       DARGOK32
ALTB32:
0x03E8	0x307E      	MOVLW      126
0x03E9	0x0720      	ADDWF      __math_tempbD, 0
0x03EA	0x07F3      	ADDWF      R3, 1
0x03EB	0x1C03      	BTFSS      STATUS, 0
0x03EC	0x2C4B      	GOTO       JPDSETFUN32
DARGOK32:
0x03ED	0x3018      	MOVLW      24
0x03EE	0x07FA      	ADDWF      R10, 1
DLOOP32:
0x03EF	0x0DFD      	RLF        R13, 1
0x03F0	0x0DFC      	RLF        R12, 1
0x03F1	0x0DF8      	RLF        R8, 1
0x03F2	0x0DF0      	RLF        R0, 1
0x03F3	0x0DF1      	RLF        R1, 1
0x03F4	0x0DF2      	RLF        R2, 1
0x03F5	0x0DA0      	RLF        __math_tempbD, 1
0x03F6	0x0874      	MOVF       R4, 0
0x03F7	0x02F0      	SUBWF      R0, 1
0x03F8	0x0875      	MOVF       R5, 0
0x03F9	0x1C03      	BTFSS      STATUS, 0
0x03FA	0x0F75      	INCFSZ     R5, 0
0x03FB	0x02F1      	SUBWF      R1, 1
0x03FC	0x0876      	MOVF       R6, 0
0x03FD	0x1C03      	BTFSS      STATUS, 0
0x03FE	0x0F76      	INCFSZ     R6, 0
0x03FF	0x02F2      	SUBWF      R2, 1
0x0400	0x0D76      	RLF        R6, 0
0x0401	0x04A0      	IORWF      __math_tempbD, 1
0x0402	0x1C20      	BTFSS      __math_tempbD, 0
0x0403	0x2C06      	GOTO       DREST32
0x0404	0x147D      	BSF        R13, 0
0x0405	0x2C11      	GOTO       DOK32
DREST32:
0x0406	0x0874      	MOVF       R4, 0
0x0407	0x07F0      	ADDWF      R0, 1
0x0408	0x0875      	MOVF       R5, 0
0x0409	0x1803      	BTFSC      STATUS, 0
0x040A	0x0F75      	INCFSZ     R5, 0
0x040B	0x07F1      	ADDWF      R1, 1
0x040C	0x0876      	MOVF       R6, 0
0x040D	0x1803      	BTFSC      STATUS, 0
0x040E	0x0A76      	INCF       R6, 0
0x040F	0x07F2      	ADDWF      R2, 1
0x0410	0x107D      	BCF        R13, 0
DOK32:
0x0411	0x03FA      	DECF       R10, 1
0x0412	0x301F      	MOVLW      31
0x0413	0x057A      	ANDWF      R10, 0
0x0414	0x1D03      	BTFSS      STATUS, 2
0x0415	0x2BEF      	GOTO       DLOOP32
0x0416	0x1B7B      	BTFSC      R11, 6
0x0417	0x1C7D      	BTFSS      R13, 0
0x0418	0x2C38      	GOTO       DIV32OK
0x0419	0x1003      	BCF        STATUS, 0
0x041A	0x0DF0      	RLF        R0, 1
0x041B	0x0DF1      	RLF        R1, 1
0x041C	0x0DF2      	RLF        R2, 1
0x041D	0x0DA0      	RLF        __math_tempbD, 1
0x041E	0x0874      	MOVF       R4, 0
0x041F	0x02F0      	SUBWF      R0, 1
0x0420	0x0875      	MOVF       R5, 0
0x0421	0x1C03      	BTFSS      STATUS, 0
0x0422	0x0F75      	INCFSZ     R5, 0
0x0423	0x02F1      	SUBWF      R1, 1
0x0424	0x0876      	MOVF       R6, 0
0x0425	0x1C03      	BTFSS      STATUS, 0
0x0426	0x0F76      	INCFSZ     R6, 0
0x0427	0x02F2      	SUBWF      R2, 1
0x0428	0x0D76      	RLF        R6, 0
0x0429	0x0420      	IORWF      __math_tempbD, 0
0x042A	0x3901      	ANDLW      1
0x042B	0x07FD      	ADDWF      R13, 1
0x042C	0x1803      	BTFSC      STATUS, 0
0x042D	0x0AFC      	INCF       R12, 1
0x042E	0x1903      	BTFSC      STATUS, 2
0x042F	0x0AF8      	INCF       R8, 1
0x0430	0x1D03      	BTFSS      STATUS, 2
0x0431	0x2C38      	GOTO       DIV32OK
0x0432	0x0CF8      	RRF        R8, 1
0x0433	0x0CFC      	RRF        R12, 1
0x0434	0x0CFD      	RRF        R13, 1
0x0435	0x0AF3      	INCF       R3, 1
0x0436	0x1903      	BTFSC      STATUS, 2
0x0437	0x2C48      	GOTO       JPDSETFOV32
DIV32OK:
0x0438	0x1FFA      	BTFSS      R10, 7
0x0439	0x13F8      	BCF        R8, 7
0x043A	0x0878      	MOVF       R8, 0
0x043B	0x00F2      	MOVWF      R2
0x043C	0x087C      	MOVF       R12, 0
0x043D	0x00F1      	MOVWF      R1
0x043E	0x087D      	MOVF       R13, 0
0x043F	0x00F0      	MOVWF      R0
0x0440	0x3000      	MOVLW      0
0x0441	0x2C4D      	GOTO       DIV32EEE
JPDSETFDZ32:
0x0442	0x3001      	MOVLW      1
0x0443	0x2202      	CALL       _SETFDZ32
0x0444	0x2C4D      	GOTO       DIV32EEE
JPDRES032:
0x0445	0x3002      	MOVLW      2
0x0446	0x21E4      	CALL       _RES032
0x0447	0x2C4D      	GOTO       DIV32EEE
JPDSETFOV32:
0x0448	0x3004      	MOVLW      4
0x0449	0x21EF      	CALL       _SETFOV32
0x044A	0x2C4D      	GOTO       DIV32EEE
JPDSETFUN32:
0x044B	0x3008      	MOVLW      8
0x044C	0x21D8      	CALL       _SETFUN32
DIV32EEE:
0x044D	0x0000      	NOP
L_end_Div_32x32_FP:
0x044E	0x0008      	RETURN
; end of _Div_32x32_FP
_Serial_Write:
0x044F	0x1683      	BSF        STATUS, 5
0x0450	0x1303      	BCF        STATUS, 6
0x0451	0x01AE      	CLRF       Serial_Write_i_L0
0x0452	0x01AF      	CLRF       Serial_Write_i_L0+1
L_Serial_Write0:
0x0453	0x082D      	MOVF       FARG_Serial_Write_string, 0
0x0454	0x00BE      	MOVWF      FARG_strlen_s
0x0455	0x2255      	CALL       _strlen
0x0456	0x3080      	MOVLW      128
0x0457	0x062F      	XORWF      Serial_Write_i_L0+1, 0
0x0458	0x00F2      	MOVWF      R2
0x0459	0x3080      	MOVLW      128
0x045A	0x0671      	XORWF      R0+1, 0
0x045B	0x0272      	SUBWF      R2, 0
0x045C	0x1D03      	BTFSS      STATUS, 2
0x045D	0x2C60      	GOTO       L__Serial_Write22
0x045E	0x0870      	MOVF       R0, 0
0x045F	0x022E      	SUBWF      Serial_Write_i_L0, 0
L__Serial_Write22:
0x0460	0x1803      	BTFSC      STATUS, 0
0x0461	0x2C6D      	GOTO       L_Serial_Write1
0x0462	0x082E      	MOVF       Serial_Write_i_L0, 0
0x0463	0x072D      	ADDWF      FARG_Serial_Write_string, 0
0x0464	0x0084      	MOVWF      FSR
0x0465	0x0800      	MOVF       INDF, 0
0x0466	0x1283      	BCF        STATUS, 5
0x0467	0x0099      	MOVWF      TXREG
0x0468	0x2392      	CALL       _Serial_Wait
0x0469	0x0AAE      	INCF       Serial_Write_i_L0, 1
0x046A	0x1903      	BTFSC      STATUS, 2
0x046B	0x0AAF      	INCF       Serial_Write_i_L0+1, 1
0x046C	0x2C53      	GOTO       L_Serial_Write0
L_Serial_Write1:
L_end_Serial_Write:
0x046D	0x0008      	RETURN
; end of _Serial_Write
_FloatToStr_FixLen:
0x046E	0x1683      	BSF        STATUS, 5
0x046F	0x1303      	BCF        STATUS, 6
0x0470	0x01B9      	CLRF       FloatToStr_FixLen_bpoint_L0
0x0471	0x01BA      	CLRF       FloatToStr_FixLen_j_L0
0x0472	0x01BB      	CLRF       FloatToStr_FixLen_eksp_L0
0x0473	0x01BC      	CLRF       FloatToStr_FixLen_dec_L0
0x0474	0x01BD      	CLRF       FloatToStr_FixLen_dexpon_L0
0x0475	0x082D      	MOVF       FARG_FloatToStr_FixLen_fnum, 0
0x0476	0x00B5      	MOVWF      FloatToStr_FixLen_un_L0
0x0477	0x082E      	MOVF       FARG_FloatToStr_FixLen_fnum+1, 0
0x0478	0x00B6      	MOVWF      FloatToStr_FixLen_un_L0+1
0x0479	0x082F      	MOVF       FARG_FloatToStr_FixLen_fnum+2, 0
0x047A	0x00B7      	MOVWF      FloatToStr_FixLen_un_L0+2
0x047B	0x0830      	MOVF       FARG_FloatToStr_FixLen_fnum+3, 0
0x047C	0x00B8      	MOVWF      FloatToStr_FixLen_un_L0+3
0x047D	0x0838      	MOVF       FloatToStr_FixLen_un_L0+3, 0
0x047E	0x3AFF      	XORLW      255
0x047F	0x1D03      	BTFSS      STATUS, 2
0x0480	0x2C8B      	GOTO       L__FloatToStr_FixLen202
0x0481	0x0837      	MOVF       FloatToStr_FixLen_un_L0+2, 0
0x0482	0x3AFF      	XORLW      255
0x0483	0x1D03      	BTFSS      STATUS, 2
0x0484	0x2C8B      	GOTO       L__FloatToStr_FixLen202
0x0485	0x0836      	MOVF       FloatToStr_FixLen_un_L0+1, 0
0x0486	0x3AFF      	XORLW      255
0x0487	0x1D03      	BTFSS      STATUS, 2
0x0488	0x2C8B      	GOTO       L__FloatToStr_FixLen202
0x0489	0x0835      	MOVF       FloatToStr_FixLen_un_L0, 0
0x048A	0x3AFF      	XORLW      255
L__FloatToStr_FixLen202:
0x048B	0x1D03      	BTFSS      STATUS, 2
0x048C	0x2C95      	GOTO       L_FloatToStr_FixLen112
0x048D	0x0831      	MOVF       FARG_FloatToStr_FixLen_str, 0
0x048E	0x00BE      	MOVWF      FARG_strcpy_to
0x048F	0x3044      	MOVLW      ?lstr4___Lib_Conversions
0x0490	0x00BF      	MOVWF      FARG_strcpy_from
0x0491	0x226B      	CALL       _strcpy
0x0492	0x3003      	MOVLW      3
0x0493	0x00F0      	MOVWF      R0
0x0494	0x2EE9      	GOTO       L_end_FloatToStr_FixLen
L_FloatToStr_FixLen112:
0x0495	0x3001      	MOVLW      1
0x0496	0x00B3      	MOVWF      FloatToStr_FixLen_i_L0
0x0497	0x1FB7      	BTFSS      FloatToStr_FixLen_un_L0+2, 7
0x0498	0x2CA5      	GOTO       L_FloatToStr_FixLen113
0x0499	0x3080      	MOVLW      128
0x049A	0x0637      	XORWF      FloatToStr_FixLen_un_L0+2, 0
0x049B	0x00F0      	MOVWF      R0
0x049C	0x0870      	MOVF       R0, 0
0x049D	0x00B7      	MOVWF      FloatToStr_FixLen_un_L0+2
0x049E	0x0AB3      	INCF       FloatToStr_FixLen_i_L0, 1
0x049F	0x0ABA      	INCF       FloatToStr_FixLen_j_L0, 1
0x04A0	0x0831      	MOVF       FARG_FloatToStr_FixLen_str, 0
0x04A1	0x0084      	MOVWF      FSR
0x04A2	0x302D      	MOVLW      45
0x04A3	0x0080      	MOVWF      INDF
0x04A4	0x0AB1      	INCF       FARG_FloatToStr_FixLen_str, 1
L_FloatToStr_FixLen113:
0x04A5	0x3000      	MOVLW      0
0x04A6	0x00F0      	MOVWF      R0
0x04A7	0x0638      	XORWF      FloatToStr_FixLen_un_L0+3, 0
0x04A8	0x1D03      	BTFSS      STATUS, 2
0x04A9	0x2CB4      	GOTO       L__FloatToStr_FixLen203
0x04AA	0x0870      	MOVF       R0, 0
0x04AB	0x0637      	XORWF      FloatToStr_FixLen_un_L0+2, 0
0x04AC	0x1D03      	BTFSS      STATUS, 2
0x04AD	0x2CB4      	GOTO       L__FloatToStr_FixLen203
0x04AE	0x0870      	MOVF       R0, 0
0x04AF	0x0636      	XORWF      FloatToStr_FixLen_un_L0+1, 0
0x04B0	0x1D03      	BTFSS      STATUS, 2
0x04B1	0x2CB4      	GOTO       L__FloatToStr_FixLen203
0x04B2	0x0835      	MOVF       FloatToStr_FixLen_un_L0, 0
0x04B3	0x3A00      	XORLW      0
L__FloatToStr_FixLen203:
0x04B4	0x1D03      	BTFSS      STATUS, 2
0x04B5	0x2CBD      	GOTO       L_FloatToStr_FixLen114
0x04B6	0x0831      	MOVF       FARG_FloatToStr_FixLen_str, 0
0x04B7	0x00BE      	MOVWF      FARG_strcpy_to
0x04B8	0x3042      	MOVLW      ?lstr5___Lib_Conversions
0x04B9	0x00BF      	MOVWF      FARG_strcpy_from
0x04BA	0x226B      	CALL       _strcpy
0x04BB	0x01F0      	CLRF       R0
0x04BC	0x2EE9      	GOTO       L_end_FloatToStr_FixLen
L_FloatToStr_FixLen114:
0x04BD	0x0838      	MOVF       FloatToStr_FixLen_un_L0+3, 0
0x04BE	0x3AFF      	XORLW      255
0x04BF	0x1D03      	BTFSS      STATUS, 2
0x04C0	0x2CCB      	GOTO       L__FloatToStr_FixLen204
0x04C1	0x0837      	MOVF       FloatToStr_FixLen_un_L0+2, 0
0x04C2	0x3A00      	XORLW      0
0x04C3	0x1D03      	BTFSS      STATUS, 2
0x04C4	0x2CCB      	GOTO       L__FloatToStr_FixLen204
0x04C5	0x0836      	MOVF       FloatToStr_FixLen_un_L0+1, 0
0x04C6	0x3A00      	XORLW      0
0x04C7	0x1D03      	BTFSS      STATUS, 2
0x04C8	0x2CCB      	GOTO       L__FloatToStr_FixLen204
0x04C9	0x0835      	MOVF       FloatToStr_FixLen_un_L0, 0
0x04CA	0x3A00      	XORLW      0
L__FloatToStr_FixLen204:
0x04CB	0x1D03      	BTFSS      STATUS, 2
0x04CC	0x2CD5      	GOTO       L_FloatToStr_FixLen115
0x04CD	0x0831      	MOVF       FARG_FloatToStr_FixLen_str, 0
0x04CE	0x00BE      	MOVWF      FARG_strcpy_to
0x04CF	0x303E      	MOVLW      ?lstr6___Lib_Conversions
0x04D0	0x00BF      	MOVWF      FARG_strcpy_from
0x04D1	0x226B      	CALL       _strcpy
0x04D2	0x0833      	MOVF       FloatToStr_FixLen_i_L0, 0
0x04D3	0x00F0      	MOVWF      R0
0x04D4	0x2EE9      	GOTO       L_end_FloatToStr_FixLen
L_FloatToStr_FixLen115:
L_FloatToStr_FixLen116:
0x04D5	0x3000      	MOVLW      0
0x04D6	0x00F4      	MOVWF      R4
0x04D7	0x3000      	MOVLW      0
0x04D8	0x00F5      	MOVWF      R4+1
0x04D9	0x3000      	MOVLW      0
0x04DA	0x00F6      	MOVWF      R4+2
0x04DB	0x307F      	MOVLW      127
0x04DC	0x00F7      	MOVWF      R4+3
0x04DD	0x0835      	MOVF       FloatToStr_FixLen_un_L0, 0
0x04DE	0x00F0      	MOVWF      R0
0x04DF	0x0836      	MOVF       FloatToStr_FixLen_un_L0+1, 0
0x04E0	0x00F1      	MOVWF      R0+1
0x04E1	0x0837      	MOVF       FloatToStr_FixLen_un_L0+2, 0
0x04E2	0x00F2      	MOVWF      R0+2
0x04E3	0x0838      	MOVF       FloatToStr_FixLen_un_L0+3, 0
0x04E4	0x00F3      	MOVWF      R0+3
0x04E5	0x2205      	CALL       _Compare_Double
0x04E6	0x3001      	MOVLW      1
0x04E7	0x1803      	BTFSC      STATUS, 0
0x04E8	0x3000      	MOVLW      0
0x04E9	0x00F0      	MOVWF      R0
0x04EA	0x0870      	MOVF       R0, 0
0x04EB	0x1903      	BTFSC      STATUS, 2
0x04EC	0x2D0A      	GOTO       L_FloatToStr_FixLen117
0x04ED	0x1683      	BSF        STATUS, 5
0x04EE	0x0835      	MOVF       FloatToStr_FixLen_un_L0, 0
0x04EF	0x00F0      	MOVWF      R0
0x04F0	0x0836      	MOVF       FloatToStr_FixLen_un_L0+1, 0
0x04F1	0x00F1      	MOVWF      R0+1
0x04F2	0x0837      	MOVF       FloatToStr_FixLen_un_L0+2, 0
0x04F3	0x00F2      	MOVWF      R0+2
0x04F4	0x0838      	MOVF       FloatToStr_FixLen_un_L0+3, 0
0x04F5	0x00F3      	MOVWF      R0+3
0x04F6	0x3000      	MOVLW      0
0x04F7	0x00F4      	MOVWF      R4
0x04F8	0x3000      	MOVLW      0
0x04F9	0x00F5      	MOVWF      R4+1
0x04FA	0x3020      	MOVLW      32
0x04FB	0x00F6      	MOVWF      R4+2
0x04FC	0x3082      	MOVLW      130
0x04FD	0x00F7      	MOVWF      R4+3
0x04FE	0x22E0      	CALL       _Mul_32x32_FP
0x04FF	0x0870      	MOVF       R0, 0
0x0500	0x1683      	BSF        STATUS, 5
0x0501	0x00B5      	MOVWF      FloatToStr_FixLen_un_L0
0x0502	0x0871      	MOVF       R0+1, 0
0x0503	0x00B6      	MOVWF      FloatToStr_FixLen_un_L0+1
0x0504	0x0872      	MOVF       R0+2, 0
0x0505	0x00B7      	MOVWF      FloatToStr_FixLen_un_L0+2
0x0506	0x0873      	MOVF       R0+3, 0
0x0507	0x00B8      	MOVWF      FloatToStr_FixLen_un_L0+3
0x0508	0x03BD      	DECF       FloatToStr_FixLen_dexpon_L0, 1
0x0509	0x2CD5      	GOTO       L_FloatToStr_FixLen116
L_FloatToStr_FixLen117:
L_FloatToStr_FixLen118:
0x050A	0x1683      	BSF        STATUS, 5
0x050B	0x3000      	MOVLW      0
0x050C	0x00F4      	MOVWF      R4
0x050D	0x3000      	MOVLW      0
0x050E	0x00F5      	MOVWF      R4+1
0x050F	0x3020      	MOVLW      32
0x0510	0x00F6      	MOVWF      R4+2
0x0511	0x3082      	MOVLW      130
0x0512	0x00F7      	MOVWF      R4+3
0x0513	0x0835      	MOVF       FloatToStr_FixLen_un_L0, 0
0x0514	0x00F0      	MOVWF      R0
0x0515	0x0836      	MOVF       FloatToStr_FixLen_un_L0+1, 0
0x0516	0x00F1      	MOVWF      R0+1
0x0517	0x0837      	MOVF       FloatToStr_FixLen_un_L0+2, 0
0x0518	0x00F2      	MOVWF      R0+2
0x0519	0x0838      	MOVF       FloatToStr_FixLen_un_L0+3, 0
0x051A	0x00F3      	MOVWF      R0+3
0x051B	0x2205      	CALL       _Compare_Double
0x051C	0x3001      	MOVLW      1
0x051D	0x1C03      	BTFSS      STATUS, 0
0x051E	0x3000      	MOVLW      0
0x051F	0x00F0      	MOVWF      R0
0x0520	0x0870      	MOVF       R0, 0
0x0521	0x1903      	BTFSC      STATUS, 2
0x0522	0x2D40      	GOTO       L_FloatToStr_FixLen119
0x0523	0x1683      	BSF        STATUS, 5
0x0524	0x0835      	MOVF       FloatToStr_FixLen_un_L0, 0
0x0525	0x00F0      	MOVWF      R0
0x0526	0x0836      	MOVF       FloatToStr_FixLen_un_L0+1, 0
0x0527	0x00F1      	MOVWF      R0+1
0x0528	0x0837      	MOVF       FloatToStr_FixLen_un_L0+2, 0
0x0529	0x00F2      	MOVWF      R0+2
0x052A	0x0838      	MOVF       FloatToStr_FixLen_un_L0+3, 0
0x052B	0x00F3      	MOVWF      R0+3
0x052C	0x30CD      	MOVLW      205
0x052D	0x00F4      	MOVWF      R4
0x052E	0x30CC      	MOVLW      204
0x052F	0x00F5      	MOVWF      R4+1
0x0530	0x304C      	MOVLW      76
0x0531	0x00F6      	MOVWF      R4+2
0x0532	0x307B      	MOVLW      123
0x0533	0x00F7      	MOVWF      R4+3
0x0534	0x22E0      	CALL       _Mul_32x32_FP
0x0535	0x0870      	MOVF       R0, 0
0x0536	0x1683      	BSF        STATUS, 5
0x0537	0x00B5      	MOVWF      FloatToStr_FixLen_un_L0
0x0538	0x0871      	MOVF       R0+1, 0
0x0539	0x00B6      	MOVWF      FloatToStr_FixLen_un_L0+1
0x053A	0x0872      	MOVF       R0+2, 0
0x053B	0x00B7      	MOVWF      FloatToStr_FixLen_un_L0+2
0x053C	0x0873      	MOVF       R0+3, 0
0x053D	0x00B8      	MOVWF      FloatToStr_FixLen_un_L0+3
0x053E	0x0ABD      	INCF       FloatToStr_FixLen_dexpon_L0, 1
0x053F	0x2D0A      	GOTO       L_FloatToStr_FixLen118
L_FloatToStr_FixLen119:
0x0540	0x1683      	BSF        STATUS, 5
0x0541	0x30FF      	MOVLW      255
0x0542	0x0535      	ANDWF      FloatToStr_FixLen_un_L0, 0
0x0543	0x00F8      	MOVWF      R8
0x0544	0x30FF      	MOVLW      255
0x0545	0x0536      	ANDWF      FloatToStr_FixLen_un_L0+1, 0
0x0546	0x00F9      	MOVWF      R8+1
0x0547	0x307F      	MOVLW      127
0x0548	0x0537      	ANDWF      FloatToStr_FixLen_un_L0+2, 0
0x0549	0x00FA      	MOVWF      R8+2
0x054A	0x3000      	MOVLW      0
0x054B	0x0538      	ANDWF      FloatToStr_FixLen_un_L0+3, 0
0x054C	0x00FB      	MOVWF      R8+3
0x054D	0x0878      	MOVF       R8, 0
0x054E	0x00F4      	MOVWF      R4
0x054F	0x0879      	MOVF       R8+1, 0
0x0550	0x00F5      	MOVWF      R4+1
0x0551	0x087A      	MOVF       R8+2, 0
0x0552	0x00F6      	MOVWF      R4+2
0x0553	0x087B      	MOVF       R8+3, 0
0x0554	0x00F7      	MOVWF      R4+3
0x0555	0x0DF4      	RLF        R4, 1
0x0556	0x0DF5      	RLF        R4+1, 1
0x0557	0x0DF6      	RLF        R4+2, 1
0x0558	0x0DF7      	RLF        R4+3, 1
0x0559	0x1074      	BCF        R4, 0
0x055A	0x3000      	MOVLW      0
0x055B	0x0535      	ANDWF      FloatToStr_FixLen_un_L0, 0
0x055C	0x00F0      	MOVWF      R0
0x055D	0x3000      	MOVLW      0
0x055E	0x0536      	ANDWF      FloatToStr_FixLen_un_L0+1, 0
0x055F	0x00F1      	MOVWF      R0+1
0x0560	0x3000      	MOVLW      0
0x0561	0x0537      	ANDWF      FloatToStr_FixLen_un_L0+2, 0
0x0562	0x00F2      	MOVWF      R0+2
0x0563	0x30FF      	MOVLW      255
0x0564	0x0538      	ANDWF      FloatToStr_FixLen_un_L0+3, 0
0x0565	0x00F3      	MOVWF      R0+3
0x0566	0x0870      	MOVF       R0, 0
0x0567	0x00B5      	MOVWF      FloatToStr_FixLen_un_L0
0x0568	0x0871      	MOVF       R0+1, 0
0x0569	0x00B6      	MOVWF      FloatToStr_FixLen_un_L0+1
0x056A	0x0872      	MOVF       R0+2, 0
0x056B	0x00B7      	MOVWF      FloatToStr_FixLen_un_L0+2
0x056C	0x0873      	MOVF       R0+3, 0
0x056D	0x00B8      	MOVWF      FloatToStr_FixLen_un_L0+3
0x056E	0x0874      	MOVF       R4, 0
0x056F	0x0435      	IORWF      FloatToStr_FixLen_un_L0, 0
0x0570	0x00F0      	MOVWF      R0
0x0571	0x0875      	MOVF       R4+1, 0
0x0572	0x0436      	IORWF      FloatToStr_FixLen_un_L0+1, 0
0x0573	0x00F1      	MOVWF      R0+1
0x0574	0x0876      	MOVF       R4+2, 0
0x0575	0x0437      	IORWF      FloatToStr_FixLen_un_L0+2, 0
0x0576	0x00F2      	MOVWF      R0+2
0x0577	0x0877      	MOVF       R4+3, 0
0x0578	0x0438      	IORWF      FloatToStr_FixLen_un_L0+3, 0
0x0579	0x00F3      	MOVWF      R0+3
0x057A	0x0870      	MOVF       R0, 0
0x057B	0x00B5      	MOVWF      FloatToStr_FixLen_un_L0
0x057C	0x0871      	MOVF       R0+1, 0
0x057D	0x00B6      	MOVWF      FloatToStr_FixLen_un_L0+1
0x057E	0x0872      	MOVF       R0+2, 0
0x057F	0x00B7      	MOVWF      FloatToStr_FixLen_un_L0+2
0x0580	0x0873      	MOVF       R0+3, 0
0x0581	0x00B8      	MOVWF      FloatToStr_FixLen_un_L0+3
0x0582	0x307F      	MOVLW      127
0x0583	0x0238      	SUBWF      FloatToStr_FixLen_un_L0+3, 0
0x0584	0x00F0      	MOVWF      R0
0x0585	0x0870      	MOVF       R0, 0
0x0586	0x00B4      	MOVWF      FloatToStr_FixLen_d_L0
0x0587	0x3001      	MOVLW      1
0x0588	0x00B8      	MOVWF      FloatToStr_FixLen_un_L0+3
0x0589	0x0870      	MOVF       R0, 0
0x058A	0x00F4      	MOVWF      R4
0x058B	0x0835      	MOVF       FloatToStr_FixLen_un_L0, 0
0x058C	0x00F0      	MOVWF      R0
0x058D	0x0836      	MOVF       FloatToStr_FixLen_un_L0+1, 0
0x058E	0x00F1      	MOVWF      R0+1
0x058F	0x0837      	MOVF       FloatToStr_FixLen_un_L0+2, 0
0x0590	0x00F2      	MOVWF      R0+2
0x0591	0x0838      	MOVF       FloatToStr_FixLen_un_L0+3, 0
0x0592	0x00F3      	MOVWF      R0+3
0x0593	0x0874      	MOVF       R4, 0
L__FloatToStr_FixLen205:
0x0594	0x1903      	BTFSC      STATUS, 2
0x0595	0x2D9D      	GOTO       L__FloatToStr_FixLen206
0x0596	0x0DF0      	RLF        R0, 1
0x0597	0x0DF1      	RLF        R0+1, 1
0x0598	0x0DF2      	RLF        R0+2, 1
0x0599	0x0DF3      	RLF        R0+3, 1
0x059A	0x1070      	BCF        R0, 0
0x059B	0x3EFF      	ADDLW      255
0x059C	0x2D94      	GOTO       L__FloatToStr_FixLen205
L__FloatToStr_FixLen206:
0x059D	0x0870      	MOVF       R0, 0
0x059E	0x00B5      	MOVWF      FloatToStr_FixLen_un_L0
0x059F	0x0871      	MOVF       R0+1, 0
0x05A0	0x00B6      	MOVWF      FloatToStr_FixLen_un_L0+1
0x05A1	0x0872      	MOVF       R0+2, 0
0x05A2	0x00B7      	MOVWF      FloatToStr_FixLen_un_L0+2
0x05A3	0x0873      	MOVF       R0+3, 0
0x05A4	0x00B8      	MOVWF      FloatToStr_FixLen_un_L0+3
0x05A5	0x0838      	MOVF       FloatToStr_FixLen_un_L0+3, 0
0x05A6	0x3E30      	ADDLW      48
0x05A7	0x00F0      	MOVWF      R0
0x05A8	0x0831      	MOVF       FARG_FloatToStr_FixLen_str, 0
0x05A9	0x0084      	MOVWF      FSR
0x05AA	0x0870      	MOVF       R0, 0
0x05AB	0x0080      	MOVWF      INDF
0x05AC	0x0AB1      	INCF       FARG_FloatToStr_FixLen_str, 1
0x05AD	0x0ABA      	INCF       FloatToStr_FixLen_j_L0, 1
0x05AE	0x3080      	MOVLW      128
0x05AF	0x063D      	XORWF      FloatToStr_FixLen_dexpon_L0, 0
0x05B0	0x00F0      	MOVWF      R0
0x05B1	0x3080      	MOVLW      128
0x05B2	0x3A01      	XORLW      1
0x05B3	0x0270      	SUBWF      R0, 0
0x05B4	0x1C03      	BTFSS      STATUS, 0
0x05B5	0x2DBF      	GOTO       L__FloatToStr_FixLen149
0x05B6	0x3080      	MOVLW      128
0x05B7	0x3A06      	XORLW      6
0x05B8	0x00F0      	MOVWF      R0
0x05B9	0x3080      	MOVLW      128
0x05BA	0x063D      	XORWF      FloatToStr_FixLen_dexpon_L0, 0
0x05BB	0x0270      	SUBWF      R0, 0
0x05BC	0x1C03      	BTFSS      STATUS, 0
0x05BD	0x2DBF      	GOTO       L__FloatToStr_FixLen149
0x05BE	0x2DC7      	GOTO       L_FloatToStr_FixLen122
L__FloatToStr_FixLen149:
0x05BF	0x0831      	MOVF       FARG_FloatToStr_FixLen_str, 0
0x05C0	0x0084      	MOVWF      FSR
0x05C1	0x302E      	MOVLW      46
0x05C2	0x0080      	MOVWF      INDF
0x05C3	0x0AB1      	INCF       FARG_FloatToStr_FixLen_str, 1
0x05C4	0x3001      	MOVLW      1
0x05C5	0x00B9      	MOVWF      FloatToStr_FixLen_bpoint_L0
0x05C6	0x0ABA      	INCF       FloatToStr_FixLen_j_L0, 1
L_FloatToStr_FixLen122:
0x05C7	0x3006      	MOVLW      6
0x05C8	0x00B4      	MOVWF      FloatToStr_FixLen_d_L0
L_FloatToStr_FixLen123:
0x05C9	0x0834      	MOVF       FloatToStr_FixLen_d_L0, 0
0x05CA	0x3A00      	XORLW      0
0x05CB	0x1903      	BTFSC      STATUS, 2
0x05CC	0x2E29      	GOTO       L_FloatToStr_FixLen124
0x05CD	0x01B8      	CLRF       FloatToStr_FixLen_un_L0+3
0x05CE	0x0835      	MOVF       FloatToStr_FixLen_un_L0, 0
0x05CF	0x00F0      	MOVWF      R0
0x05D0	0x0836      	MOVF       FloatToStr_FixLen_un_L0+1, 0
0x05D1	0x00F1      	MOVWF      R0+1
0x05D2	0x0837      	MOVF       FloatToStr_FixLen_un_L0+2, 0
0x05D3	0x00F2      	MOVWF      R0+2
0x05D4	0x0838      	MOVF       FloatToStr_FixLen_un_L0+3, 0
0x05D5	0x00F3      	MOVWF      R0+3
0x05D6	0x0DF0      	RLF        R0, 1
0x05D7	0x0DF1      	RLF        R0+1, 1
0x05D8	0x0DF2      	RLF        R0+2, 1
0x05D9	0x0DF3      	RLF        R0+3, 1
0x05DA	0x1070      	BCF        R0, 0
0x05DB	0x0DF0      	RLF        R0, 1
0x05DC	0x0DF1      	RLF        R0+1, 1
0x05DD	0x0DF2      	RLF        R0+2, 1
0x05DE	0x0DF3      	RLF        R0+3, 1
0x05DF	0x1070      	BCF        R0, 0
0x05E0	0x0835      	MOVF       FloatToStr_FixLen_un_L0, 0
0x05E1	0x07F0      	ADDWF      R0, 1
0x05E2	0x0836      	MOVF       FloatToStr_FixLen_un_L0+1, 0
0x05E3	0x1803      	BTFSC      STATUS, 0
0x05E4	0x0F36      	INCFSZ     FloatToStr_FixLen_un_L0+1, 0
0x05E5	0x07F1      	ADDWF      R0+1, 1
0x05E6	0x0837      	MOVF       FloatToStr_FixLen_un_L0+2, 0
0x05E7	0x1803      	BTFSC      STATUS, 0
0x05E8	0x0F37      	INCFSZ     FloatToStr_FixLen_un_L0+2, 0
0x05E9	0x07F2      	ADDWF      R0+2, 1
0x05EA	0x0838      	MOVF       FloatToStr_FixLen_un_L0+3, 0
0x05EB	0x1803      	BTFSC      STATUS, 0
0x05EC	0x0F38      	INCFSZ     FloatToStr_FixLen_un_L0+3, 0
0x05ED	0x07F3      	ADDWF      R0+3, 1
0x05EE	0x0870      	MOVF       R0, 0
0x05EF	0x00B5      	MOVWF      FloatToStr_FixLen_un_L0
0x05F0	0x0871      	MOVF       R0+1, 0
0x05F1	0x00B6      	MOVWF      FloatToStr_FixLen_un_L0+1
0x05F2	0x0872      	MOVF       R0+2, 0
0x05F3	0x00B7      	MOVWF      FloatToStr_FixLen_un_L0+2
0x05F4	0x0873      	MOVF       R0+3, 0
0x05F5	0x00B8      	MOVWF      FloatToStr_FixLen_un_L0+3
0x05F6	0x0835      	MOVF       FloatToStr_FixLen_un_L0, 0
0x05F7	0x00F0      	MOVWF      R0
0x05F8	0x0836      	MOVF       FloatToStr_FixLen_un_L0+1, 0
0x05F9	0x00F1      	MOVWF      R0+1
0x05FA	0x0837      	MOVF       FloatToStr_FixLen_un_L0+2, 0
0x05FB	0x00F2      	MOVWF      R0+2
0x05FC	0x0838      	MOVF       FloatToStr_FixLen_un_L0+3, 0
0x05FD	0x00F3      	MOVWF      R0+3
0x05FE	0x0DF0      	RLF        R0, 1
0x05FF	0x0DF1      	RLF        R0+1, 1
0x0600	0x0DF2      	RLF        R0+2, 1
0x0601	0x0DF3      	RLF        R0+3, 1
0x0602	0x1070      	BCF        R0, 0
0x0603	0x0870      	MOVF       R0, 0
0x0604	0x00B5      	MOVWF      FloatToStr_FixLen_un_L0
0x0605	0x0871      	MOVF       R0+1, 0
0x0606	0x00B6      	MOVWF      FloatToStr_FixLen_un_L0+1
0x0607	0x0872      	MOVF       R0+2, 0
0x0608	0x00B7      	MOVWF      FloatToStr_FixLen_un_L0+2
0x0609	0x0873      	MOVF       R0+3, 0
0x060A	0x00B8      	MOVWF      FloatToStr_FixLen_un_L0+3
0x060B	0x0838      	MOVF       FloatToStr_FixLen_un_L0+3, 0
0x060C	0x3E30      	ADDLW      48
0x060D	0x00F0      	MOVWF      R0
0x060E	0x0831      	MOVF       FARG_FloatToStr_FixLen_str, 0
0x060F	0x0084      	MOVWF      FSR
0x0610	0x0870      	MOVF       R0, 0
0x0611	0x0080      	MOVWF      INDF
0x0612	0x0AB1      	INCF       FARG_FloatToStr_FixLen_str, 1
0x0613	0x0ABA      	INCF       FloatToStr_FixLen_j_L0, 1
0x0614	0x0839      	MOVF       FloatToStr_FixLen_bpoint_L0, 0
0x0615	0x3A00      	XORLW      0
0x0616	0x1D03      	BTFSS      STATUS, 2
0x0617	0x2E27      	GOTO       L_FloatToStr_FixLen126
0x0618	0x03BD      	DECF       FloatToStr_FixLen_dexpon_L0, 1
0x0619	0x083D      	MOVF       FloatToStr_FixLen_dexpon_L0, 0
0x061A	0x3A00      	XORLW      0
0x061B	0x1D03      	BTFSS      STATUS, 2
0x061C	0x2E27      	GOTO       L_FloatToStr_FixLen127
0x061D	0x3001      	MOVLW      1
0x061E	0x00BC      	MOVWF      FloatToStr_FixLen_dec_L0
0x061F	0x0831      	MOVF       FARG_FloatToStr_FixLen_str, 0
0x0620	0x0084      	MOVWF      FSR
0x0621	0x302E      	MOVLW      46
0x0622	0x0080      	MOVWF      INDF
0x0623	0x0AB1      	INCF       FARG_FloatToStr_FixLen_str, 1
0x0624	0x3001      	MOVLW      1
0x0625	0x00B9      	MOVWF      FloatToStr_FixLen_bpoint_L0
0x0626	0x0ABA      	INCF       FloatToStr_FixLen_j_L0, 1
L_FloatToStr_FixLen127:
L_FloatToStr_FixLen126:
0x0627	0x03B4      	DECF       FloatToStr_FixLen_d_L0, 1
0x0628	0x2DC9      	GOTO       L_FloatToStr_FixLen123
L_FloatToStr_FixLen124:
0x0629	0x083C      	MOVF       FloatToStr_FixLen_dec_L0, 0
0x062A	0x3A01      	XORLW      1
0x062B	0x1D03      	BTFSS      STATUS, 2
0x062C	0x2E2E      	GOTO       L_FloatToStr_FixLen128
0x062D	0x03BA      	DECF       FloatToStr_FixLen_j_L0, 1
L_FloatToStr_FixLen128:
0x062E	0x30FF      	MOVLW      255
0x062F	0x0731      	ADDWF      FARG_FloatToStr_FixLen_str, 0
0x0630	0x0084      	MOVWF      FSR
0x0631	0x0800      	MOVF       INDF, 0
0x0632	0x3A2E      	XORLW      46
0x0633	0x1D03      	BTFSS      STATUS, 2
0x0634	0x2E37      	GOTO       L_FloatToStr_FixLen129
0x0635	0x03B1      	DECF       FARG_FloatToStr_FixLen_str, 1
0x0636	0x03BA      	DECF       FloatToStr_FixLen_j_L0, 1
L_FloatToStr_FixLen129:
0x0637	0x3080      	MOVLW      128
0x0638	0x3A00      	XORLW      0
0x0639	0x00F0      	MOVWF      R0
0x063A	0x3080      	MOVLW      128
0x063B	0x063D      	XORWF      FloatToStr_FixLen_dexpon_L0, 0
0x063C	0x0270      	SUBWF      R0, 0
0x063D	0x1803      	BTFSC      STATUS, 0
0x063E	0x2E41      	GOTO       L_FloatToStr_FixLen130
0x063F	0x3001      	MOVLW      1
0x0640	0x00BB      	MOVWF      FloatToStr_FixLen_eksp_L0
L_FloatToStr_FixLen130:
0x0641	0x3080      	MOVLW      128
0x0642	0x063D      	XORWF      FloatToStr_FixLen_dexpon_L0, 0
0x0643	0x00F0      	MOVWF      R0
0x0644	0x3080      	MOVLW      128
0x0645	0x3A00      	XORLW      0
0x0646	0x0270      	SUBWF      R0, 0
0x0647	0x1803      	BTFSC      STATUS, 0
0x0648	0x2E4B      	GOTO       L_FloatToStr_FixLen131
0x0649	0x3002      	MOVLW      2
0x064A	0x00BB      	MOVWF      FloatToStr_FixLen_eksp_L0
L_FloatToStr_FixLen131:
0x064B	0x083D      	MOVF       FloatToStr_FixLen_dexpon_L0, 0
0x064C	0x00B4      	MOVWF      FloatToStr_FixLen_d_L0
0x064D	0x3080      	MOVLW      128
0x064E	0x3A09      	XORLW      9
0x064F	0x00F0      	MOVWF      R0
0x0650	0x3080      	MOVLW      128
0x0651	0x063D      	XORWF      FloatToStr_FixLen_dexpon_L0, 0
0x0652	0x0270      	SUBWF      R0, 0
0x0653	0x1C03      	BTFSS      STATUS, 0
0x0654	0x2E57      	GOTO       L_FloatToStr_FixLen132
0x0655	0x0ABB      	INCF       FloatToStr_FixLen_eksp_L0, 1
0x0656	0x2E59      	GOTO       L_FloatToStr_FixLen133
L_FloatToStr_FixLen132:
0x0657	0x3002      	MOVLW      2
0x0658	0x07BB      	ADDWF      FloatToStr_FixLen_eksp_L0, 1
L_FloatToStr_FixLen133:
L_FloatToStr_FixLen134:
0x0659	0x083B      	MOVF       FloatToStr_FixLen_eksp_L0, 0
0x065A	0x073A      	ADDWF      FloatToStr_FixLen_j_L0, 0
0x065B	0x00F1      	MOVWF      R1
0x065C	0x01F2      	CLRF       R1+1
0x065D	0x1803      	BTFSC      STATUS, 0
0x065E	0x0AF2      	INCF       R1+1, 1
0x065F	0x3080      	MOVLW      128
0x0660	0x0672      	XORWF      R1+1, 0
0x0661	0x00F0      	MOVWF      R0
0x0662	0x3080      	MOVLW      128
0x0663	0x0270      	SUBWF      R0, 0
0x0664	0x1D03      	BTFSS      STATUS, 2
0x0665	0x2E68      	GOTO       L__FloatToStr_FixLen207
0x0666	0x0832      	MOVF       FARG_FloatToStr_FixLen_len, 0
0x0667	0x0271      	SUBWF      R1, 0
L__FloatToStr_FixLen207:
0x0668	0x1803      	BTFSC      STATUS, 0
0x0669	0x2E71      	GOTO       L_FloatToStr_FixLen135
0x066A	0x0831      	MOVF       FARG_FloatToStr_FixLen_str, 0
0x066B	0x0084      	MOVWF      FSR
0x066C	0x3030      	MOVLW      48
0x066D	0x0080      	MOVWF      INDF
0x066E	0x0AB1      	INCF       FARG_FloatToStr_FixLen_str, 1
0x066F	0x0ABA      	INCF       FloatToStr_FixLen_j_L0, 1
0x0670	0x2E59      	GOTO       L_FloatToStr_FixLen134
L_FloatToStr_FixLen135:
0x0671	0x083D      	MOVF       FloatToStr_FixLen_dexpon_L0, 0
0x0672	0x3A00      	XORLW      0
0x0673	0x1903      	BTFSC      STATUS, 2
0x0674	0x2EB0      	GOTO       L_FloatToStr_FixLen136
0x0675	0x0831      	MOVF       FARG_FloatToStr_FixLen_str, 0
0x0676	0x0084      	MOVWF      FSR
0x0677	0x3065      	MOVLW      101
0x0678	0x0080      	MOVWF      INDF
0x0679	0x0AB1      	INCF       FARG_FloatToStr_FixLen_str, 1
0x067A	0x3080      	MOVLW      128
0x067B	0x063D      	XORWF      FloatToStr_FixLen_dexpon_L0, 0
0x067C	0x00F0      	MOVWF      R0
0x067D	0x3080      	MOVLW      128
0x067E	0x3A00      	XORLW      0
0x067F	0x0270      	SUBWF      R0, 0
0x0680	0x1803      	BTFSC      STATUS, 0
0x0681	0x2E8A      	GOTO       L_FloatToStr_FixLen137
0x0682	0x0831      	MOVF       FARG_FloatToStr_FixLen_str, 0
0x0683	0x0084      	MOVWF      FSR
0x0684	0x302D      	MOVLW      45
0x0685	0x0080      	MOVWF      INDF
0x0686	0x0AB1      	INCF       FARG_FloatToStr_FixLen_str, 1
0x0687	0x083D      	MOVF       FloatToStr_FixLen_dexpon_L0, 0
0x0688	0x3C00      	SUBLW      0
0x0689	0x00BD      	MOVWF      FloatToStr_FixLen_dexpon_L0
L_FloatToStr_FixLen137:
0x068A	0x083D      	MOVF       FloatToStr_FixLen_dexpon_L0, 0
0x068B	0x00B4      	MOVWF      FloatToStr_FixLen_d_L0
0x068C	0x3080      	MOVLW      128
0x068D	0x3A09      	XORLW      9
0x068E	0x00F0      	MOVWF      R0
0x068F	0x3080      	MOVLW      128
0x0690	0x063D      	XORWF      FloatToStr_FixLen_dexpon_L0, 0
0x0691	0x0270      	SUBWF      R0, 0
0x0692	0x1803      	BTFSC      STATUS, 0
0x0693	0x2EA1      	GOTO       L_FloatToStr_FixLen138
0x0694	0x300A      	MOVLW      10
0x0695	0x00F4      	MOVWF      R4
0x0696	0x0834      	MOVF       FloatToStr_FixLen_d_L0, 0
0x0697	0x00F0      	MOVWF      R0
0x0698	0x2341      	CALL       _Div_8X8_S
0x0699	0x3030      	MOVLW      48
0x069A	0x07F0      	ADDWF      R0, 1
0x069B	0x1683      	BSF        STATUS, 5
0x069C	0x0831      	MOVF       FARG_FloatToStr_FixLen_str, 0
0x069D	0x0084      	MOVWF      FSR
0x069E	0x0870      	MOVF       R0, 0
0x069F	0x0080      	MOVWF      INDF
0x06A0	0x0AB1      	INCF       FARG_FloatToStr_FixLen_str, 1
L_FloatToStr_FixLen138:
0x06A1	0x300A      	MOVLW      10
0x06A2	0x00F4      	MOVWF      R4
0x06A3	0x0834      	MOVF       FloatToStr_FixLen_d_L0, 0
0x06A4	0x00F0      	MOVWF      R0
0x06A5	0x2341      	CALL       _Div_8X8_S
0x06A6	0x0878      	MOVF       R8, 0
0x06A7	0x00F0      	MOVWF      R0
0x06A8	0x3030      	MOVLW      48
0x06A9	0x07F0      	ADDWF      R0, 1
0x06AA	0x1683      	BSF        STATUS, 5
0x06AB	0x0831      	MOVF       FARG_FloatToStr_FixLen_str, 0
0x06AC	0x0084      	MOVWF      FSR
0x06AD	0x0870      	MOVF       R0, 0
0x06AE	0x0080      	MOVWF      INDF
0x06AF	0x0AB1      	INCF       FARG_FloatToStr_FixLen_str, 1
L_FloatToStr_FixLen136:
0x06B0	0x083B      	MOVF       FloatToStr_FixLen_eksp_L0, 0
0x06B1	0x073A      	ADDWF      FloatToStr_FixLen_j_L0, 0
0x06B2	0x00F0      	MOVWF      R0
0x06B3	0x0870      	MOVF       R0, 0
0x06B4	0x00BA      	MOVWF      FloatToStr_FixLen_j_L0
0x06B5	0x0832      	MOVF       FARG_FloatToStr_FixLen_len, 0
0x06B6	0x0270      	SUBWF      R0, 0
0x06B7	0x00F1      	MOVWF      R1
0x06B8	0x0871      	MOVF       R1, 0
0x06B9	0x00B4      	MOVWF      FloatToStr_FixLen_d_L0
0x06BA	0x3080      	MOVLW      128
0x06BB	0x3A00      	XORLW      0
0x06BC	0x00F0      	MOVWF      R0
0x06BD	0x3080      	MOVLW      128
0x06BE	0x0671      	XORWF      R1, 0
0x06BF	0x0270      	SUBWF      R0, 0
0x06C0	0x1803      	BTFSC      STATUS, 0
0x06C1	0x2ECE      	GOTO       L_FloatToStr_FixLen139
L_FloatToStr_FixLen140:
0x06C2	0x3080      	MOVLW      128
0x06C3	0x3A00      	XORLW      0
0x06C4	0x00F0      	MOVWF      R0
0x06C5	0x3080      	MOVLW      128
0x06C6	0x0634      	XORWF      FloatToStr_FixLen_d_L0, 0
0x06C7	0x0270      	SUBWF      R0, 0
0x06C8	0x1803      	BTFSC      STATUS, 0
0x06C9	0x2ECD      	GOTO       L_FloatToStr_FixLen141
0x06CA	0x03B4      	DECF       FloatToStr_FixLen_d_L0, 1
0x06CB	0x03B1      	DECF       FARG_FloatToStr_FixLen_str, 1
0x06CC	0x2EC2      	GOTO       L_FloatToStr_FixLen140
L_FloatToStr_FixLen141:
0x06CD	0x2EE5      	GOTO       L_FloatToStr_FixLen142
L_FloatToStr_FixLen139:
0x06CE	0x3080      	MOVLW      128
0x06CF	0x0634      	XORWF      FloatToStr_FixLen_d_L0, 0
0x06D0	0x00F0      	MOVWF      R0
0x06D1	0x3080      	MOVLW      128
0x06D2	0x3A00      	XORLW      0
0x06D3	0x0270      	SUBWF      R0, 0
0x06D4	0x1803      	BTFSC      STATUS, 0
0x06D5	0x2EE5      	GOTO       L_FloatToStr_FixLen143
L_FloatToStr_FixLen144:
0x06D6	0x3080      	MOVLW      128
0x06D7	0x0634      	XORWF      FloatToStr_FixLen_d_L0, 0
0x06D8	0x00F0      	MOVWF      R0
0x06D9	0x3080      	MOVLW      128
0x06DA	0x3A00      	XORLW      0
0x06DB	0x0270      	SUBWF      R0, 0
0x06DC	0x1803      	BTFSC      STATUS, 0
0x06DD	0x2EE5      	GOTO       L_FloatToStr_FixLen145
0x06DE	0x0AB4      	INCF       FloatToStr_FixLen_d_L0, 1
0x06DF	0x0831      	MOVF       FARG_FloatToStr_FixLen_str, 0
0x06E0	0x0084      	MOVWF      FSR
0x06E1	0x3030      	MOVLW      48
0x06E2	0x0080      	MOVWF      INDF
0x06E3	0x0AB1      	INCF       FARG_FloatToStr_FixLen_str, 1
0x06E4	0x2ED6      	GOTO       L_FloatToStr_FixLen144
L_FloatToStr_FixLen145:
L_FloatToStr_FixLen143:
L_FloatToStr_FixLen142:
0x06E5	0x0831      	MOVF       FARG_FloatToStr_FixLen_str, 0
0x06E6	0x0084      	MOVWF      FSR
0x06E7	0x0180      	CLRF       INDF
0x06E8	0x01F0      	CLRF       R0
L_end_FloatToStr_FixLen:
0x06E9	0x0008      	RETURN
; end of _FloatToStr_FixLen
_byte2double:
0x06EA	0x1283      	BCF        STATUS, 5
0x06EB	0x1303      	BCF        STATUS, 6
0x06EC	0x0870      	MOVF       R0, 0
0x06ED	0x00F8      	MOVWF      R8
0x06EE	0x01FB      	CLRF       R11
0x06EF	0x01FC      	CLRF       R12
0x06F0	0x309E      	MOVLW      158
0x06F1	0x00F3      	MOVWF      R3
0x06F2	0x01FA      	CLRF       R10
0x06F3	0x01F2      	CLRF       R2
0x06F4	0x01F1      	CLRF       R1
0x06F5	0x01F0      	CLRF       R0
0x06F6	0x3002      	MOVLW      2
0x06F7	0x00FC      	MOVWF      R12
0x06F8	0x2286      	CALL       _NRM4032
L_end_byte2double:
0x06F9	0x0008      	RETURN
; end of _byte2double
___CC2DW:
_CC2D_Loop1:
0x06FA	0x21FB      	CALL       _____DoICP
0x06FB	0x118A      	BCF        PCLATH, 3
0x06FC	0x120A      	BCF        PCLATH, 4
0x06FD	0x0080      	MOVWF      INDF
0x06FE	0x0A84      	INCF       FSR, 1
0x06FF	0x0AED      	INCF       ___DoICPAddr, 1
0x0700	0x1903      	BTFSC      STATUS, 2
0x0701	0x0AEE      	INCF       ___DoICPAddr+1, 1
0x0702	0x03F0      	DECF       R0, 1
0x0703	0x1D03      	BTFSS      STATUS, 2
0x0704	0x2EFA      	GOTO       _CC2D_Loop1
L_end___CC2DW:
0x0705	0x0008      	RETURN
; end of ___CC2DW
_main:
0x0706	0x276A      	CALL       1898
0x0707	0x3080      	MOVLW      128
0x0708	0x1683      	BSF        STATUS, 5
0x0709	0x1303      	BCF        STATUS, 6
0x070A	0x0081      	MOVWF      OPTION_REG
0x070B	0x3019      	MOVLW      25
0x070C	0x0099      	MOVWF      SPBRG
0x070D	0x3024      	MOVLW      36
0x070E	0x0098      	MOVWF      TXSTA
0x070F	0x3090      	MOVLW      144
0x0710	0x1283      	BCF        STATUS, 5
0x0711	0x0098      	MOVWF      RCSTA
0x0712	0x3020      	MOVLW      32
0x0713	0x1683      	BSF        STATUS, 5
0x0714	0x008C      	MOVWF      PIE1
0x0715	0x30C0      	MOVLW      192
0x0716	0x008B      	MOVWF      INTCON
0x0717	0x3006      	MOVLW      6
0x0718	0x0086      	MOVWF      TRISB
0x0719	0x1283      	BCF        STATUS, 5
0x071A	0x0186      	CLRF       PORTB
L_main17:
0x071B	0x2F1B      	GOTO       L_main17
L_end_main:
0x071C	0x2F1C      	GOTO       $+0
; end of _main
0x076A	0x3022      	MOVLW      34
0x076B	0x0084      	MOVWF      FSR
0x076C	0x3048      	MOVLW      72
0x076D	0x1283      	BCF        STATUS, 5
0x076E	0x1303      	BCF        STATUS, 6
0x076F	0x00F0      	MOVWF      R0
0x0770	0x3022      	MOVLW      34
0x0771	0x00ED      	MOVWF      ___DoICPAddr
0x0772	0x3007      	MOVLW      7
0x0773	0x00EE      	MOVWF      110
0x0774	0x26FA      	CALL       1786
0x0775	0x0008      	RETURN
;E2_Serial_Terminal.c,0 :: ?ICS_Logic_Val
0x0722	0x3400 ;?ICS_Logic_Val+0
; end of ?ICS_Logic_Val
;E2_Serial_Terminal.c,0 :: ?ICS_i
0x0723	0x3400 ;?ICS_i+0
; end of ?ICS_i
;E2_Serial_Terminal.c,0 :: ?ICS_Received
0x0724	0x3400 ;?ICS_Received+0
; end of ?ICS_Received
;E2_Serial_Terminal.c,0 :: ?ICS?lstr4_E2_Serial_Terminal
0x0725	0x340D ;?ICS?lstr4_E2_Serial_Terminal+0
0x0726	0x340A ;?ICS?lstr4_E2_Serial_Terminal+1
0x0727	0x340D ;?ICS?lstr4_E2_Serial_Terminal+2
0x0728	0x340A ;?ICS?lstr4_E2_Serial_Terminal+3
0x0729	0x3420 ;?ICS?lstr4_E2_Serial_Terminal+4
0x072A	0x342A ;?ICS?lstr4_E2_Serial_Terminal+5
0x072B	0x342A ;?ICS?lstr4_E2_Serial_Terminal+6
0x072C	0x342A ;?ICS?lstr4_E2_Serial_Terminal+7
0x072D	0x342A ;?ICS?lstr4_E2_Serial_Terminal+8
0x072E	0x342A ;?ICS?lstr4_E2_Serial_Terminal+9
0x072F	0x342A ;?ICS?lstr4_E2_Serial_Terminal+10
0x0730	0x342A ;?ICS?lstr4_E2_Serial_Terminal+11
0x0731	0x342A ;?ICS?lstr4_E2_Serial_Terminal+12
0x0732	0x342A ;?ICS?lstr4_E2_Serial_Terminal+13
0x0733	0x342A ;?ICS?lstr4_E2_Serial_Terminal+14
0x0734	0x342A ;?ICS?lstr4_E2_Serial_Terminal+15
0x0735	0x342A ;?ICS?lstr4_E2_Serial_Terminal+16
0x0736	0x3420 ;?ICS?lstr4_E2_Serial_Terminal+17
0x0737	0x3420 ;?ICS?lstr4_E2_Serial_Terminal+18
0x0738	0x340D ;?ICS?lstr4_E2_Serial_Terminal+19
0x0739	0x340A ;?ICS?lstr4_E2_Serial_Terminal+20
0x073A	0x3400 ;?ICS?lstr4_E2_Serial_Terminal+21
; end of ?ICS?lstr4_E2_Serial_Terminal
;E2_Serial_Terminal.c,0 :: ?ICS?lstr3_E2_Serial_Terminal
0x073B	0x3420 ;?ICS?lstr3_E2_Serial_Terminal+0
0x073C	0x3443 ;?ICS?lstr3_E2_Serial_Terminal+1
0x073D	0x3400 ;?ICS?lstr3_E2_Serial_Terminal+2
; end of ?ICS?lstr3_E2_Serial_Terminal
;__Lib_Conversions.c,0 :: ?ICS?lstr6___Lib_Conversions
0x073E	0x3449 ;?ICS?lstr6___Lib_Conversions+0
0x073F	0x344E ;?ICS?lstr6___Lib_Conversions+1
0x0740	0x3446 ;?ICS?lstr6___Lib_Conversions+2
0x0741	0x3400 ;?ICS?lstr6___Lib_Conversions+3
; end of ?ICS?lstr6___Lib_Conversions
;__Lib_Conversions.c,0 :: ?ICS?lstr5___Lib_Conversions
0x0742	0x3430 ;?ICS?lstr5___Lib_Conversions+0
0x0743	0x3400 ;?ICS?lstr5___Lib_Conversions+1
; end of ?ICS?lstr5___Lib_Conversions
;__Lib_Conversions.c,0 :: ?ICS?lstr4___Lib_Conversions
0x0744	0x344E ;?ICS?lstr4___Lib_Conversions+0
0x0745	0x3461 ;?ICS?lstr4___Lib_Conversions+1
0x0746	0x344E ;?ICS?lstr4___Lib_Conversions+2
0x0747	0x3400 ;?ICS?lstr4___Lib_Conversions+3
; end of ?ICS?lstr4___Lib_Conversions
;E2_Serial_Terminal.c,0 :: ?ICS?lstr2_E2_Serial_Terminal
0x0748	0x3454 ;?ICS?lstr2_E2_Serial_Terminal+0
0x0749	0x3465 ;?ICS?lstr2_E2_Serial_Terminal+1
0x074A	0x346D ;?ICS?lstr2_E2_Serial_Terminal+2
0x074B	0x3470 ;?ICS?lstr2_E2_Serial_Terminal+3
0x074C	0x342E ;?ICS?lstr2_E2_Serial_Terminal+4
0x074D	0x343A ;?ICS?lstr2_E2_Serial_Terminal+5
0x074E	0x3420 ;?ICS?lstr2_E2_Serial_Terminal+6
0x074F	0x3400 ;?ICS?lstr2_E2_Serial_Terminal+7
; end of ?ICS?lstr2_E2_Serial_Terminal
;E2_Serial_Terminal.c,0 :: ?ICS?lstr1_E2_Serial_Terminal
0x0750	0x340D ;?ICS?lstr1_E2_Serial_Terminal+0
0x0751	0x340A ;?ICS?lstr1_E2_Serial_Terminal+1
0x0752	0x3420 ;?ICS?lstr1_E2_Serial_Terminal+2
0x0753	0x342A ;?ICS?lstr1_E2_Serial_Terminal+3
0x0754	0x342A ;?ICS?lstr1_E2_Serial_Terminal+4
0x0755	0x342A ;?ICS?lstr1_E2_Serial_Terminal+5
0x0756	0x342A ;?ICS?lstr1_E2_Serial_Terminal+6
0x0757	0x342A ;?ICS?lstr1_E2_Serial_Terminal+7
0x0758	0x342A ;?ICS?lstr1_E2_Serial_Terminal+8
0x0759	0x342A ;?ICS?lstr1_E2_Serial_Terminal+9
0x075A	0x342A ;?ICS?lstr1_E2_Serial_Terminal+10
0x075B	0x342A ;?ICS?lstr1_E2_Serial_Terminal+11
0x075C	0x342A ;?ICS?lstr1_E2_Serial_Terminal+12
0x075D	0x342A ;?ICS?lstr1_E2_Serial_Terminal+13
0x075E	0x342A ;?ICS?lstr1_E2_Serial_Terminal+14
0x075F	0x3420 ;?ICS?lstr1_E2_Serial_Terminal+15
0x0760	0x340D ;?ICS?lstr1_E2_Serial_Terminal+16
0x0761	0x340A ;?ICS?lstr1_E2_Serial_Terminal+17
0x0762	0x340D ;?ICS?lstr1_E2_Serial_Terminal+18
0x0763	0x340A ;?ICS?lstr1_E2_Serial_Terminal+19
0x0764	0x3400 ;?ICS?lstr1_E2_Serial_Terminal+20
; end of ?ICS?lstr1_E2_Serial_Terminal
;E2_Serial_Terminal.c,0 :: ?ICS_Celsius
0x0765	0x3400 ;?ICS_Celsius+0
0x0766	0x3400 ;?ICS_Celsius+1
0x0767	0x3400 ;?ICS_Celsius+2
0x0768	0x3400 ;?ICS_Celsius+3
; end of ?ICS_Celsius
;E2_Serial_Terminal.c,0 :: ?ICS_Terminal_Word
0x0769	0x3400 ;?ICS_Terminal_Word+0
; end of ?ICS_Terminal_Word
Symbol List:
//** Routines locations **
//ADDRESS    SIZE    PROCEDURE
//----------------------------------------------
0x0004     [468]    _interrupt
0x01D8      [12]    _SETFUN32
0x01E4       [7]    _RES032
0x01EB       [4]    _FIXSIGN32
0x01EF      [12]    _SETFOV32
0x01FB       [7]    _____DoICP
0x0202       [3]    _SETFDZ32
0x0205      [80]    _Compare_Double
0x0255      [22]    _strlen
0x026B      [27]    _strcpy
0x0286      [90]    _NRM4032
0x02E0      [97]    _Mul_32x32_FP
0x0341      [81]    _Div_8X8_S
0x0392       [6]    _Serial_Wait
0x0398     [183]    _Div_32x32_FP
0x044F      [31]    _Serial_Write
0x046E     [636]    _FloatToStr_FixLen
0x06EA      [16]    _byte2double
0x06FA      [12]    ___CC2DW
0x0706      [22]    _main
//** Variables locations ** 
//ADDRESS    SIZE    VARIABLE
//----------------------------------------------
0x0000       [1]    INDF
0x0002       [1]    PCL
0x0003       [1]    STATUS
0x0004       [1]    FSR
0x0006       [0]    LED_GREEN
0x0006       [0]    RB7_bit
0x0006       [0]    LED_YELLOW
0x0006       [0]    RB6_bit
0x0006       [0]    RB0_bit
0x0006       [1]    PORTB
0x0006       [0]    RB3_bit
0x0006       [0]    LED_RED
0x0006       [0]    RB4_bit
0x0006       [0]    SIGN_E1
0x0006       [0]    E1_BLOC_B
0x0006       [0]    RB5_bit
0x0006       [0]    E1_BLOC_A
0x000A       [1]    PCLATH
0x000B       [1]    INTCON
0x000C       [0]    RCIF_bit
0x000C       [0]    RECEPTION_INT
0x0018       [0]    FERR_bit
0x0018       [0]    FRAMING_ERROR
0x0018       [0]    CREN_bit
0x0018       [1]    RCSTA
0x0018       [0]    OERR_bit
0x0018       [0]    RECEPTION
0x0018       [0]    OVERRUN_ERROR
0x0019       [1]    TXREG
0x001A       [1]    RCREG
0x0020       [1]    __math_tempbD
0x0022       [1]    _Logic_Val
0x0023       [1]    _i
0x0024       [1]    _Received
0x0025      [22]    ?lstr4_E2_Serial_Terminal
0x003B       [3]    ?lstr3_E2_Serial_Terminal
0x003E       [4]    ?lstr6___Lib_Conversions
0x0042       [2]    ?lstr5___Lib_Conversions
0x0044       [4]    ?lstr4___Lib_Conversions
0x0048       [8]    ?lstr2_E2_Serial_Terminal
0x0050      [21]    ?lstr1_E2_Serial_Terminal
0x0065       [4]    _Celsius
0x0069       [1]    _Terminal_Word
0x006A       [3]    _D_
0x006D       [2]    ___DoICPAddr
0x006F       [1]    ___saveSTATUS
0x0070       [1]    R0
0x0071       [1]    R1
0x0072       [1]    R2
0x0073       [1]    R3
0x0074       [1]    R4
0x0075       [1]    R5
0x0076       [1]    R6
0x0077       [1]    R7
0x0078       [1]    R8
0x0079       [1]    R9
0x007A       [1]    R10
0x007B       [1]    R11
0x007C       [1]    R12
0x007D       [1]    R13
0x007E       [1]    R14
0x007F       [1]    R15
0x0081       [1]    OPTION_REG
0x0086       [1]    TRISB
0x008C       [1]    PIE1
0x0098       [0]    SERIAL_SENDED
0x0098       [1]    TXSTA
0x0098       [0]    TRMT_bit
0x0099       [1]    SPBRG
0x00A0       [7]    _D
0x00A7       [5]    _Text
0x00AC       [1]    ___savePCLATH
0x00AD       [1]    FARG_Serial_Write_string
0x00AD       [4]    FARG_FloatToStr_FixLen_fnum
0x00AE       [2]    Serial_Write_i_L0
0x00B1       [1]    FARG_FloatToStr_FixLen_str
0x00B2       [1]    FARG_FloatToStr_FixLen_len
0x00B3       [1]    FloatToStr_FixLen_i_L0
0x00B4       [1]    FloatToStr_FixLen_d_L0
0x00B5       [4]    FloatToStr_FixLen_un_L0
0x00B9       [1]    FloatToStr_FixLen_bpoint_L0
0x00BA       [1]    FloatToStr_FixLen_j_L0
0x00BB       [1]    FloatToStr_FixLen_eksp_L0
0x00BC       [1]    FloatToStr_FixLen_dec_L0
0x00BD       [1]    FloatToStr_FixLen_dexpon_L0
0x00BE       [1]    FARG_strlen_s
0x00BE       [1]    FARG_strcpy_to
0x00BF       [1]    FARG_strcpy_from
//** Constants locations ** 
//ADDRESS    SIZE    CONSTANT
//----------------------------------------------
0x0722       [1]    ?ICS_Logic_Val
0x0723       [1]    ?ICS_i
0x0724       [1]    ?ICS_Received
0x0725      [22]    ?ICS?lstr4_E2_Serial_Terminal
0x073B       [3]    ?ICS?lstr3_E2_Serial_Terminal
0x073E       [4]    ?ICS?lstr6___Lib_Conversions
0x0742       [2]    ?ICS?lstr5___Lib_Conversions
0x0744       [4]    ?ICS?lstr4___Lib_Conversions
0x0748       [8]    ?ICS?lstr2_E2_Serial_Terminal
0x0750      [21]    ?ICS?lstr1_E2_Serial_Terminal
0x0765       [4]    ?ICS_Celsius
0x0769       [1]    ?ICS_Terminal_Word
