;  LST file generated by mikroListExporter - v.2.0 
; Date/Time: 15/12/2021 02:07:03
;----------------------------------------------

;Address Opcode 	ASM
0x0000	0xF001EF9D  	GOTO        826
_interrupt:
0x0008	0xF018C000  	MOVFF       R0, 24
0x000C	0xF017C001  	MOVFF       R1, 23
0x0010	0xF016C00C  	MOVFF       R12, 22
0x0014	0xF015C00D  	MOVFF       R13, 21
0x0018	0xA4F2      	BTFSS       TMR0IF_bit, BitPos(TMR0IF_bit+0) 
0x001A	0xD146      	BRA         L_interrupt5
0x001C	0x94F2      	BCF         TMR0IF_bit, BitPos(TMR0IF_bit+0) 
0x001E	0x2A1B      	INCF        _Counter, 1 
0x0020	0x501B      	MOVF        _Counter, 0 
0x0022	0x0A99      	XORLW       153
0x0024	0xA4D8      	BTFSS       STATUS, 2 
0x0026	0xD13F      	BRA         L_interrupt6
0x0028	0x6A24      	CLRF        FARG_ADC_Read_channel 
0x002A	0xD968      	RCALL       _ADC_Read
0x002C	0xF01CC000  	MOVFF       R0, _LM35_Value
0x0030	0x8083      	BSF         RD0_bit, BitPos(RD0_bit+0) 
0x0032	0x9083      	BCF         RD0_bit, BitPos(RD0_bit+0) 
0x0034	0x6A1B      	CLRF        _Counter 
0x0036	0x0E02      	MOVLW       2
0x0038	0x6ED6      	MOVWF       TMR0L 
0x003A	0x0E80      	MOVLW       128
0x003C	0x1400      	ANDWF       R0, 0 
0x003E	0x6E03      	MOVWF       R3 
0x0040	0x0E07      	MOVLW       7
0x0042	0x6E02      	MOVWF       R2 
0x0044	0xF011C003  	MOVFF       R3, R17
0x0048	0x5002      	MOVF        R2, 0 
L__interrupt24:
0x004A	0xE004      	BZ          L__interrupt25
0x004C	0x3211      	RRCF        R17, 1 
0x004E	0x9E11      	BCF         R17, 7 
0x0050	0x0FFF      	ADDLW       255
0x0052	0xD7FB      	BRA         L__interrupt24
L__interrupt25:
0x0054	0x0E40      	MOVLW       64
0x0056	0x1400      	ANDWF       R0, 0 
0x0058	0x6E03      	MOVWF       R3 
0x005A	0x0E06      	MOVLW       6
0x005C	0x6E02      	MOVWF       R2 
0x005E	0xF010C003  	MOVFF       R3, R16
0x0062	0x5002      	MOVF        R2, 0 
L__interrupt26:
0x0064	0xE004      	BZ          L__interrupt27
0x0066	0x3210      	RRCF        R16, 1 
0x0068	0x9E10      	BCF         R16, 7 
0x006A	0x0FFF      	ADDLW       255
0x006C	0xD7FB      	BRA         L__interrupt26
L__interrupt27:
0x006E	0x5010      	MOVF        R16, 0 
0x0070	0x1811      	XORWF       R17, 0 
0x0072	0x6E04      	MOVWF       R4 
0x0074	0x0E10      	MOVLW       16
0x0076	0x1400      	ANDWF       R0, 0 
0x0078	0x6E03      	MOVWF       R3 
0x007A	0xF00FC003  	MOVFF       R3, R15
0x007E	0x320F      	RRCF        R15, 1 
0x0080	0x9E0F      	BCF         R15, 7 
0x0082	0x320F      	RRCF        R15, 1 
0x0084	0x9E0F      	BCF         R15, 7 
0x0086	0x320F      	RRCF        R15, 1 
0x0088	0x9E0F      	BCF         R15, 7 
0x008A	0x320F      	RRCF        R15, 1 
0x008C	0x9E0F      	BCF         R15, 7 
0x008E	0x500F      	MOVF        R15, 0 
0x0090	0x1804      	XORWF       R4, 0 
0x0092	0x6E0E      	MOVWF       R14 
0x0094	0xF01DC00E  	MOVFF       R14, __a
0x0098	0x0E08      	MOVLW       8
0x009A	0x1400      	ANDWF       R0, 0 
0x009C	0x6E03      	MOVWF       R3 
0x009E	0xF00DC003  	MOVFF       R3, R13
0x00A2	0x320D      	RRCF        R13, 1 
0x00A4	0x9E0D      	BCF         R13, 7 
0x00A6	0x320D      	RRCF        R13, 1 
0x00A8	0x9E0D      	BCF         R13, 7 
0x00AA	0x320D      	RRCF        R13, 1 
0x00AC	0x9E0D      	BCF         R13, 7 
0x00AE	0x0E04      	MOVLW       4
0x00B0	0x1400      	ANDWF       R0, 0 
0x00B2	0x6E03      	MOVWF       R3 
0x00B4	0xF00CC003  	MOVFF       R3, R12
0x00B8	0x320C      	RRCF        R12, 1 
0x00BA	0x9E0C      	BCF         R12, 7 
0x00BC	0x320C      	RRCF        R12, 1 
0x00BE	0x9E0C      	BCF         R12, 7 
0x00C0	0x500C      	MOVF        R12, 0 
0x00C2	0x180D      	XORWF       R13, 0 
0x00C4	0x6E02      	MOVWF       R2 
0x00C6	0x0E01      	MOVLW       1
0x00C8	0x1400      	ANDWF       R0, 0 
0x00CA	0x6E0B      	MOVWF       R11 
0x00CC	0x500B      	MOVF        R11, 0 
0x00CE	0x1802      	XORWF       R2, 0 
0x00D0	0x6E0A      	MOVWF       R10 
0x00D2	0xF019C00A  	MOVFF       R10, __d
0x00D6	0x0E20      	MOVLW       32
0x00D8	0x1400      	ANDWF       R0, 0 
0x00DA	0x6E03      	MOVWF       R3 
0x00DC	0x0E05      	MOVLW       5
0x00DE	0x6E02      	MOVWF       R2 
0x00E0	0xF009C003  	MOVFF       R3, R9
0x00E4	0x5002      	MOVF        R2, 0 
L__interrupt28:
0x00E6	0xE004      	BZ          L__interrupt29
0x00E8	0x3209      	RRCF        R9, 1 
0x00EA	0x9E09      	BCF         R9, 7 
0x00EC	0x0FFF      	ADDLW       255
0x00EE	0xD7FB      	BRA         L__interrupt28
L__interrupt29:
0x00F0	0x5009      	MOVF        R9, 0 
0x00F2	0x1811      	XORWF       R17, 0 
0x00F4	0x6E02      	MOVWF       R2 
0x00F6	0x500F      	MOVF        R15, 0 
0x00F8	0x1802      	XORWF       R2, 0 
0x00FA	0x6E08      	MOVWF       R8 
0x00FC	0xF01AC008  	MOVFF       R8, __b
0x0100	0x0E02      	MOVLW       2
0x0102	0x1400      	ANDWF       R0, 0 
0x0104	0x6E01      	MOVWF       R1 
0x0106	0xF007C001  	MOVFF       R1, R7
0x010A	0x3207      	RRCF        R7, 1 
0x010C	0x9E07      	BCF         R7, 7 
0x010E	0x5007      	MOVF        R7, 0 
0x0110	0x180D      	XORWF       R13, 0 
0x0112	0x6E00      	MOVWF       R0 
0x0114	0x500B      	MOVF        R11, 0 
0x0116	0x1800      	XORWF       R0, 0 
0x0118	0x6E06      	MOVWF       R6 
0x011A	0xF01EC006  	MOVFF       R6, __e
0x011E	0x5009      	MOVF        R9, 0 
0x0120	0x1810      	XORWF       R16, 0 
0x0122	0x6E00      	MOVWF       R0 
0x0124	0x500F      	MOVF        R15, 0 
0x0126	0x1800      	XORWF       R0, 0 
0x0128	0x6E05      	MOVWF       R5 
0x012A	0xF021C005  	MOVFF       R5, __c
0x012E	0x5007      	MOVF        R7, 0 
0x0130	0x180C      	XORWF       R12, 0 
0x0132	0x6E00      	MOVWF       R0 
0x0134	0x500B      	MOVF        R11, 0 
0x0136	0x1800      	XORWF       R0, 0 
0x0138	0x6E04      	MOVWF       R4 
0x013A	0xF022C004  	MOVFF       R4, __f
0x013E	0x0E06      	MOVLW       6
0x0140	0x6E00      	MOVWF       R0 
0x0142	0xF003C011  	MOVFF       R17, R3
0x0146	0x5000      	MOVF        R0, 0 
L__interrupt30:
0x0148	0xE004      	BZ          L__interrupt31
0x014A	0x3603      	RLCF        R3, 1 
0x014C	0x9003      	BCF         R3, 0 
0x014E	0x0FFF      	ADDLW       255
0x0150	0xD7FB      	BRA         L__interrupt30
L__interrupt31:
0x0152	0x0E05      	MOVLW       5
0x0154	0x6E02      	MOVWF       R2 
0x0156	0xF000C010  	MOVFF       R16, R0
0x015A	0x0E00      	MOVLW       0
0x015C	0x6E01      	MOVWF       R1 
0x015E	0x5002      	MOVF        R2, 0 
L__interrupt32:
0x0160	0xE005      	BZ          L__interrupt33
0x0162	0x3600      	RLCF        R0, 1 
0x0164	0x9000      	BCF         R0, 0 
0x0166	0x3601      	RLCF        R1, 1 
0x0168	0x0FFF      	ADDLW       255
0x016A	0xD7FA      	BRA         L__interrupt32
L__interrupt33:
0x016C	0x5000      	MOVF        R0, 0 
0x016E	0x1203      	IORWF       R3, 1 
0x0170	0x0E04      	MOVLW       4
0x0172	0x6E02      	MOVWF       R2 
0x0174	0xF000C009  	MOVFF       R9, R0
0x0178	0x0E00      	MOVLW       0
0x017A	0x6E01      	MOVWF       R1 
0x017C	0x5002      	MOVF        R2, 0 
L__interrupt34:
0x017E	0xE005      	BZ          L__interrupt35
0x0180	0x3600      	RLCF        R0, 1 
0x0182	0x9000      	BCF         R0, 0 
0x0184	0x3601      	RLCF        R1, 1 
0x0186	0x0FFF      	ADDLW       255
0x0188	0xD7FA      	BRA         L__interrupt34
L__interrupt35:
0x018A	0x5000      	MOVF        R0, 0 
0x018C	0x1203      	IORWF       R3, 1 
0x018E	0x0E03      	MOVLW       3
0x0190	0x6E02      	MOVWF       R2 
0x0192	0xF000C00F  	MOVFF       R15, R0
0x0196	0x0E00      	MOVLW       0
0x0198	0x6E01      	MOVWF       R1 
0x019A	0x5002      	MOVF        R2, 0 
L__interrupt36:
0x019C	0xE005      	BZ          L__interrupt37
0x019E	0x3600      	RLCF        R0, 1 
0x01A0	0x9000      	BCF         R0, 0 
0x01A2	0x3601      	RLCF        R1, 1 
0x01A4	0x0FFF      	ADDLW       255
0x01A6	0xD7FA      	BRA         L__interrupt36
L__interrupt37:
0x01A8	0x5000      	MOVF        R0, 0 
0x01AA	0x1203      	IORWF       R3, 1 
0x01AC	0xF000C00E  	MOVFF       R14, R0
0x01B0	0x0E00      	MOVLW       0
0x01B2	0x6E01      	MOVWF       R1 
0x01B4	0x3600      	RLCF        R0, 1 
0x01B6	0x9000      	BCF         R0, 0 
0x01B8	0x3601      	RLCF        R1, 1 
0x01BA	0x3600      	RLCF        R0, 1 
0x01BC	0x9000      	BCF         R0, 0 
0x01BE	0x3601      	RLCF        R1, 1 
0x01C0	0x5000      	MOVF        R0, 0 
0x01C2	0x1203      	IORWF       R3, 1 
0x01C4	0xF000C008  	MOVFF       R8, R0
0x01C8	0x0E00      	MOVLW       0
0x01CA	0x6E01      	MOVWF       R1 
0x01CC	0x3600      	RLCF        R0, 1 
0x01CE	0x9000      	BCF         R0, 0 
0x01D0	0x3601      	RLCF        R1, 1 
0x01D2	0x5000      	MOVF        R0, 0 
0x01D4	0x1003      	IORWF       R3, 0 
0x01D6	0x6E02      	MOVWF       R2 
0x01D8	0xF000C005  	MOVFF       R5, R0
0x01DC	0x0E00      	MOVLW       0
0x01DE	0x6E01      	MOVWF       R1 
0x01E0	0x5000      	MOVF        R0, 0 
0x01E2	0x1002      	IORWF       R2, 0 
0x01E4	0x6E03      	MOVWF       R3 
0x01E6	0xF023C003  	MOVFF       R3, _A_
0x01EA	0x0E06      	MOVLW       6
0x01EC	0x6E00      	MOVWF       R0 
0x01EE	0xF020C00D  	MOVFF       R13, _B_
0x01F2	0x5000      	MOVF        R0, 0 
L__interrupt38:
0x01F4	0xE004      	BZ          L__interrupt39
0x01F6	0x3620      	RLCF        _B_, 1 
0x01F8	0x9020      	BCF         _B_, 0 
0x01FA	0x0FFF      	ADDLW       255
0x01FC	0xD7FB      	BRA         L__interrupt38
L__interrupt39:
0x01FE	0x0E05      	MOVLW       5
0x0200	0x6E02      	MOVWF       R2 
0x0202	0xF000C00C  	MOVFF       R12, R0
0x0206	0x0E00      	MOVLW       0
0x0208	0x6E01      	MOVWF       R1 
0x020A	0x5002      	MOVF        R2, 0 
L__interrupt40:
0x020C	0xE005      	BZ          L__interrupt41
0x020E	0x3600      	RLCF        R0, 1 
0x0210	0x9000      	BCF         R0, 0 
0x0212	0x3601      	RLCF        R1, 1 
0x0214	0x0FFF      	ADDLW       255
0x0216	0xD7FA      	BRA         L__interrupt40
L__interrupt41:
0x0218	0x5000      	MOVF        R0, 0 
0x021A	0x1220      	IORWF       _B_, 1 
0x021C	0x0E04      	MOVLW       4
0x021E	0x6E02      	MOVWF       R2 
0x0220	0xF000C007  	MOVFF       R7, R0
0x0224	0x0E00      	MOVLW       0
0x0226	0x6E01      	MOVWF       R1 
0x0228	0x5002      	MOVF        R2, 0 
L__interrupt42:
0x022A	0xE005      	BZ          L__interrupt43
0x022C	0x3600      	RLCF        R0, 1 
0x022E	0x9000      	BCF         R0, 0 
0x0230	0x3601      	RLCF        R1, 1 
0x0232	0x0FFF      	ADDLW       255
0x0234	0xD7FA      	BRA         L__interrupt42
L__interrupt43:
0x0236	0x5000      	MOVF        R0, 0 
0x0238	0x1220      	IORWF       _B_, 1 
0x023A	0x0E03      	MOVLW       3
0x023C	0x6E02      	MOVWF       R2 
0x023E	0xF000C00B  	MOVFF       R11, R0
0x0242	0x0E00      	MOVLW       0
0x0244	0x6E01      	MOVWF       R1 
0x0246	0x5002      	MOVF        R2, 0 
L__interrupt44:
0x0248	0xE005      	BZ          L__interrupt45
0x024A	0x3600      	RLCF        R0, 1 
0x024C	0x9000      	BCF         R0, 0 
0x024E	0x3601      	RLCF        R1, 1 
0x0250	0x0FFF      	ADDLW       255
0x0252	0xD7FA      	BRA         L__interrupt44
L__interrupt45:
0x0254	0x5000      	MOVF        R0, 0 
0x0256	0x1220      	IORWF       _B_, 1 
0x0258	0xF000C00A  	MOVFF       R10, R0
0x025C	0x0E00      	MOVLW       0
0x025E	0x6E01      	MOVWF       R1 
0x0260	0x3600      	RLCF        R0, 1 
0x0262	0x9000      	BCF         R0, 0 
0x0264	0x3601      	RLCF        R1, 1 
0x0266	0x3600      	RLCF        R0, 1 
0x0268	0x9000      	BCF         R0, 0 
0x026A	0x3601      	RLCF        R1, 1 
0x026C	0x5000      	MOVF        R0, 0 
0x026E	0x1220      	IORWF       _B_, 1 
0x0270	0xF000C006  	MOVFF       R6, R0
0x0274	0x0E00      	MOVLW       0
0x0276	0x6E01      	MOVWF       R1 
0x0278	0x3600      	RLCF        R0, 1 
0x027A	0x9000      	BCF         R0, 0 
0x027C	0x3601      	RLCF        R1, 1 
0x027E	0x5000      	MOVF        R0, 0 
0x0280	0x1220      	IORWF       _B_, 1 
0x0282	0xF000C004  	MOVFF       R4, R0
0x0286	0x0E00      	MOVLW       0
0x0288	0x6E01      	MOVWF       R1 
0x028A	0x5000      	MOVF        R0, 0 
0x028C	0x1220      	IORWF       _B_, 1 
0x028E	0xF024C003  	MOVFF       R3, FARG_Serial_Send_val
0x0292	0xD828      	RCALL       _Serial_Send
L_interrupt7:
0x0294	0xB283      	BTFSC       RD1_bit, BitPos(RD1_bit+0) 
0x0296	0xD001      	BRA         L_interrupt8
0x0298	0xD7FD      	BRA         L_interrupt7
L_interrupt8:
0x029A	0xF024C020  	MOVFF       _B_, FARG_Serial_Send_val
0x029E	0xD822      	RCALL       _Serial_Send
L_interrupt9:
0x02A0	0xB483      	BTFSC       RD2_bit, BitPos(RD2_bit+0) 
0x02A2	0xD001      	BRA         L_interrupt10
0x02A4	0xD7FD      	BRA         L_interrupt9
L_interrupt10:
L_interrupt6:
0x02A6	0xD00C      	BRA         L_interrupt11
L_interrupt5:
0x02A8	0xA2F2      	BTFSS       INT0IF_bit, BitPos(INT0IF_bit+0) 
0x02AA	0xD00A      	BRA         L_interrupt12
0x02AC	0x92F2      	BCF         INT0IF_bit, BitPos(INT0IF_bit+0) 
0x02AE	0xB283      	BTFSC       RD1_bit, BitPos(RD1_bit+0) 
0x02B0	0xD004      	BRA         L_interrupt13
0x02B2	0xF024C023  	MOVFF       _A_, FARG_Serial_Send_val
0x02B6	0xD816      	RCALL       _Serial_Send
0x02B8	0xD003      	BRA         L_interrupt14
L_interrupt13:
0x02BA	0xF024C020  	MOVFF       _B_, FARG_Serial_Send_val
0x02BE	0xD812      	RCALL       _Serial_Send
L_interrupt14:
L_interrupt12:
L_interrupt11:
L_end_interrupt:
L__interrupt23:
0x02C0	0xF000C018  	MOVFF       24, R0
0x02C4	0xF001C017  	MOVFF       23, R1
0x02C8	0xF00CC016  	MOVFF       22, R12
0x02CC	0xF00DC015  	MOVFF       21, R13
0x02D0	0x0011      	RETFIE      1
; end of _interrupt
_Delay_22us:
0x02D2	0x0E07      	MOVLW       7
0x02D4	0x6E0D      	MOVWF       R13, 0
L_Delay_22us1:
0x02D6	0x2E0D      	DECFSZ      R13, 1, 0
0x02D8	0xD7FE      	BRA         L_Delay_22us1
L_end_Delay_22us:
0x02DA	0x0012      	RETURN      0
; end of _Delay_22us
_Serial_Wait:
L_Serial_Wait3:
0x02DC	0xB2AC      	BTFSC       TRMT_bit, BitPos(TRMT_bit+0) 
0x02DE	0xD001      	BRA         L_Serial_Wait4
0x02E0	0xD7FD      	BRA         L_Serial_Wait3
L_Serial_Wait4:
L_end_Serial_Wait:
0x02E2	0x0012      	RETURN      0
; end of _Serial_Wait
_Serial_Send:
0x02E4	0xFFADC024  	MOVFF       FARG_Serial_Send_val, TXREG
0x02E8	0xDFF9      	RCALL       _Serial_Wait
L_end_Serial_Send:
0x02EA	0x0012      	RETURN      0
; end of _Serial_Send
___CC2DW:
_CC2DL_Loop1:
0x02EC	0x0009      	TBLRD*+
0x02EE	0xFFE6CFF5  	MOVFF       TABLAT, POSTINC1
0x02F2	0x0600      	DECF        R0, 1, 0
0x02F4	0xE1FB      	BNZ         _CC2DL_Loop1
0x02F6	0x0601      	DECF        R1, 1, 0
0x02F8	0xE1F9      	BNZ         _CC2DL_Loop1
L_end___CC2DW:
0x02FA	0x0012      	RETURN      0
; end of ___CC2DW
_ADC_Read:
0x02FC	0x6AC2      	CLRF        ADCON0 
0x02FE	0x1C1F      	COMF        _vref_mask, 0 
0x0300	0x6E00      	MOVWF       R0 
0x0302	0x5000      	MOVF        R0, 0 
0x0304	0x16C1      	ANDWF       ADCON1, 1 
0x0306	0x0E07      	MOVLW       7
0x0308	0x12C0      	IORWF       ADCON2, 1 
0x030A	0x8EC0      	BSF         ADCON2, 7 
0x030C	0xF000C024  	MOVFF       FARG_ADC_Read_channel, R0
0x0310	0x3600      	RLCF        R0, 1 
0x0312	0x9000      	BCF         R0, 0 
0x0314	0x3600      	RLCF        R0, 1 
0x0316	0x9000      	BCF         R0, 0 
0x0318	0x5000      	MOVF        R0, 0 
0x031A	0x12C2      	IORWF       ADCON0, 1 
0x031C	0x80C2      	BSF         ADCON0, 0 
0x031E	0xDFD9      	RCALL       _Delay_22us
0x0320	0x82C2      	BSF         ADCON0, 1 
L_ADC_Read2:
0x0322	0xA2C2      	BTFSS       ADCON0, 1 
0x0324	0xD001      	BRA         L_ADC_Read3
0x0326	0xD7FD      	BRA         L_ADC_Read2
L_ADC_Read3:
0x0328	0xF001CFC4  	MOVFF       ADRESH, R1
0x032C	0x6A00      	CLRF        R0 
0x032E	0x50C3      	MOVF        ADRESL, 0 
0x0330	0x1200      	IORWF       R0, 1 
0x0332	0x0E00      	MOVLW       0
0x0334	0x1201      	IORWF       R1, 1 
0x0336	0x90C2      	BCF         ADCON0, 0 
L_end_ADC_Read:
0x0338	0x0012      	RETURN      0
; end of _ADC_Read
_main:
0x033A	0xF001ECD2  	CALL        932, 0
0x033E	0x0E24      	MOVLW       36
0x0340	0x6EAC      	MOVWF       TXSTA 
0x0342	0x0E80      	MOVLW       128
0x0344	0x6EAB      	MOVWF       RCSTA 
0x0346	0x0E19      	MOVLW       25
0x0348	0x6EAF      	MOVWF       SPBRG 
0x034A	0x6AB8      	CLRF        BAUDCON 
0x034C	0x0EF0      	MOVLW       240
0x034E	0x6EF2      	MOVWF       INTCON 
0x0350	0x0EC4      	MOVLW       196
0x0352	0x6EF1      	MOVWF       INTCON2 
0x0354	0x0EC7      	MOVLW       199
0x0356	0x6ED5      	MOVWF       T0CON 
0x0358	0x0E01      	MOVLW       1
0x035A	0x6E93      	MOVWF       TRISB 
0x035C	0x0EC0      	MOVLW       192
0x035E	0x6E94      	MOVWF       TRISC 
0x0360	0x0EFF      	MOVLW       255
0x0362	0x6E92      	MOVWF       TRISA 
0x0364	0x0E06      	MOVLW       6
0x0366	0x6E95      	MOVWF       TRISD 
0x0368	0x6A80      	CLRF        PORTA 
0x036A	0x6A81      	CLRF        PORTB 
0x036C	0x6A82      	CLRF        PORTC 
0x036E	0x6A83      	CLRF        PORTD 
0x0370	0x0E01      	MOVLW       1
0x0372	0x6EC2      	MOVWF       ADCON0 
0x0374	0x0E0E      	MOVLW       14
0x0376	0x6EC1      	MOVWF       ADCON1 
0x0378	0x0E82      	MOVLW       130
0x037A	0x6E0C      	MOVWF       R12, 0
0x037C	0x0EDD      	MOVLW       221
0x037E	0x6E0D      	MOVWF       R13, 0
L_main15:
0x0380	0x2E0D      	DECFSZ      R13, 1, 0
0x0382	0xD7FE      	BRA         L_main15
0x0384	0x2E0C      	DECFSZ      R12, 1, 0
0x0386	0xD7FC      	BRA         L_main15
0x0388	0x0000      	NOP
0x038A	0x0000      	NOP
0x038C	0x0E98      	MOVLW       152
0x038E	0x6E1B      	MOVWF       _Counter 
0x0390	0x0EFF      	MOVLW       255
0x0392	0x6ED6      	MOVWF       TMR0L 
L_main16:
0x0394	0xD7FF      	BRA         L_main16
L_end_main:
0x0396	0xD7FF      	BRA         $+0
; end of _main
0x03A4	0xF019EE10  	LFSR        1, 25
0x03A8	0x0E0B      	MOVLW       11
0x03AA	0x6E00      	MOVWF       R0 
0x03AC	0x0E01      	MOVLW       1
0x03AE	0x6E01      	MOVWF       R1 
0x03B0	0x0E98      	MOVLW       152
0x03B2	0x6EF6      	MOVWF       4086 
0x03B4	0x0E03      	MOVLW       3
0x03B6	0x6EF7      	MOVWF       TBLPTRH 
0x03B8	0x0E00      	MOVLW       0
0x03BA	0x6EF8      	MOVWF       TBLPTRU 
0x03BC	0xF001EC76  	CALL        748, 0
0x03C0	0x0012      	RETURN      0
;E1_Sensor_Serial.c,0 :: ?ICS__d
0x0398	0x00 ;?ICS__d+0
; end of ?ICS__d
;E1_Sensor_Serial.c,0 :: ?ICS__b
0x0399	0x00 ;?ICS__b+0
; end of ?ICS__b
;E1_Sensor_Serial.c,0 :: ?ICS_Counter
0x039A	0x00 ;?ICS_Counter+0
; end of ?ICS_Counter
;E1_Sensor_Serial.c,0 :: ?ICS_LM35_Value
0x039B	0x00 ;?ICS_LM35_Value+0
; end of ?ICS_LM35_Value
;E1_Sensor_Serial.c,0 :: ?ICS__a
0x039C	0x00 ;?ICS__a+0
; end of ?ICS__a
;E1_Sensor_Serial.c,0 :: ?ICS__e
0x039D	0x00 ;?ICS__e+0
; end of ?ICS__e
;__Lib_ADC_A_D.c,0 :: ?ICS_vref_mask
0x039E	0x30 ;?ICS_vref_mask+0
; end of ?ICS_vref_mask
;E1_Sensor_Serial.c,0 :: ?ICS_B_
0x039F	0x00 ;?ICS_B_+0
; end of ?ICS_B_
;E1_Sensor_Serial.c,0 :: ?ICS__c
0x03A0	0x00 ;?ICS__c+0
; end of ?ICS__c
;E1_Sensor_Serial.c,0 :: ?ICS__f
0x03A1	0x00 ;?ICS__f+0
; end of ?ICS__f
;E1_Sensor_Serial.c,0 :: ?ICS_A_
0x03A2	0x00 ;?ICS_A_+0
; end of ?ICS_A_
Symbol List:
//** Routines locations **
//ADDRESS    SIZE    PROCEDURE
//----------------------------------------------
0x0008     [714]    _interrupt
0x02D2      [10]    _Delay_22us
0x02DC       [8]    _Serial_Wait
0x02E4       [8]    _Serial_Send
0x02EC      [16]    ___CC2DW
0x02FC      [62]    _ADC_Read
0x033A      [94]    _main
//** Variables locations ** 
//ADDRESS    SIZE    VARIABLE
//----------------------------------------------
0x0000       [1]    FLASH_Erase_64_SaveINTCON_L0
0x0000       [1]    SPI1_Write_tmp_L0
0x0000       [1]    __Lib_SoftI2C_PutZerosToLATSda_temp_sda_L0
0x0000       [1]    UART1_Init_tmp_L0
0x0000       [1]    EEPROM_Write_SaveINTCON_L0
0x0000       [1]    R0
0x0000       [1]    __Lib_SoftI2C_PutZerosToLATScl_temp_scl_L0
0x0001       [1]    UART1_Read___tmp_UART1_Read_L0
0x0001       [1]    FLASH_Erase_Write_64_i_L0
0x0001       [2]    FLASH_Read_N_Bytes_i_L0
0x0001       [1]    __Lib_TFT_JPEG_FileReadBytes_Result_L0
0x0001       [1]    __Lib_TFT_16bit_JPEG_FileRead_i_L0
0x0001       [1]    __Lib_PS2_Wait_Falling_nsample_L0
0x0001       [1]    __Lib_TFT_JPEG_FileRead_i_L0
0x0001       [1]    FLASH_Write_32_i_L0
0x0001       [1]    R1
0x0001       [1]    __Lib_TFT_16bit_JPEG_FileReadBytes_Result_L0
0x0001       [1]    ispunct_rslt_L0
0x0002       [1]    FLASH_Write_32_SaveINTCON_L0
0x0002       [2]    memchr_s_L0
0x0002       [1]    FLASH_Erase_Write_64_j_L0
0x0002       [2]    __Lib_FT800_alt_memcpy_dd_L0
0x0002       [2]    __Lib_FT800_alt_strlen_cp_L0
0x0002       [2]    __Lib_FT810_alt_memset_pp_L0
0x0002       [2]    __Lib_FT812_alt_strlen_cp_L0
0x0002       [1]    R2
0x0002       [2]    __Lib_FT800_alt_memset_pp_L0
0x0002       [2]    __Lib_FT810_alt_strlen_cp_L0
0x0002       [2]    memcpy_dd_L0
0x0002       [2]    __Lib_FT812_alt_memcpy_dd_L0
0x0002       [2]    __Lib_TFT_Defs_Read_From_Port_dataPort_L0
0x0002       [2]    strlen_cp_L0
0x0002       [2]    memset_pp_L0
0x0002       [2]    __Lib_FT812_alt_memset_pp_L0
0x0002       [2]    __Lib_FT810_alt_memcpy_dd_L0
0x0003       [4]    FT810_Canvas_SurrRect_minX_L0
0x0003       [1]    MM_Init_i_L0
0x0003       [2]    Ltrim_original_L0
0x0003       [1]    FLASH_Erase_Write_64_SaveINTCON_L0
0x0003       [4]    FT800_Canvas_SurrRect_minX_L0
0x0003       [1]    R3
0x0003       [2]    MM_TotalFreeMemSize_Tot_L0
0x0003       [2]    __Lib_MmcFat16_f16_toInt_l_L0
0x0003       [1]    __Lib_Sprinti_?FLOC____Lib_Sprinti_Do_FillT29
0x0003       [2]    memmove_tt_L0
0x0003       [4]    FT812_Canvas_SurrRect_minX_L0
0x0004       [2]    strcat_cp_L0
0x0004       [3]    __Lib_FT800_alt_strlen_const_cp_L0
0x0004       [1]    R4
0x0004       [2]    strcpy_cp_L0
0x0004       [2]    __Lib_FT812_alt_memcpy_ss_L0
0x0004       [2]    __Lib_FT810_alt_memcpy_ss_L0
0x0004       [1]    __Lib_Sprinti_?FLOC____Lib_Sprinti_Do_FillT40
0x0004       [2]    strncpy_cp_L0
0x0004       [3]    __Lib_FT812_alt_strlen_const_cp_L0
0x0004       [2]    frexp_pom_L0
0x0004       [2]    __Lib_MemManager_MM_GetMemAlign_P_L0
0x0004       [2]    strncat_cp_L0
0x0004       [2]    __Lib_FT800_alt_memcpy_ss_L0
0x0004       [3]    __Lib_FT810_alt_strlen_const_cp_L0
0x0004       [2]    memcpy_ss_L0
0x0005       [2]    memmove_ff_L0
0x0005       [1]    __Lib_Sprinti_?FLOC____Lib_Sprinti_Do_FillT54
0x0005       [1]    MM_TotalFreeMemSize_i_L0
0x0005       [2]    __Lib_TFT_16bit_Defs_Read_From_Port_dataPort_Lo_L0
0x0005       [2]    LongWordToHex_input_half_L0
0x0005       [2]    LongIntToHex_input_half_L0
0x0005       [2]    Ltrim_p_L0
0x0005       [1]    R5
0x0006       [1]    __Lib_MemManager_MM_GetMemAlign_i_L0
0x0006       [1]    R6
0x0006       [1]    __Lib_Sprinti_?FLOC____Lib_Sprinti_Do_FillT69
0x0007       [2]    __Lib_TFT_16bit_Defs_Read_From_Port_dataPort_Hi_L0
0x0007       [4]    FT810_Canvas_SurrRect_minY_L0
0x0007       [4]    FT800_Canvas_SurrRect_minY_L0
0x0007       [1]    __Lib_TFT_JPEG_GenerateHuffmanTables_bLength_L0
0x0007       [1]    __Lib_TFT_16bit_JPEG_GenerateHuffmanTables_bLength_L0
0x0007       [4]    FT812_Canvas_SurrRect_minY_L0
0x0007       [1]    R7
0x0008       [1]    __Lib_TFT_JPEG_GenerateHuffmanTables_bTable_L0
0x0008       [1]    R8
0x0008       [1]    __Lib_TFT_16bit_JPEG_GenerateHuffmanTables_bTable_L0
0x0009       [4]    __Lib_MmcFat16_f16_toLong_l_L0
0x0009       [1]    R9
0x000A       [1]    R10
0x000B       [4]    FT810_Canvas_SurrRect_maxX_L0
0x000B       [4]    FT812_Canvas_SurrRect_maxX_L0
0x000B       [4]    FT800_Canvas_SurrRect_maxX_L0
0x000B       [1]    R11
0x000C       [1]    R12
0x000D       [1]    R13
0x000E       [1]    R14
0x000F       [4]    FT810_Canvas_SurrRect_maxY_L0
0x000F       [1]    R15
0x000F       [4]    FT800_Canvas_SurrRect_maxY_L0
0x000F       [4]    FT812_Canvas_SurrRect_maxY_L0
0x0010       [1]    R16
0x0011       [1]    R17
0x0012       [1]    R18
0x0013       [1]    R19
0x0014       [1]    R20
0x0019       [1]    __d
0x001A       [1]    __b
0x001B       [1]    _Counter
0x001C       [1]    _LM35_Value
0x001D       [1]    __a
0x001E       [1]    __e
0x001F       [1]    _vref_mask
0x0020       [1]    _B_
0x0021       [1]    __c
0x0022       [1]    __f
0x0023       [1]    _A_
0x0024       [1]    FARG_ADC_Read_channel
0x0024       [1]    FARG_Serial_Send_val
0x0F80       [1]    PORTA
0x0F81       [1]    PORTB
0x0F82       [1]    PORTC
0x0F83       [1]    PORTD
0x0F83       [0]    RD2_bit
0x0F83       [0]    RD1_bit
0x0F83       [0]    RD0_bit
0x0F83       [0]    TIMER_RESET
0x0F83       [0]    E2_BLOC_A
0x0F83       [0]    E2_BLOC_B
0x0F92       [1]    TRISA
0x0F93       [1]    TRISB
0x0F94       [1]    TRISC
0x0F95       [1]    TRISD
0x0FAB       [1]    RCSTA
0x0FAC       [0]    TRMT_bit
0x0FAC       [1]    TXSTA
0x0FAC       [0]    SERIAL_SENDED
0x0FAD       [1]    TXREG
0x0FAF       [1]    SPBRG
0x0FB8       [1]    BAUDCON
0x0FC0       [1]    ADCON2
0x0FC1       [1]    ADCON1
0x0FC2       [1]    ADCON0
0x0FC3       [1]    ADRESL
0x0FC4       [1]    ADRESH
0x0FD5       [1]    T0CON
0x0FD6       [1]    TMR0L
0x0FD8       [1]    STATUS
0x0FD9       [1]    FSR2L
0x0FDA       [1]    FSR2H
0x0FDE       [1]    POSTINC2
0x0FE0       [1]    BSR
0x0FE1       [1]    FSR1L
0x0FE2       [1]    FSR1H
0x0FE4       [1]    PREINC1
0x0FE6       [1]    POSTINC1
0x0FE7       [1]    INDF1
0x0FE8       [1]    WREG
0x0FE9       [1]    FSR0L
0x0FEA       [1]    FSR0H
0x0FEE       [1]    POSTINC0
0x0FF1       [1]    INTCON2
0x0FF2       [0]    TMR0_OVERFLOW
0x0FF2       [0]    EXTERN_INT0
0x0FF2       [1]    INTCON
0x0FF2       [0]    INT0IF_bit
0x0FF2       [0]    TMR0IF_bit
0x0FF3       [1]    PRODL
0x0FF4       [1]    PRODH
0x0FF5       [1]    TABLAT
0x0FF6       [1]    TBLPTRL
0x0FF7       [1]    TBLPTRH
0x0FF8       [1]    TBLPTRU
//** Constants locations ** 
//ADDRESS    SIZE    CONSTANT
//----------------------------------------------
0x0398       [1]    ?ICS__d
0x0399       [1]    ?ICS__b
0x039A       [1]    ?ICS_Counter
0x039B       [1]    ?ICS_LM35_Value
0x039C       [1]    ?ICS__a
0x039D       [1]    ?ICS__e
0x039E       [1]    ?ICS_vref_mask
0x039F       [1]    ?ICS_B_
0x03A0       [1]    ?ICS__c
0x03A1       [1]    ?ICS__f
0x03A2       [1]    ?ICS_A_
